[35m[1mScanning dependencies of target gtest_main[0m
[35m[1mScanning dependencies of target gtest[0m
[35m[1mScanning dependencies of target robot_localization__cpp[0m
[  1%] [34m[1mGenerating C code for ROS interfaces[0m
[  1%] [34m[1mGenerating C++ code for ROS interfaces[0m
[  2%] [32mBuilding CXX object gtest/CMakeFiles/gtest_main.dir/src/gtest_main.cc.o[0m
[  3%] [32mBuilding CXX object gtest/CMakeFiles/gtest.dir/src/gtest-all.cc.o[0m
[  3%] Built target robot_localization__cpp
[  4%] [34m[1mGenerating C++ type support dispatch for ROS interfaces[0m
[  5%] [34m[1mGenerating C++ type support for eProsima Fast-RTPS[0m
[  6%] [34m[1mGenerating C++ introspection for ROS interfaces[0m
[35m[1mScanning dependencies of target robot_localization__rosidl_generator_c[0m
[  6%] [32mBuilding C object CMakeFiles/robot_localization__rosidl_generator_c.dir/rosidl_generator_c/robot_localization/srv/detail/from_ll__functions.c.o[0m
[  7%] [32mBuilding C object CMakeFiles/robot_localization__rosidl_generator_c.dir/rosidl_generator_c/robot_localization/srv/detail/get_state__functions.c.o[0m
[  8%] [32m[1mLinking CXX static library libgtest_main.a[0m
[  9%] [32mBuilding C object CMakeFiles/robot_localization__rosidl_generator_c.dir/rosidl_generator_c/robot_localization/srv/detail/set_datum__functions.c.o[0m
[  9%] Built target gtest_main
[ 10%] [32mBuilding C object CMakeFiles/robot_localization__rosidl_generator_c.dir/rosidl_generator_c/robot_localization/srv/detail/set_pose__functions.c.o[0m
[ 11%] [32mBuilding C object CMakeFiles/robot_localization__rosidl_generator_c.dir/rosidl_generator_c/robot_localization/srv/detail/toggle_filter_processing__functions.c.o[0m
[ 12%] [32mBuilding C object CMakeFiles/robot_localization__rosidl_generator_c.dir/rosidl_generator_c/robot_localization/srv/detail/to_ll__functions.c.o[0m
[ 13%] [32m[1mLinking C shared library librobot_localization__rosidl_generator_c.so[0m
[35m[1mScanning dependencies of target robot_localization__rosidl_typesupport_cpp[0m
[ 14%] [32mBuilding CXX object CMakeFiles/robot_localization__rosidl_typesupport_cpp.dir/rosidl_typesupport_cpp/robot_localization/srv/get_state__type_support.cpp.o[0m
[ 15%] [32mBuilding CXX object CMakeFiles/robot_localization__rosidl_typesupport_cpp.dir/rosidl_typesupport_cpp/robot_localization/srv/from_ll__type_support.cpp.o[0m
[ 15%] Built target robot_localization__rosidl_generator_c
[ 15%] [32mBuilding CXX object CMakeFiles/robot_localization__rosidl_typesupport_cpp.dir/rosidl_typesupport_cpp/robot_localization/srv/set_datum__type_support.cpp.o[0m
[35m[1mScanning dependencies of target robot_localization__rosidl_typesupport_introspection_cpp[0m
[ 16%] [32mBuilding CXX object CMakeFiles/robot_localization__rosidl_typesupport_introspection_cpp.dir/rosidl_typesupport_introspection_cpp/robot_localization/srv/detail/from_ll__type_support.cpp.o[0m
[35m[1mScanning dependencies of target robot_localization__rosidl_typesupport_fastrtps_cpp[0m
[ 17%] [32mBuilding CXX object CMakeFiles/robot_localization__rosidl_typesupport_fastrtps_cpp.dir/rosidl_typesupport_fastrtps_cpp/robot_localization/srv/detail/dds_fastrtps/from_ll__type_support.cpp.o[0m
[ 18%] [32mBuilding CXX object CMakeFiles/robot_localization__rosidl_typesupport_cpp.dir/rosidl_typesupport_cpp/robot_localization/srv/set_pose__type_support.cpp.o[0m
[ 19%] [32mBuilding CXX object CMakeFiles/robot_localization__rosidl_typesupport_fastrtps_cpp.dir/rosidl_typesupport_fastrtps_cpp/robot_localization/srv/detail/dds_fastrtps/get_state__type_support.cpp.o[0m
[ 20%] [32mBuilding CXX object CMakeFiles/robot_localization__rosidl_typesupport_cpp.dir/rosidl_typesupport_cpp/robot_localization/srv/toggle_filter_processing__type_support.cpp.o[0m
[ 21%] [32mBuilding CXX object CMakeFiles/robot_localization__rosidl_typesupport_introspection_cpp.dir/rosidl_typesupport_introspection_cpp/robot_localization/srv/detail/get_state__type_support.cpp.o[0m
[ 22%] [32mBuilding CXX object CMakeFiles/robot_localization__rosidl_typesupport_cpp.dir/rosidl_typesupport_cpp/robot_localization/srv/to_ll__type_support.cpp.o[0m
[ 23%] [32mBuilding CXX object CMakeFiles/robot_localization__rosidl_typesupport_fastrtps_cpp.dir/rosidl_typesupport_fastrtps_cpp/robot_localization/srv/detail/dds_fastrtps/set_datum__type_support.cpp.o[0m
[ 24%] [32mBuilding CXX object CMakeFiles/robot_localization__rosidl_typesupport_fastrtps_cpp.dir/rosidl_typesupport_fastrtps_cpp/robot_localization/srv/detail/dds_fastrtps/set_pose__type_support.cpp.o[0m
[ 25%] [32mBuilding CXX object CMakeFiles/robot_localization__rosidl_typesupport_introspection_cpp.dir/rosidl_typesupport_introspection_cpp/robot_localization/srv/detail/set_datum__type_support.cpp.o[0m
[ 26%] [32m[1mLinking CXX shared library librobot_localization__rosidl_typesupport_cpp.so[0m
[ 26%] Built target robot_localization__rosidl_typesupport_cpp
[ 27%] [34m[1mGenerating C type support dispatch for ROS interfaces[0m
[ 27%] [32mBuilding CXX object CMakeFiles/robot_localization__rosidl_typesupport_fastrtps_cpp.dir/rosidl_typesupport_fastrtps_cpp/robot_localization/srv/detail/dds_fastrtps/toggle_filter_processing__type_support.cpp.o[0m
[ 28%] [32mBuilding CXX object CMakeFiles/robot_localization__rosidl_typesupport_fastrtps_cpp.dir/rosidl_typesupport_fastrtps_cpp/robot_localization/srv/detail/dds_fastrtps/to_ll__type_support.cpp.o[0m
[ 29%] [32mBuilding CXX object CMakeFiles/robot_localization__rosidl_typesupport_introspection_cpp.dir/rosidl_typesupport_introspection_cpp/robot_localization/srv/detail/set_pose__type_support.cpp.o[0m
[ 30%] [32mBuilding CXX object CMakeFiles/robot_localization__rosidl_typesupport_introspection_cpp.dir/rosidl_typesupport_introspection_cpp/robot_localization/srv/detail/toggle_filter_processing__type_support.cpp.o[0m
[35m[1mScanning dependencies of target robot_localization__rosidl_typesupport_c[0m
[ 31%] [32mBuilding CXX object CMakeFiles/robot_localization__rosidl_typesupport_c.dir/rosidl_typesupport_c/robot_localization/srv/from_ll__type_support.cpp.o[0m
[ 32%] [32mBuilding CXX object CMakeFiles/robot_localization__rosidl_typesupport_c.dir/rosidl_typesupport_c/robot_localization/srv/get_state__type_support.cpp.o[0m
[ 33%] [32mBuilding CXX object CMakeFiles/robot_localization__rosidl_typesupport_introspection_cpp.dir/rosidl_typesupport_introspection_cpp/robot_localization/srv/detail/to_ll__type_support.cpp.o[0m
[ 33%] [32mBuilding CXX object CMakeFiles/robot_localization__rosidl_typesupport_c.dir/rosidl_typesupport_c/robot_localization/srv/set_datum__type_support.cpp.o[0m
[ 34%] [32m[1mLinking CXX shared library librobot_localization__rosidl_typesupport_fastrtps_cpp.so[0m
[ 35%] [32mBuilding CXX object CMakeFiles/robot_localization__rosidl_typesupport_c.dir/rosidl_typesupport_c/robot_localization/srv/set_pose__type_support.cpp.o[0m
[ 36%] [32mBuilding CXX object CMakeFiles/robot_localization__rosidl_typesupport_c.dir/rosidl_typesupport_c/robot_localization/srv/toggle_filter_processing__type_support.cpp.o[0m
[ 37%] [32mBuilding CXX object CMakeFiles/robot_localization__rosidl_typesupport_c.dir/rosidl_typesupport_c/robot_localization/srv/to_ll__type_support.cpp.o[0m
[ 38%] [34m[1mGenerating C introspection for ROS interfaces[0m
[ 39%] [32m[1mLinking CXX shared library librobot_localization__rosidl_typesupport_c.so[0m
[ 39%] Built target robot_localization__rosidl_typesupport_fastrtps_cpp
[ 40%] [34m[1mGenerating C type support for eProsima Fast-RTPS[0m
[ 40%] Built target robot_localization__rosidl_typesupport_c
[ 40%] [32m[1mLinking CXX shared library librobot_localization__rosidl_typesupport_introspection_cpp.so[0m
[ 40%] Built target robot_localization__rosidl_typesupport_introspection_cpp
[35m[1mScanning dependencies of target robot_localization__rosidl_typesupport_introspection_c[0m
[ 41%] [32mBuilding C object CMakeFiles/robot_localization__rosidl_typesupport_introspection_c.dir/rosidl_typesupport_introspection_c/robot_localization/srv/detail/set_pose__type_support.c.o[0m
[ 42%] [32mBuilding C object CMakeFiles/robot_localization__rosidl_typesupport_introspection_c.dir/rosidl_typesupport_introspection_c/robot_localization/srv/detail/set_datum__type_support.c.o[0m
[ 43%] [32mBuilding C object CMakeFiles/robot_localization__rosidl_typesupport_introspection_c.dir/rosidl_typesupport_introspection_c/robot_localization/srv/detail/get_state__type_support.c.o[0m
[ 44%] [32mBuilding C object CMakeFiles/robot_localization__rosidl_typesupport_introspection_c.dir/rosidl_typesupport_introspection_c/robot_localization/srv/detail/from_ll__type_support.c.o[0m
[ 45%] [32mBuilding C object CMakeFiles/robot_localization__rosidl_typesupport_introspection_c.dir/rosidl_typesupport_introspection_c/robot_localization/srv/detail/toggle_filter_processing__type_support.c.o[0m
[ 46%] [32mBuilding C object CMakeFiles/robot_localization__rosidl_typesupport_introspection_c.dir/rosidl_typesupport_introspection_c/robot_localization/srv/detail/to_ll__type_support.c.o[0m
[35m[1mScanning dependencies of target robot_localization__rosidl_typesupport_fastrtps_c[0m
[ 46%] [32m[1mLinking C shared library librobot_localization__rosidl_typesupport_introspection_c.so[0m
[ 47%] [32mBuilding CXX object CMakeFiles/robot_localization__rosidl_typesupport_fastrtps_c.dir/rosidl_typesupport_fastrtps_c/robot_localization/srv/detail/from_ll__type_support_c.cpp.o[0m
[ 49%] [32mBuilding CXX object CMakeFiles/robot_localization__rosidl_typesupport_fastrtps_c.dir/rosidl_typesupport_fastrtps_c/robot_localization/srv/detail/set_pose__type_support_c.cpp.o[0m
[ 49%] [32mBuilding CXX object CMakeFiles/robot_localization__rosidl_typesupport_fastrtps_c.dir/rosidl_typesupport_fastrtps_c/robot_localization/srv/detail/set_datum__type_support_c.cpp.o[0m
[ 50%] [32mBuilding CXX object CMakeFiles/robot_localization__rosidl_typesupport_fastrtps_c.dir/rosidl_typesupport_fastrtps_c/robot_localization/srv/detail/get_state__type_support_c.cpp.o[0m
[ 50%] Built target robot_localization__rosidl_typesupport_introspection_c
[ 50%] [32mBuilding CXX object CMakeFiles/robot_localization__rosidl_typesupport_fastrtps_c.dir/rosidl_typesupport_fastrtps_c/robot_localization/srv/detail/toggle_filter_processing__type_support_c.cpp.o[0m
[ 51%] [32mBuilding CXX object CMakeFiles/robot_localization__rosidl_typesupport_fastrtps_c.dir/rosidl_typesupport_fastrtps_c/robot_localization/srv/detail/to_ll__type_support_c.cpp.o[0m
[ 52%] [32m[1mLinking CXX shared library librobot_localization__rosidl_typesupport_fastrtps_c.so[0m
[ 52%] Built target robot_localization__rosidl_typesupport_fastrtps_c
[35m[1mScanning dependencies of target robot_localization[0m
[ 52%] Built target robot_localization
[35m[1mScanning dependencies of target rl_lib[0m
[35m[1mScanning dependencies of target robot_localization__py[0m
[ 53%] [34m[1mGenerating Python code for ROS interfaces[0m
[ 54%] [32mBuilding CXX object CMakeFiles/rl_lib.dir/src/filter_base.cpp.o[0m
[ 54%] [32mBuilding CXX object CMakeFiles/rl_lib.dir/src/ekf.cpp.o[0m
[ 55%] [32mBuilding CXX object CMakeFiles/rl_lib.dir/src/ukf.cpp.o[0m
[ 56%] [32mBuilding CXX object CMakeFiles/rl_lib.dir/src/filter_utilities.cpp.o[0m
[ 56%] Built target robot_localization__py
[ 57%] [32mBuilding CXX object CMakeFiles/rl_lib.dir/src/navsat_transform.cpp.o[0m
[35m[1mScanning dependencies of target robot_localization__python[0m
[ 58%] [32mBuilding C object CMakeFiles/robot_localization__python.dir/rosidl_generator_py/robot_localization/srv/_from_ll_s.c.o[0m
[ 59%] [32mBuilding C object CMakeFiles/robot_localization__python.dir/rosidl_generator_py/robot_localization/srv/_get_state_s.c.o[0m
[ 60%] [32mBuilding C object CMakeFiles/robot_localization__python.dir/rosidl_generator_py/robot_localization/srv/_set_datum_s.c.o[0m
[ 61%] [32mBuilding C object CMakeFiles/robot_localization__python.dir/rosidl_generator_py/robot_localization/srv/_set_pose_s.c.o[0m
[ 62%] [32mBuilding C object CMakeFiles/robot_localization__python.dir/rosidl_generator_py/robot_localization/srv/_toggle_filter_processing_s.c.o[0m
[ 63%] [32mBuilding C object CMakeFiles/robot_localization__python.dir/rosidl_generator_py/robot_localization/srv/_to_ll_s.c.o[0m
[ 64%] [32m[1mLinking C shared library rosidl_generator_py/robot_localization/librobot_localization__python.so[0m
[ 64%] Built target robot_localization__python
[ 65%] [32mBuilding CXX object CMakeFiles/rl_lib.dir/src/robot_localization_estimator.cpp.o[0m
[ 66%] [32mBuilding CXX object CMakeFiles/rl_lib.dir/src/ros_filter.cpp.o[0m
[ 67%] [32mBuilding CXX object CMakeFiles/rl_lib.dir/src/ros_filter_utilities.cpp.o[0m
[ 68%] [32mBuilding CXX object CMakeFiles/rl_lib.dir/src/ros_robot_localization_listener.cpp.o[0m
[ 69%] [32m[1mLinking CXX static library libgtest.a[0m
[35m[1mScanning dependencies of target robot_localization__rosidl_typesupport_fastrtps_c__pyext[0m
[ 70%] [32mBuilding C object CMakeFiles/robot_localization__rosidl_typesupport_fastrtps_c__pyext.dir/rosidl_generator_py/robot_localization/_robot_localization_s.ep.rosidl_typesupport_fastrtps_c.c.o[0m
[ 70%] Built target gtest
[35m[1mScanning dependencies of target robot_localization__rosidl_typesupport_introspection_c__pyext[0m
[ 71%] [32mBuilding C object CMakeFiles/robot_localization__rosidl_typesupport_introspection_c__pyext.dir/rosidl_generator_py/robot_localization/_robot_localization_s.ep.rosidl_typesupport_introspection_c.c.o[0m
[ 72%] [32m[1mLinking CXX shared library rosidl_generator_py/robot_localization/robot_localization_s__rosidl_typesupport_fastrtps_c.cpython-38-x86_64-linux-gnu.so[0m
[ 72%] Built target robot_localization__rosidl_typesupport_fastrtps_c__pyext
[35m[1mScanning dependencies of target robot_localization__rosidl_typesupport_c__pyext[0m
[ 73%] [32m[1mLinking C shared library rosidl_generator_py/robot_localization/robot_localization_s__rosidl_typesupport_introspection_c.cpython-38-x86_64-linux-gnu.so[0m
[ 74%] [32mBuilding C object CMakeFiles/robot_localization__rosidl_typesupport_c__pyext.dir/rosidl_generator_py/robot_localization/_robot_localization_s.ep.rosidl_typesupport_c.c.o[0m
[ 74%] Built target robot_localization__rosidl_typesupport_introspection_c__pyext
[ 75%] [32m[1mLinking C shared library rosidl_generator_py/robot_localization/robot_localization_s__rosidl_typesupport_c.cpython-38-x86_64-linux-gnu.so[0m
[ 75%] Built target robot_localization__rosidl_typesupport_c__pyext
[ 76%] [32m[1mLinking CXX shared library librl_lib.so[0m
[ 76%] Built target rl_lib
[35m[1mScanning dependencies of target test_ros_robot_localization_listener[0m
[35m[1mScanning dependencies of target test_ekf[0m
[35m[1mScanning dependencies of target ekf_node[0m
[35m[1mScanning dependencies of target test_robot_localization_estimator[0m
[35m[1mScanning dependencies of target ukf_node[0m
[35m[1mScanning dependencies of target test_ros_robot_localization_listener_publisher[0m
[ 77%] [32mBuilding CXX object CMakeFiles/test_ros_robot_localization_listener_publisher.dir/test/test_ros_robot_localization_listener_publisher.cpp.o[0m
[ 78%] [32mBuilding CXX object CMakeFiles/ekf_node.dir/src/ekf_node.cpp.o[0m
[ 78%] [32mBuilding CXX object CMakeFiles/test_robot_localization_estimator.dir/test/test_robot_localization_estimator.cpp.o[0m
[ 79%] [32mBuilding CXX object CMakeFiles/test_ros_robot_localization_listener.dir/test/test_ros_robot_localization_listener.cpp.o[0m
[ 80%] [32mBuilding CXX object CMakeFiles/test_ekf.dir/test/test_ekf.cpp.o[0m
[ 81%] [32mBuilding CXX object CMakeFiles/ukf_node.dir/src/ukf_node.cpp.o[0m
[ 81%] [32m[1mLinking CXX executable test_robot_localization_estimator[0m
[ 81%] Built target test_robot_localization_estimator
[35m[1mScanning dependencies of target test_ukf[0m
[ 82%] [32mBuilding CXX object CMakeFiles/test_ukf.dir/test/test_ukf.cpp.o[0m
[ 83%] [32m[1mLinking CXX executable ukf_node[0m
[ 83%] Built target ukf_node
[35m[1mScanning dependencies of target filter_base-test[0m
[ 84%] [32mBuilding CXX object CMakeFiles/filter_base-test.dir/test/test_filter_base.cpp.o[0m
[ 85%] [32m[1mLinking CXX executable ekf_node[0m
[ 85%] Built target ekf_node
[35m[1mScanning dependencies of target navsat_transform_node[0m
[ 86%] [32mBuilding CXX object CMakeFiles/navsat_transform_node.dir/src/navsat_transform_node.cpp.o[0m
[ 87%] [32m[1mLinking CXX executable test_ros_robot_localization_listener[0m
[ 88%] [32m[1mLinking CXX executable test_ekf[0m
[ 88%] Built target test_ros_robot_localization_listener
[35m[1mScanning dependencies of target robot_localization_listener_node[0m
[ 89%] [32mBuilding CXX object CMakeFiles/robot_localization_listener_node.dir/src/robot_localization_listener_node.cpp.o[0m
[ 89%] Built target test_ekf
[35m[1mScanning dependencies of target test_ukf_localization_node_interfaces[0m
[ 90%] [32mBuilding CXX object CMakeFiles/test_ukf_localization_node_interfaces.dir/test/test_ukf_localization_node_interfaces.cpp.o[0m
[ 91%] [32m[1mLinking CXX executable test_ros_robot_localization_listener_publisher[0m
[ 91%] Built target test_ros_robot_localization_listener_publisher
[35m[1mScanning dependencies of target test_ekf_localization_node_interfaces[0m
[ 92%] [32mBuilding CXX object CMakeFiles/test_ekf_localization_node_interfaces.dir/test/test_ekf_localization_node_interfaces.cpp.o[0m
[ 93%] [32m[1mLinking CXX executable filter_base-test[0m
[ 93%] Built target filter_base-test
[35m[1mScanning dependencies of target test_filter_base_diagnostics_timestamps[0m
[ 94%] [32mBuilding CXX object CMakeFiles/test_filter_base_diagnostics_timestamps.dir/test/test_filter_base_diagnostics_timestamps.cpp.o[0m
[ 95%] [32m[1mLinking CXX executable navsat_transform_node[0m
[ 95%] Built target navsat_transform_node
[ 96%] [32m[1mLinking CXX executable robot_localization_listener_node[0m
[ 96%] Built target robot_localization_listener_node
[ 97%] [32m[1mLinking CXX executable test_ukf[0m
[ 97%] Built target test_ukf
[ 98%] [32m[1mLinking CXX executable test_ukf_localization_node_interfaces[0m
[ 99%] [32m[1mLinking CXX executable test_filter_base_diagnostics_timestamps[0m
[ 99%] Built target test_ukf_localization_node_interfaces
[ 99%] Built target test_filter_base_diagnostics_timestamps
[100%] [32m[1mLinking CXX executable test_ekf_localization_node_interfaces[0m
[100%] Built target test_ekf_localization_node_interfaces
-- Install configuration: "RelWithDebInfo"
-- Installing: /home/aldayk/redback_ws/install/robot_localization/share/ament_index/resource_index/rosidl_interfaces/robot_localization
-- Installing: /home/aldayk/redback_ws/install/robot_localization/include/robot_localization
-- Installing: /home/aldayk/redback_ws/install/robot_localization/include/robot_localization/msg
-- Installing: /home/aldayk/redback_ws/install/robot_localization/include/robot_localization/msg/rosidl_generator_c__visibility_control.h
-- Installing: /home/aldayk/redback_ws/install/robot_localization/include/robot_localization/srv
-- Installing: /home/aldayk/redback_ws/install/robot_localization/include/robot_localization/srv/from_ll.h
-- Installing: /home/aldayk/redback_ws/install/robot_localization/include/robot_localization/srv/set_datum.h
-- Installing: /home/aldayk/redback_ws/install/robot_localization/include/robot_localization/srv/toggle_filter_processing.h
-- Installing: /home/aldayk/redback_ws/install/robot_localization/include/robot_localization/srv/detail
-- Installing: /home/aldayk/redback_ws/install/robot_localization/include/robot_localization/srv/detail/to_ll__struct.h
-- Installing: /home/aldayk/redback_ws/install/robot_localization/include/robot_localization/srv/detail/get_state__functions.h
-- Installing: /home/aldayk/redback_ws/install/robot_localization/include/robot_localization/srv/detail/from_ll__struct.h
-- Installing: /home/aldayk/redback_ws/install/robot_localization/include/robot_localization/srv/detail/from_ll__type_support.h
-- Installing: /home/aldayk/redback_ws/install/robot_localization/include/robot_localization/srv/detail/to_ll__functions.c
-- Installing: /home/aldayk/redback_ws/install/robot_localization/include/robot_localization/srv/detail/set_datum__struct.h
-- Installing: /home/aldayk/redback_ws/install/robot_localization/include/robot_localization/srv/detail/toggle_filter_processing__struct.h
-- Installing: /home/aldayk/redback_ws/install/robot_localization/include/robot_localization/srv/detail/set_datum__type_support.h
-- Installing: /home/aldayk/redback_ws/install/robot_localization/include/robot_localization/srv/detail/toggle_filter_processing__functions.c
-- Installing: /home/aldayk/redback_ws/install/robot_localization/include/robot_localization/srv/detail/set_pose__type_support.h
-- Installing: /home/aldayk/redback_ws/install/robot_localization/include/robot_localization/srv/detail/toggle_filter_processing__functions.h
-- Installing: /home/aldayk/redback_ws/install/robot_localization/include/robot_localization/srv/detail/from_ll__functions.c
-- Installing: /home/aldayk/redback_ws/install/robot_localization/include/robot_localization/srv/detail/set_datum__functions.h
-- Installing: /home/aldayk/redback_ws/install/robot_localization/include/robot_localization/srv/detail/to_ll__type_support.h
-- Installing: /home/aldayk/redback_ws/install/robot_localization/include/robot_localization/srv/detail/set_pose__functions.h
-- Installing: /home/aldayk/redback_ws/install/robot_localization/include/robot_localization/srv/detail/get_state__type_support.h
-- Installing: /home/aldayk/redback_ws/install/robot_localization/include/robot_localization/srv/detail/set_datum__functions.c
-- Installing: /home/aldayk/redback_ws/install/robot_localization/include/robot_localization/srv/detail/get_state__struct.h
-- Installing: /home/aldayk/redback_ws/install/robot_localization/include/robot_localization/srv/detail/set_pose__functions.c
-- Installing: /home/aldayk/redback_ws/install/robot_localization/include/robot_localization/srv/detail/toggle_filter_processing__type_support.h
-- Installing: /home/aldayk/redback_ws/install/robot_localization/include/robot_localization/srv/detail/to_ll__functions.h
-- Installing: /home/aldayk/redback_ws/install/robot_localization/include/robot_localization/srv/detail/get_state__functions.c
-- Installing: /home/aldayk/redback_ws/install/robot_localization/include/robot_localization/srv/detail/from_ll__functions.h
-- Installing: /home/aldayk/redback_ws/install/robot_localization/include/robot_localization/srv/detail/set_pose__struct.h
-- Installing: /home/aldayk/redback_ws/install/robot_localization/include/robot_localization/srv/to_ll.h
-- Installing: /home/aldayk/redback_ws/install/robot_localization/include/robot_localization/srv/set_pose.h
-- Installing: /home/aldayk/redback_ws/install/robot_localization/include/robot_localization/srv/get_state.h
-- Installing: /home/aldayk/redback_ws/install/robot_localization/share/robot_localization/environment/library_path.sh
-- Installing: /home/aldayk/redback_ws/install/robot_localization/share/robot_localization/environment/library_path.dsv
-- Installing: /home/aldayk/redback_ws/install/robot_localization/lib/librobot_localization__rosidl_generator_c.so
-- Set runtime path of "/home/aldayk/redback_ws/install/robot_localization/lib/librobot_localization__rosidl_generator_c.so" to ""
-- Up-to-date: /home/aldayk/redback_ws/install/robot_localization/include/robot_localization
-- Up-to-date: /home/aldayk/redback_ws/install/robot_localization/include/robot_localization/msg
-- Installing: /home/aldayk/redback_ws/install/robot_localization/include/robot_localization/msg/rosidl_typesupport_fastrtps_c__visibility_control.h
-- Up-to-date: /home/aldayk/redback_ws/install/robot_localization/include/robot_localization/srv
-- Up-to-date: /home/aldayk/redback_ws/install/robot_localization/include/robot_localization/srv/detail
-- Installing: /home/aldayk/redback_ws/install/robot_localization/include/robot_localization/srv/detail/to_ll__rosidl_typesupport_fastrtps_c.h
-- Installing: /home/aldayk/redback_ws/install/robot_localization/include/robot_localization/srv/detail/toggle_filter_processing__rosidl_typesupport_fastrtps_c.h
-- Installing: /home/aldayk/redback_ws/install/robot_localization/include/robot_localization/srv/detail/from_ll__rosidl_typesupport_fastrtps_c.h
-- Installing: /home/aldayk/redback_ws/install/robot_localization/include/robot_localization/srv/detail/set_datum__rosidl_typesupport_fastrtps_c.h
-- Installing: /home/aldayk/redback_ws/install/robot_localization/include/robot_localization/srv/detail/get_state__rosidl_typesupport_fastrtps_c.h
-- Installing: /home/aldayk/redback_ws/install/robot_localization/include/robot_localization/srv/detail/set_pose__rosidl_typesupport_fastrtps_c.h
-- Installing: /home/aldayk/redback_ws/install/robot_localization/lib/librobot_localization__rosidl_typesupport_fastrtps_c.so
-- Set runtime path of "/home/aldayk/redback_ws/install/robot_localization/lib/librobot_localization__rosidl_typesupport_fastrtps_c.so" to ""
-- Up-to-date: /home/aldayk/redback_ws/install/robot_localization/include/robot_localization
-- Up-to-date: /home/aldayk/redback_ws/install/robot_localization/include/robot_localization/msg
-- Installing: /home/aldayk/redback_ws/install/robot_localization/include/robot_localization/msg/rosidl_typesupport_fastrtps_cpp__visibility_control.h
-- Up-to-date: /home/aldayk/redback_ws/install/robot_localization/include/robot_localization/srv
-- Up-to-date: /home/aldayk/redback_ws/install/robot_localization/include/robot_localization/srv/detail
-- Installing: /home/aldayk/redback_ws/install/robot_localization/include/robot_localization/srv/detail/get_state__rosidl_typesupport_fastrtps_cpp.hpp
-- Installing: /home/aldayk/redback_ws/install/robot_localization/include/robot_localization/srv/detail/to_ll__rosidl_typesupport_fastrtps_cpp.hpp
-- Installing: /home/aldayk/redback_ws/install/robot_localization/include/robot_localization/srv/detail/toggle_filter_processing__rosidl_typesupport_fastrtps_cpp.hpp
-- Installing: /home/aldayk/redback_ws/install/robot_localization/include/robot_localization/srv/detail/set_datum__rosidl_typesupport_fastrtps_cpp.hpp
-- Installing: /home/aldayk/redback_ws/install/robot_localization/include/robot_localization/srv/detail/dds_fastrtps
-- Installing: /home/aldayk/redback_ws/install/robot_localization/include/robot_localization/srv/detail/from_ll__rosidl_typesupport_fastrtps_cpp.hpp
-- Installing: /home/aldayk/redback_ws/install/robot_localization/include/robot_localization/srv/detail/set_pose__rosidl_typesupport_fastrtps_cpp.hpp
-- Installing: /home/aldayk/redback_ws/install/robot_localization/lib/librobot_localization__rosidl_typesupport_fastrtps_cpp.so
-- Set runtime path of "/home/aldayk/redback_ws/install/robot_localization/lib/librobot_localization__rosidl_typesupport_fastrtps_cpp.so" to ""
-- Up-to-date: /home/aldayk/redback_ws/install/robot_localization/include/robot_localization
-- Up-to-date: /home/aldayk/redback_ws/install/robot_localization/include/robot_localization/msg
-- Installing: /home/aldayk/redback_ws/install/robot_localization/include/robot_localization/msg/rosidl_typesupport_introspection_c__visibility_control.h
-- Up-to-date: /home/aldayk/redback_ws/install/robot_localization/include/robot_localization/srv
-- Up-to-date: /home/aldayk/redback_ws/install/robot_localization/include/robot_localization/srv/detail
-- Installing: /home/aldayk/redback_ws/install/robot_localization/include/robot_localization/srv/detail/from_ll__type_support.c
-- Installing: /home/aldayk/redback_ws/install/robot_localization/include/robot_localization/srv/detail/set_pose__rosidl_typesupport_introspection_c.h
-- Installing: /home/aldayk/redback_ws/install/robot_localization/include/robot_localization/srv/detail/get_state__rosidl_typesupport_introspection_c.h
-- Installing: /home/aldayk/redback_ws/install/robot_localization/include/robot_localization/srv/detail/toggle_filter_processing__rosidl_typesupport_introspection_c.h
-- Installing: /home/aldayk/redback_ws/install/robot_localization/include/robot_localization/srv/detail/set_datum__type_support.c
-- Installing: /home/aldayk/redback_ws/install/robot_localization/include/robot_localization/srv/detail/to_ll__type_support.c
-- Installing: /home/aldayk/redback_ws/install/robot_localization/include/robot_localization/srv/detail/from_ll__rosidl_typesupport_introspection_c.h
-- Installing: /home/aldayk/redback_ws/install/robot_localization/include/robot_localization/srv/detail/set_datum__rosidl_typesupport_introspection_c.h
-- Installing: /home/aldayk/redback_ws/install/robot_localization/include/robot_localization/srv/detail/to_ll__rosidl_typesupport_introspection_c.h
-- Installing: /home/aldayk/redback_ws/install/robot_localization/include/robot_localization/srv/detail/toggle_filter_processing__type_support.c
-- Installing: /home/aldayk/redback_ws/install/robot_localization/include/robot_localization/srv/detail/get_state__type_support.c
-- Installing: /home/aldayk/redback_ws/install/robot_localization/include/robot_localization/srv/detail/set_pose__type_support.c
-- Installing: /home/aldayk/redback_ws/install/robot_localization/lib/librobot_localization__rosidl_typesupport_introspection_c.so
-- Set runtime path of "/home/aldayk/redback_ws/install/robot_localization/lib/librobot_localization__rosidl_typesupport_introspection_c.so" to ""
-- Installing: /home/aldayk/redback_ws/install/robot_localization/lib/librobot_localization__rosidl_typesupport_c.so
-- Set runtime path of "/home/aldayk/redback_ws/install/robot_localization/lib/librobot_localization__rosidl_typesupport_c.so" to ""
-- Up-to-date: /home/aldayk/redback_ws/install/robot_localization/include/robot_localization
-- Up-to-date: /home/aldayk/redback_ws/install/robot_localization/include/robot_localization/srv
-- Installing: /home/aldayk/redback_ws/install/robot_localization/include/robot_localization/srv/to_ll.hpp
-- Installing: /home/aldayk/redback_ws/install/robot_localization/include/robot_localization/srv/get_state.hpp
-- Installing: /home/aldayk/redback_ws/install/robot_localization/include/robot_localization/srv/toggle_filter_processing.hpp
-- Installing: /home/aldayk/redback_ws/install/robot_localization/include/robot_localization/srv/set_datum.hpp
-- Up-to-date: /home/aldayk/redback_ws/install/robot_localization/include/robot_localization/srv/detail
-- Installing: /home/aldayk/redback_ws/install/robot_localization/include/robot_localization/srv/detail/to_ll__struct.hpp
-- Installing: /home/aldayk/redback_ws/install/robot_localization/include/robot_localization/srv/detail/from_ll__struct.hpp
-- Installing: /home/aldayk/redback_ws/install/robot_localization/include/robot_localization/srv/detail/toggle_filter_processing__traits.hpp
-- Installing: /home/aldayk/redback_ws/install/robot_localization/include/robot_localization/srv/detail/from_ll__traits.hpp
-- Installing: /home/aldayk/redback_ws/install/robot_localization/include/robot_localization/srv/detail/set_pose__builder.hpp
-- Installing: /home/aldayk/redback_ws/install/robot_localization/include/robot_localization/srv/detail/set_datum__struct.hpp
-- Installing: /home/aldayk/redback_ws/install/robot_localization/include/robot_localization/srv/detail/set_datum__builder.hpp
-- Installing: /home/aldayk/redback_ws/install/robot_localization/include/robot_localization/srv/detail/set_pose__struct.hpp
-- Installing: /home/aldayk/redback_ws/install/robot_localization/include/robot_localization/srv/detail/toggle_filter_processing__struct.hpp
-- Installing: /home/aldayk/redback_ws/install/robot_localization/include/robot_localization/srv/detail/to_ll__builder.hpp
-- Installing: /home/aldayk/redback_ws/install/robot_localization/include/robot_localization/srv/detail/get_state__builder.hpp
-- Installing: /home/aldayk/redback_ws/install/robot_localization/include/robot_localization/srv/detail/set_datum__traits.hpp
-- Installing: /home/aldayk/redback_ws/install/robot_localization/include/robot_localization/srv/detail/set_pose__traits.hpp
-- Installing: /home/aldayk/redback_ws/install/robot_localization/include/robot_localization/srv/detail/toggle_filter_processing__builder.hpp
-- Installing: /home/aldayk/redback_ws/install/robot_localization/include/robot_localization/srv/detail/to_ll__traits.hpp
-- Installing: /home/aldayk/redback_ws/install/robot_localization/include/robot_localization/srv/detail/get_state__struct.hpp
-- Installing: /home/aldayk/redback_ws/install/robot_localization/include/robot_localization/srv/detail/from_ll__builder.hpp
-- Installing: /home/aldayk/redback_ws/install/robot_localization/include/robot_localization/srv/detail/get_state__traits.hpp
-- Installing: /home/aldayk/redback_ws/install/robot_localization/include/robot_localization/srv/from_ll.hpp
-- Installing: /home/aldayk/redback_ws/install/robot_localization/include/robot_localization/srv/set_pose.hpp
-- Up-to-date: /home/aldayk/redback_ws/install/robot_localization/include/robot_localization
-- Up-to-date: /home/aldayk/redback_ws/install/robot_localization/include/robot_localization/srv
-- Up-to-date: /home/aldayk/redback_ws/install/robot_localization/include/robot_localization/srv/detail
-- Installing: /home/aldayk/redback_ws/install/robot_localization/include/robot_localization/srv/detail/set_pose__rosidl_typesupport_introspection_cpp.hpp
-- Installing: /home/aldayk/redback_ws/install/robot_localization/include/robot_localization/srv/detail/set_datum__rosidl_typesupport_introspection_cpp.hpp
-- Installing: /home/aldayk/redback_ws/install/robot_localization/include/robot_localization/srv/detail/from_ll__rosidl_typesupport_introspection_cpp.hpp
-- Installing: /home/aldayk/redback_ws/install/robot_localization/include/robot_localization/srv/detail/set_pose__type_support.cpp
-- Installing: /home/aldayk/redback_ws/install/robot_localization/include/robot_localization/srv/detail/get_state__rosidl_typesupport_introspection_cpp.hpp
-- Installing: /home/aldayk/redback_ws/install/robot_localization/include/robot_localization/srv/detail/set_datum__type_support.cpp
-- Installing: /home/aldayk/redback_ws/install/robot_localization/include/robot_localization/srv/detail/to_ll__rosidl_typesupport_introspection_cpp.hpp
-- Installing: /home/aldayk/redback_ws/install/robot_localization/include/robot_localization/srv/detail/toggle_filter_processing__rosidl_typesupport_introspection_cpp.hpp
-- Installing: /home/aldayk/redback_ws/install/robot_localization/include/robot_localization/srv/detail/to_ll__type_support.cpp
-- Installing: /home/aldayk/redback_ws/install/robot_localization/include/robot_localization/srv/detail/toggle_filter_processing__type_support.cpp
-- Installing: /home/aldayk/redback_ws/install/robot_localization/include/robot_localization/srv/detail/get_state__type_support.cpp
-- Installing: /home/aldayk/redback_ws/install/robot_localization/include/robot_localization/srv/detail/from_ll__type_support.cpp
-- Installing: /home/aldayk/redback_ws/install/robot_localization/lib/librobot_localization__rosidl_typesupport_introspection_cpp.so
-- Set runtime path of "/home/aldayk/redback_ws/install/robot_localization/lib/librobot_localization__rosidl_typesupport_introspection_cpp.so" to ""
-- Installing: /home/aldayk/redback_ws/install/robot_localization/lib/librobot_localization__rosidl_typesupport_cpp.so
-- Set runtime path of "/home/aldayk/redback_ws/install/robot_localization/lib/librobot_localization__rosidl_typesupport_cpp.so" to ""
-- Installing: /home/aldayk/redback_ws/install/robot_localization/share/robot_localization/environment/pythonpath.sh
-- Installing: /home/aldayk/redback_ws/install/robot_localization/share/robot_localization/environment/pythonpath.dsv
-- Installing: /home/aldayk/redback_ws/install/robot_localization/lib/python3.8/site-packages/robot_localization/__init__.py
Compiling '/home/aldayk/redback_ws/install/robot_localization/lib/python3.8/site-packages/robot_localization/__init__.py'...
-- Installing: /home/aldayk/redback_ws/install/robot_localization/lib/python3.8/site-packages/robot_localization/srv
-- Installing: /home/aldayk/redback_ws/install/robot_localization/lib/python3.8/site-packages/robot_localization/srv/_toggle_filter_processing.py
-- Installing: /home/aldayk/redback_ws/install/robot_localization/lib/python3.8/site-packages/robot_localization/srv/_to_ll.py
-- Installing: /home/aldayk/redback_ws/install/robot_localization/lib/python3.8/site-packages/robot_localization/srv/_set_pose.py
-- Installing: /home/aldayk/redback_ws/install/robot_localization/lib/python3.8/site-packages/robot_localization/srv/_to_ll_s.c
-- Installing: /home/aldayk/redback_ws/install/robot_localization/lib/python3.8/site-packages/robot_localization/srv/_from_ll_s.c
-- Installing: /home/aldayk/redback_ws/install/robot_localization/lib/python3.8/site-packages/robot_localization/srv/_toggle_filter_processing_s.c
-- Installing: /home/aldayk/redback_ws/install/robot_localization/lib/python3.8/site-packages/robot_localization/srv/_set_pose_s.c
-- Installing: /home/aldayk/redback_ws/install/robot_localization/lib/python3.8/site-packages/robot_localization/srv/_get_state.py
-- Installing: /home/aldayk/redback_ws/install/robot_localization/lib/python3.8/site-packages/robot_localization/srv/_set_datum.py
-- Installing: /home/aldayk/redback_ws/install/robot_localization/lib/python3.8/site-packages/robot_localization/srv/_set_datum_s.c
-- Installing: /home/aldayk/redback_ws/install/robot_localization/lib/python3.8/site-packages/robot_localization/srv/_from_ll.py
-- Installing: /home/aldayk/redback_ws/install/robot_localization/lib/python3.8/site-packages/robot_localization/srv/__init__.py
-- Installing: /home/aldayk/redback_ws/install/robot_localization/lib/python3.8/site-packages/robot_localization/srv/_get_state_s.c
-- Installing: /home/aldayk/redback_ws/install/robot_localization/lib/python3.8/site-packages/robot_localization/robot_localization_s__rosidl_typesupport_fastrtps_c.cpython-38-x86_64-linux-gnu.so
-- Set runtime path of "/home/aldayk/redback_ws/install/robot_localization/lib/python3.8/site-packages/robot_localization/robot_localization_s__rosidl_typesupport_fastrtps_c.cpython-38-x86_64-linux-gnu.so" to ""
-- Installing: /home/aldayk/redback_ws/install/robot_localization/lib/python3.8/site-packages/robot_localization/robot_localization_s__rosidl_typesupport_introspection_c.cpython-38-x86_64-linux-gnu.so
-- Set runtime path of "/home/aldayk/redback_ws/install/robot_localization/lib/python3.8/site-packages/robot_localization/robot_localization_s__rosidl_typesupport_introspection_c.cpython-38-x86_64-linux-gnu.so" to ""
-- Installing: /home/aldayk/redback_ws/install/robot_localization/lib/python3.8/site-packages/robot_localization/robot_localization_s__rosidl_typesupport_c.cpython-38-x86_64-linux-gnu.so
-- Set runtime path of "/home/aldayk/redback_ws/install/robot_localization/lib/python3.8/site-packages/robot_localization/robot_localization_s__rosidl_typesupport_c.cpython-38-x86_64-linux-gnu.so" to ""
-- Installing: /home/aldayk/redback_ws/install/robot_localization/lib/librobot_localization__python.so
-- Set runtime path of "/home/aldayk/redback_ws/install/robot_localization/lib/librobot_localization__python.so" to ""
-- Installing: /home/aldayk/redback_ws/install/robot_localization/share/robot_localization/srv/FromLL.idl
-- Installing: /home/aldayk/redback_ws/install/robot_localization/share/robot_localization/srv/GetState.idl
-- Installing: /home/aldayk/redback_ws/install/robot_localization/share/robot_localization/srv/SetDatum.idl
-- Installing: /home/aldayk/redback_ws/install/robot_localization/share/robot_localization/srv/SetPose.idl
-- Installing: /home/aldayk/redback_ws/install/robot_localization/share/robot_localization/srv/ToggleFilterProcessing.idl
-- Installing: /home/aldayk/redback_ws/install/robot_localization/share/robot_localization/srv/ToLL.idl
-- Installing: /home/aldayk/redback_ws/install/robot_localization/share/robot_localization/srv/FromLL.srv
-- Installing: /home/aldayk/redback_ws/install/robot_localization/share/robot_localization/srv/FromLL_Request.msg
-- Installing: /home/aldayk/redback_ws/install/robot_localization/share/robot_localization/srv/FromLL_Response.msg
-- Installing: /home/aldayk/redback_ws/install/robot_localization/share/robot_localization/srv/GetState.srv
-- Installing: /home/aldayk/redback_ws/install/robot_localization/share/robot_localization/srv/GetState_Request.msg
-- Installing: /home/aldayk/redback_ws/install/robot_localization/share/robot_localization/srv/GetState_Response.msg
-- Installing: /home/aldayk/redback_ws/install/robot_localization/share/robot_localization/srv/SetDatum.srv
-- Installing: /home/aldayk/redback_ws/install/robot_localization/share/robot_localization/srv/SetDatum_Request.msg
-- Installing: /home/aldayk/redback_ws/install/robot_localization/share/robot_localization/srv/SetDatum_Response.msg
-- Installing: /home/aldayk/redback_ws/install/robot_localization/share/robot_localization/srv/SetPose.srv
-- Installing: /home/aldayk/redback_ws/install/robot_localization/share/robot_localization/srv/SetPose_Request.msg
-- Installing: /home/aldayk/redback_ws/install/robot_localization/share/robot_localization/srv/SetPose_Response.msg
-- Installing: /home/aldayk/redback_ws/install/robot_localization/share/robot_localization/srv/ToggleFilterProcessing.srv
-- Installing: /home/aldayk/redback_ws/install/robot_localization/share/robot_localization/srv/ToggleFilterProcessing_Request.msg
-- Installing: /home/aldayk/redback_ws/install/robot_localization/share/robot_localization/srv/ToggleFilterProcessing_Response.msg
-- Installing: /home/aldayk/redback_ws/install/robot_localization/share/robot_localization/srv/ToLL.srv
-- Installing: /home/aldayk/redback_ws/install/robot_localization/share/robot_localization/srv/ToLL_Request.msg
-- Installing: /home/aldayk/redback_ws/install/robot_localization/share/robot_localization/srv/ToLL_Response.msg
-- Installing: /home/aldayk/redback_ws/install/robot_localization/lib/robot_localization/filter_base-test
-- Set runtime path of "/home/aldayk/redback_ws/install/robot_localization/lib/robot_localization/filter_base-test" to ""
-- Installing: /home/aldayk/redback_ws/install/robot_localization/lib/robot_localization/test_filter_base_diagnostics_timestamps
-- Set runtime path of "/home/aldayk/redback_ws/install/robot_localization/lib/robot_localization/test_filter_base_diagnostics_timestamps" to ""
-- Installing: /home/aldayk/redback_ws/install/robot_localization/lib/robot_localization/test_ekf
-- Set runtime path of "/home/aldayk/redback_ws/install/robot_localization/lib/robot_localization/test_ekf" to ""
-- Installing: /home/aldayk/redback_ws/install/robot_localization/lib/robot_localization/test_ekf_localization_node_interfaces
-- Set runtime path of "/home/aldayk/redback_ws/install/robot_localization/lib/robot_localization/test_ekf_localization_node_interfaces" to ""
-- Installing: /home/aldayk/redback_ws/install/robot_localization/lib/robot_localization/test_ukf
-- Set runtime path of "/home/aldayk/redback_ws/install/robot_localization/lib/robot_localization/test_ukf" to ""
-- Installing: /home/aldayk/redback_ws/install/robot_localization/lib/robot_localization/test_ukf_localization_node_interfaces
-- Set runtime path of "/home/aldayk/redback_ws/install/robot_localization/lib/robot_localization/test_ukf_localization_node_interfaces" to ""
-- Installing: /home/aldayk/redback_ws/install/robot_localization/lib/robot_localization/test_robot_localization_estimator
-- Set runtime path of "/home/aldayk/redback_ws/install/robot_localization/lib/robot_localization/test_robot_localization_estimator" to ""
-- Installing: /home/aldayk/redback_ws/install/robot_localization/lib/robot_localization/test_ros_robot_localization_listener
-- Set runtime path of "/home/aldayk/redback_ws/install/robot_localization/lib/robot_localization/test_ros_robot_localization_listener" to ""
-- Installing: /home/aldayk/redback_ws/install/robot_localization/lib/robot_localization/test_ros_robot_localization_listener_publisher
-- Set runtime path of "/home/aldayk/redback_ws/install/robot_localization/lib/robot_localization/test_ros_robot_localization_listener_publisher" to ""
-- Installing: /home/aldayk/redback_ws/install/robot_localization/share/robot_localization/test
-- Installing: /home/aldayk/redback_ws/install/robot_localization/share/robot_localization/test/test_robot_localization_estimator.launch.py
-- Installing: /home/aldayk/redback_ws/install/robot_localization/share/robot_localization/test/test1.bag
-- Installing: /home/aldayk/redback_ws/install/robot_localization/share/robot_localization/test/test_ukf_localization_node_bag1.sh
-- Installing: /home/aldayk/redback_ws/install/robot_localization/share/robot_localization/test/test_ekf_localization_node_bag3.sh
-- Installing: /home/aldayk/redback_ws/install/robot_localization/share/robot_localization/test/test_ekf_localization_node_bag3.yaml
-- Installing: /home/aldayk/redback_ws/install/robot_localization/share/robot_localization/test/test_filter_base_diagnostics_timestamps.launch.py
-- Installing: /home/aldayk/redback_ws/install/robot_localization/share/robot_localization/test/test_ekf_localization_node_interfaces.cpp
-- Installing: /home/aldayk/redback_ws/install/robot_localization/share/robot_localization/test/test_ukf_localization_node_bag3.yaml
-- Installing: /home/aldayk/redback_ws/install/robot_localization/share/robot_localization/test/test3.bag
-- Installing: /home/aldayk/redback_ws/install/robot_localization/share/robot_localization/test/test_ukf_localization_node_interfaces.launch.py
-- Installing: /home/aldayk/redback_ws/install/robot_localization/share/robot_localization/test/test_ekf_localization_node_bag1.sh
-- Installing: /home/aldayk/redback_ws/install/robot_localization/share/robot_localization/test/test_ekf.cpp
-- Installing: /home/aldayk/redback_ws/install/robot_localization/share/robot_localization/test/test_filter_base.cpp
-- Installing: /home/aldayk/redback_ws/install/robot_localization/share/robot_localization/test/test_robot_localization_estimator.cpp
-- Installing: /home/aldayk/redback_ws/install/robot_localization/share/robot_localization/test/test_ekf_localization_node_bag2.launch.py
-- Installing: /home/aldayk/redback_ws/install/robot_localization/share/robot_localization/test/test_ekf_localization_node_bag2.sh
-- Installing: /home/aldayk/redback_ws/install/robot_localization/share/robot_localization/test/test_ukf_localization_node_bag3.sh
-- Installing: /home/aldayk/redback_ws/install/robot_localization/share/robot_localization/test/test_filter_base_diagnostics_timestamps.cpp
-- Installing: /home/aldayk/redback_ws/install/robot_localization/share/robot_localization/test/test_ekf_localization_node_bag1.yaml
-- Installing: /home/aldayk/redback_ws/install/robot_localization/share/robot_localization/test/test_ekf_localization_node_bag3.launch.py
-- Installing: /home/aldayk/redback_ws/install/robot_localization/share/robot_localization/test/test_ekf_localization_node_bag1.launch.py
-- Installing: /home/aldayk/redback_ws/install/robot_localization/share/robot_localization/test/test_ekf_localization_node_bag2.yaml
-- Installing: /home/aldayk/redback_ws/install/robot_localization/share/robot_localization/test/test_ros_robot_localization_listener_publisher.cpp
-- Installing: /home/aldayk/redback_ws/install/robot_localization/share/robot_localization/test/test_localization_node_bag_pose_tester.cpp
-- Installing: /home/aldayk/redback_ws/install/robot_localization/share/robot_localization/test/test_filter_base_diagnostics_timestamps.yaml
-- Installing: /home/aldayk/redback_ws/install/robot_localization/share/robot_localization/test/test2.bag
-- Installing: /home/aldayk/redback_ws/install/robot_localization/share/robot_localization/test/test_ros_robot_localization_listener.yaml
-- Installing: /home/aldayk/redback_ws/install/robot_localization/share/robot_localization/test/test_ukf_localization_node_interfaces.cpp
-- Installing: /home/aldayk/redback_ws/install/robot_localization/share/robot_localization/test/test_ros_robot_localization_listener.launch.py
-- Installing: /home/aldayk/redback_ws/install/robot_localization/share/robot_localization/test/test_ukf_localization_node_bag2.sh
-- Installing: /home/aldayk/redback_ws/install/robot_localization/share/robot_localization/test/test_ukf_localization_node_bag2.yaml
-- Installing: /home/aldayk/redback_ws/install/robot_localization/share/robot_localization/test/test_ukf_localization_node_bag3.launch.py
-- Installing: /home/aldayk/redback_ws/install/robot_localization/share/robot_localization/test/test_ekf_localization_node_interfaces.yaml
-- Installing: /home/aldayk/redback_ws/install/robot_localization/share/robot_localization/test/test_ros_robot_localization_listener.cpp
-- Installing: /home/aldayk/redback_ws/install/robot_localization/share/robot_localization/test/test_ekf_localization_node_interfaces.launch.py
-- Installing: /home/aldayk/redback_ws/install/robot_localization/share/robot_localization/test/test_ukf_localization_node_bag1.launch.py
-- Installing: /home/aldayk/redback_ws/install/robot_localization/share/robot_localization/test/test_ukf_localization_node_bag2.launch.py
-- Installing: /home/aldayk/redback_ws/install/robot_localization/share/robot_localization/test/test_ukf_localization_node_interfaces.yaml
-- Installing: /home/aldayk/redback_ws/install/robot_localization/share/robot_localization/test/test_ukf.cpp
-- Installing: /home/aldayk/redback_ws/install/robot_localization/share/robot_localization/test/test_ukf_localization_node_bag1.yaml
-- Installing: /home/aldayk/redback_ws/install/robot_localization/lib/robot_localization/navsat_transform_node
-- Set runtime path of "/home/aldayk/redback_ws/install/robot_localization/lib/robot_localization/navsat_transform_node" to ""
-- Installing: /home/aldayk/redback_ws/install/robot_localization/lib/robot_localization/ekf_node
-- Set runtime path of "/home/aldayk/redback_ws/install/robot_localization/lib/robot_localization/ekf_node" to ""
-- Installing: /home/aldayk/redback_ws/install/robot_localization/lib/robot_localization/ukf_node
-- Set runtime path of "/home/aldayk/redback_ws/install/robot_localization/lib/robot_localization/ukf_node" to ""
-- Installing: /home/aldayk/redback_ws/install/robot_localization/lib/robot_localization/robot_localization_listener_node
-- Set runtime path of "/home/aldayk/redback_ws/install/robot_localization/lib/robot_localization/robot_localization_listener_node" to ""
-- Installing: /home/aldayk/redback_ws/install/robot_localization/lib/librl_lib.so
-- Set runtime path of "/home/aldayk/redback_ws/install/robot_localization/lib/librl_lib.so" to ""
-- Installing: /home/aldayk/redback_ws/install/robot_localization/share/robot_localization/params
-- Installing: /home/aldayk/redback_ws/install/robot_localization/share/robot_localization/params/ekf.yaml
-- Installing: /home/aldayk/redback_ws/install/robot_localization/share/robot_localization/params/ukf.yaml
-- Installing: /home/aldayk/redback_ws/install/robot_localization/share/robot_localization/params/navsat_transform.yaml
-- Installing: /home/aldayk/redback_ws/install/robot_localization/share/robot_localization/params/dual_ekf_navsat_example.yaml
-- Installing: /home/aldayk/redback_ws/install/robot_localization/share/robot_localization/launch
-- Installing: /home/aldayk/redback_ws/install/robot_localization/share/robot_localization/launch/ekf.launch.py
-- Installing: /home/aldayk/redback_ws/install/robot_localization/share/robot_localization/launch/navsat_transform.launch.py
-- Installing: /home/aldayk/redback_ws/install/robot_localization/share/robot_localization/launch/ukf.launch.py
-- Installing: /home/aldayk/redback_ws/install/robot_localization/share/robot_localization/launch/dual_ekf_navsat_example.launch.py
-- Installing: /home/aldayk/redback_ws/install/robot_localization/share/ament_index/resource_index/package_run_dependencies/robot_localization
-- Installing: /home/aldayk/redback_ws/install/robot_localization/share/ament_index/resource_index/parent_prefix_path/robot_localization
-- Installing: /home/aldayk/redback_ws/install/robot_localization/share/robot_localization/environment/ament_prefix_path.sh
-- Installing: /home/aldayk/redback_ws/install/robot_localization/share/robot_localization/environment/ament_prefix_path.dsv
-- Installing: /home/aldayk/redback_ws/install/robot_localization/share/robot_localization/environment/path.sh
-- Installing: /home/aldayk/redback_ws/install/robot_localization/share/robot_localization/environment/path.dsv
-- Installing: /home/aldayk/redback_ws/install/robot_localization/share/robot_localization/local_setup.bash
-- Installing: /home/aldayk/redback_ws/install/robot_localization/share/robot_localization/local_setup.sh
-- Installing: /home/aldayk/redback_ws/install/robot_localization/share/robot_localization/local_setup.zsh
-- Installing: /home/aldayk/redback_ws/install/robot_localization/share/robot_localization/local_setup.dsv
-- Installing: /home/aldayk/redback_ws/install/robot_localization/share/robot_localization/package.dsv
-- Installing: /home/aldayk/redback_ws/install/robot_localization/share/ament_index/resource_index/packages/robot_localization
-- Installing: /home/aldayk/redback_ws/install/robot_localization/share/robot_localization/cmake/robot_localization__rosidl_generator_cExport.cmake
-- Installing: /home/aldayk/redback_ws/install/robot_localization/share/robot_localization/cmake/robot_localization__rosidl_generator_cExport-relwithdebinfo.cmake
-- Installing: /home/aldayk/redback_ws/install/robot_localization/share/robot_localization/cmake/robot_localization__rosidl_typesupport_introspection_cExport.cmake
-- Installing: /home/aldayk/redback_ws/install/robot_localization/share/robot_localization/cmake/robot_localization__rosidl_typesupport_introspection_cExport-relwithdebinfo.cmake
-- Installing: /home/aldayk/redback_ws/install/robot_localization/share/robot_localization/cmake/robot_localization__rosidl_typesupport_cExport.cmake
-- Installing: /home/aldayk/redback_ws/install/robot_localization/share/robot_localization/cmake/robot_localization__rosidl_typesupport_cExport-relwithdebinfo.cmake
-- Installing: /home/aldayk/redback_ws/install/robot_localization/share/robot_localization/cmake/robot_localization__rosidl_generator_cppExport.cmake
-- Installing: /home/aldayk/redback_ws/install/robot_localization/share/robot_localization/cmake/robot_localization__rosidl_typesupport_introspection_cppExport.cmake
-- Installing: /home/aldayk/redback_ws/install/robot_localization/share/robot_localization/cmake/robot_localization__rosidl_typesupport_introspection_cppExport-relwithdebinfo.cmake
-- Installing: /home/aldayk/redback_ws/install/robot_localization/share/robot_localization/cmake/robot_localization__rosidl_typesupport_cppExport.cmake
-- Installing: /home/aldayk/redback_ws/install/robot_localization/share/robot_localization/cmake/robot_localization__rosidl_typesupport_cppExport-relwithdebinfo.cmake
-- Installing: /home/aldayk/redback_ws/install/robot_localization/share/robot_localization/cmake/rosidl_cmake-extras.cmake
-- Installing: /home/aldayk/redback_ws/install/robot_localization/share/robot_localization/cmake/ament_cmake_export_dependencies-extras.cmake
-- Installing: /home/aldayk/redback_ws/install/robot_localization/share/robot_localization/cmake/ament_cmake_export_libraries-extras.cmake
-- Installing: /home/aldayk/redback_ws/install/robot_localization/share/robot_localization/cmake/ament_cmake_export_targets-extras.cmake
-- Installing: /home/aldayk/redback_ws/install/robot_localization/share/robot_localization/cmake/ament_cmake_export_include_directories-extras.cmake
-- Installing: /home/aldayk/redback_ws/install/robot_localization/share/robot_localization/cmake/rosidl_cmake_export_typesupport_libraries-extras.cmake
-- Installing: /home/aldayk/redback_ws/install/robot_localization/share/robot_localization/cmake/rosidl_cmake_export_typesupport_targets-extras.cmake
-- Installing: /home/aldayk/redback_ws/install/robot_localization/share/robot_localization/cmake/robot_localizationConfig.cmake
-- Installing: /home/aldayk/redback_ws/install/robot_localization/share/robot_localization/cmake/robot_localizationConfig-version.cmake
-- Installing: /home/aldayk/redback_ws/install/robot_localization/share/robot_localization/package.xml
