[0.052s] Invoking command in '/home/aldayk/redback_ws/build/robot_localization': CMAKE_PREFIX_PATH=/opt/ros/galactic /usr/bin/cmake --build /home/aldayk/redback_ws/build/robot_localization -- -j6 -l6
[0.175s] [35m[1mScanning dependencies of target gtest_main[0m
[0.176s] [35m[1mScanning dependencies of target gtest[0m
[0.176s] [35m[1mScanning dependencies of target robot_localization__cpp[0m
[0.184s] [  1%] [34m[1mGenerating C code for ROS interfaces[0m
[0.207s] [  1%] [34m[1mGenerating C++ code for ROS interfaces[0m
[0.210s] [  2%] [32mBuilding CXX object gtest/CMakeFiles/gtest_main.dir/src/gtest_main.cc.o[0m
[0.217s] [  3%] [32mBuilding CXX object gtest/CMakeFiles/gtest.dir/src/gtest-all.cc.o[0m
[2.637s] [  3%] Built target robot_localization__cpp
[2.733s] [  4%] [34m[1mGenerating C++ type support dispatch for ROS interfaces[0m
[2.760s] [  5%] [34m[1mGenerating C++ type support for eProsima Fast-RTPS[0m
[2.777s] [  6%] [34m[1mGenerating C++ introspection for ROS interfaces[0m
[2.789s] [35m[1mScanning dependencies of target robot_localization__rosidl_generator_c[0m
[2.855s] [  6%] [32mBuilding C object CMakeFiles/robot_localization__rosidl_generator_c.dir/rosidl_generator_c/robot_localization/srv/detail/from_ll__functions.c.o[0m
[3.232s] [  7%] [32mBuilding C object CMakeFiles/robot_localization__rosidl_generator_c.dir/rosidl_generator_c/robot_localization/srv/detail/get_state__functions.c.o[0m
[3.539s] [  8%] [32m[1mLinking CXX static library libgtest_main.a[0m
[3.643s] [  9%] [32mBuilding C object CMakeFiles/robot_localization__rosidl_generator_c.dir/rosidl_generator_c/robot_localization/srv/detail/set_datum__functions.c.o[0m
[3.693s] [  9%] Built target gtest_main
[3.739s] [ 10%] [32mBuilding C object CMakeFiles/robot_localization__rosidl_generator_c.dir/rosidl_generator_c/robot_localization/srv/detail/set_pose__functions.c.o[0m
[4.052s] [ 11%] [32mBuilding C object CMakeFiles/robot_localization__rosidl_generator_c.dir/rosidl_generator_c/robot_localization/srv/detail/toggle_filter_processing__functions.c.o[0m
[4.224s] [ 12%] [32mBuilding C object CMakeFiles/robot_localization__rosidl_generator_c.dir/rosidl_generator_c/robot_localization/srv/detail/to_ll__functions.c.o[0m
[4.626s] [ 13%] [32m[1mLinking C shared library librobot_localization__rosidl_generator_c.so[0m
[4.630s] [35m[1mScanning dependencies of target robot_localization__rosidl_typesupport_cpp[0m
[4.693s] [ 14%] [32mBuilding CXX object CMakeFiles/robot_localization__rosidl_typesupport_cpp.dir/rosidl_typesupport_cpp/robot_localization/srv/get_state__type_support.cpp.o[0m
[4.712s] [ 15%] [32mBuilding CXX object CMakeFiles/robot_localization__rosidl_typesupport_cpp.dir/rosidl_typesupport_cpp/robot_localization/srv/from_ll__type_support.cpp.o[0m
[4.829s] [ 15%] Built target robot_localization__rosidl_generator_c
[4.864s] [ 15%] [32mBuilding CXX object CMakeFiles/robot_localization__rosidl_typesupport_cpp.dir/rosidl_typesupport_cpp/robot_localization/srv/set_datum__type_support.cpp.o[0m
[5.338s] [35m[1mScanning dependencies of target robot_localization__rosidl_typesupport_introspection_cpp[0m
[5.405s] [ 16%] [32mBuilding CXX object CMakeFiles/robot_localization__rosidl_typesupport_introspection_cpp.dir/rosidl_typesupport_introspection_cpp/robot_localization/srv/detail/from_ll__type_support.cpp.o[0m
[5.435s] [35m[1mScanning dependencies of target robot_localization__rosidl_typesupport_fastrtps_cpp[0m
[5.536s] [ 17%] [32mBuilding CXX object CMakeFiles/robot_localization__rosidl_typesupport_fastrtps_cpp.dir/rosidl_typesupport_fastrtps_cpp/robot_localization/srv/detail/dds_fastrtps/from_ll__type_support.cpp.o[0m
[6.060s] [ 18%] [32mBuilding CXX object CMakeFiles/robot_localization__rosidl_typesupport_cpp.dir/rosidl_typesupport_cpp/robot_localization/srv/set_pose__type_support.cpp.o[0m
[6.447s] [ 19%] [32mBuilding CXX object CMakeFiles/robot_localization__rosidl_typesupport_fastrtps_cpp.dir/rosidl_typesupport_fastrtps_cpp/robot_localization/srv/detail/dds_fastrtps/get_state__type_support.cpp.o[0m
[6.582s] [ 20%] [32mBuilding CXX object CMakeFiles/robot_localization__rosidl_typesupport_cpp.dir/rosidl_typesupport_cpp/robot_localization/srv/toggle_filter_processing__type_support.cpp.o[0m
[7.041s] [ 21%] [32mBuilding CXX object CMakeFiles/robot_localization__rosidl_typesupport_introspection_cpp.dir/rosidl_typesupport_introspection_cpp/robot_localization/srv/detail/get_state__type_support.cpp.o[0m
[7.517s] [ 22%] [32mBuilding CXX object CMakeFiles/robot_localization__rosidl_typesupport_cpp.dir/rosidl_typesupport_cpp/robot_localization/srv/to_ll__type_support.cpp.o[0m
[7.691s] [ 23%] [32mBuilding CXX object CMakeFiles/robot_localization__rosidl_typesupport_fastrtps_cpp.dir/rosidl_typesupport_fastrtps_cpp/robot_localization/srv/detail/dds_fastrtps/set_datum__type_support.cpp.o[0m
[8.459s] [ 24%] [32mBuilding CXX object CMakeFiles/robot_localization__rosidl_typesupport_fastrtps_cpp.dir/rosidl_typesupport_fastrtps_cpp/robot_localization/srv/detail/dds_fastrtps/set_pose__type_support.cpp.o[0m
[8.915s] [ 25%] [32mBuilding CXX object CMakeFiles/robot_localization__rosidl_typesupport_introspection_cpp.dir/rosidl_typesupport_introspection_cpp/robot_localization/srv/detail/set_datum__type_support.cpp.o[0m
[8.937s] [ 26%] [32m[1mLinking CXX shared library librobot_localization__rosidl_typesupport_cpp.so[0m
[9.418s] [ 26%] Built target robot_localization__rosidl_typesupport_cpp
[9.501s] [ 27%] [34m[1mGenerating C type support dispatch for ROS interfaces[0m
[9.718s] [ 27%] [32mBuilding CXX object CMakeFiles/robot_localization__rosidl_typesupport_fastrtps_cpp.dir/rosidl_typesupport_fastrtps_cpp/robot_localization/srv/detail/dds_fastrtps/toggle_filter_processing__type_support.cpp.o[0m
[10.142s] [ 28%] [32mBuilding CXX object CMakeFiles/robot_localization__rosidl_typesupport_fastrtps_cpp.dir/rosidl_typesupport_fastrtps_cpp/robot_localization/srv/detail/dds_fastrtps/to_ll__type_support.cpp.o[0m
[10.867s] [ 29%] [32mBuilding CXX object CMakeFiles/robot_localization__rosidl_typesupport_introspection_cpp.dir/rosidl_typesupport_introspection_cpp/robot_localization/srv/detail/set_pose__type_support.cpp.o[0m
[11.240s] [ 30%] [32mBuilding CXX object CMakeFiles/robot_localization__rosidl_typesupport_introspection_cpp.dir/rosidl_typesupport_introspection_cpp/robot_localization/srv/detail/toggle_filter_processing__type_support.cpp.o[0m
[11.969s] [35m[1mScanning dependencies of target robot_localization__rosidl_typesupport_c[0m
[12.038s] [ 31%] [32mBuilding CXX object CMakeFiles/robot_localization__rosidl_typesupport_c.dir/rosidl_typesupport_c/robot_localization/srv/from_ll__type_support.cpp.o[0m
[12.197s] [ 32%] [32mBuilding CXX object CMakeFiles/robot_localization__rosidl_typesupport_c.dir/rosidl_typesupport_c/robot_localization/srv/get_state__type_support.cpp.o[0m
[12.313s] [ 33%] [32mBuilding CXX object CMakeFiles/robot_localization__rosidl_typesupport_introspection_cpp.dir/rosidl_typesupport_introspection_cpp/robot_localization/srv/detail/to_ll__type_support.cpp.o[0m
[12.370s] [ 33%] [32mBuilding CXX object CMakeFiles/robot_localization__rosidl_typesupport_c.dir/rosidl_typesupport_c/robot_localization/srv/set_datum__type_support.cpp.o[0m
[12.396s] [ 34%] [32m[1mLinking CXX shared library librobot_localization__rosidl_typesupport_fastrtps_cpp.so[0m
[12.581s] [ 35%] [32mBuilding CXX object CMakeFiles/robot_localization__rosidl_typesupport_c.dir/rosidl_typesupport_c/robot_localization/srv/set_pose__type_support.cpp.o[0m
[12.649s] [ 36%] [32mBuilding CXX object CMakeFiles/robot_localization__rosidl_typesupport_c.dir/rosidl_typesupport_c/robot_localization/srv/toggle_filter_processing__type_support.cpp.o[0m
[12.674s] [ 37%] [32mBuilding CXX object CMakeFiles/robot_localization__rosidl_typesupport_c.dir/rosidl_typesupport_c/robot_localization/srv/to_ll__type_support.cpp.o[0m
[12.781s] [ 38%] [34m[1mGenerating C introspection for ROS interfaces[0m
[12.839s] [ 39%] [32m[1mLinking CXX shared library librobot_localization__rosidl_typesupport_c.so[0m
[12.912s] [ 39%] Built target robot_localization__rosidl_typesupport_fastrtps_cpp
[12.968s] [ 40%] [34m[1mGenerating C type support for eProsima Fast-RTPS[0m
[13.059s] [ 40%] Built target robot_localization__rosidl_typesupport_c
[13.802s] [ 40%] [32m[1mLinking CXX shared library librobot_localization__rosidl_typesupport_introspection_cpp.so[0m
[14.100s] [ 40%] Built target robot_localization__rosidl_typesupport_introspection_cpp
[14.989s] [35m[1mScanning dependencies of target robot_localization__rosidl_typesupport_introspection_c[0m
[15.073s] [ 41%] [32mBuilding C object CMakeFiles/robot_localization__rosidl_typesupport_introspection_c.dir/rosidl_typesupport_introspection_c/robot_localization/srv/detail/set_pose__type_support.c.o[0m
[15.077s] [ 42%] [32mBuilding C object CMakeFiles/robot_localization__rosidl_typesupport_introspection_c.dir/rosidl_typesupport_introspection_c/robot_localization/srv/detail/set_datum__type_support.c.o[0m
[15.081s] [ 43%] [32mBuilding C object CMakeFiles/robot_localization__rosidl_typesupport_introspection_c.dir/rosidl_typesupport_introspection_c/robot_localization/srv/detail/get_state__type_support.c.o[0m
[15.088s] [ 44%] [32mBuilding C object CMakeFiles/robot_localization__rosidl_typesupport_introspection_c.dir/rosidl_typesupport_introspection_c/robot_localization/srv/detail/from_ll__type_support.c.o[0m
[15.268s] [ 45%] [32mBuilding C object CMakeFiles/robot_localization__rosidl_typesupport_introspection_c.dir/rosidl_typesupport_introspection_c/robot_localization/srv/detail/toggle_filter_processing__type_support.c.o[0m
[15.339s] [ 46%] [32mBuilding C object CMakeFiles/robot_localization__rosidl_typesupport_introspection_c.dir/rosidl_typesupport_introspection_c/robot_localization/srv/detail/to_ll__type_support.c.o[0m
[15.439s] [35m[1mScanning dependencies of target robot_localization__rosidl_typesupport_fastrtps_c[0m
[15.562s] [ 46%] [32m[1mLinking C shared library librobot_localization__rosidl_typesupport_introspection_c.so[0m
[15.573s] [ 47%] [32mBuilding CXX object CMakeFiles/robot_localization__rosidl_typesupport_fastrtps_c.dir/rosidl_typesupport_fastrtps_c/robot_localization/srv/detail/from_ll__type_support_c.cpp.o[0m
[15.577s] [ 49%] [32mBuilding CXX object CMakeFiles/robot_localization__rosidl_typesupport_fastrtps_c.dir/rosidl_typesupport_fastrtps_c/robot_localization/srv/detail/set_pose__type_support_c.cpp.o[0m
[15.578s] [ 49%] [32mBuilding CXX object CMakeFiles/robot_localization__rosidl_typesupport_fastrtps_c.dir/rosidl_typesupport_fastrtps_c/robot_localization/srv/detail/set_datum__type_support_c.cpp.o[0m
[15.591s] [ 50%] [32mBuilding CXX object CMakeFiles/robot_localization__rosidl_typesupport_fastrtps_c.dir/rosidl_typesupport_fastrtps_c/robot_localization/srv/detail/get_state__type_support_c.cpp.o[0m
[15.823s] [ 50%] Built target robot_localization__rosidl_typesupport_introspection_c
[15.858s] [ 50%] [32mBuilding CXX object CMakeFiles/robot_localization__rosidl_typesupport_fastrtps_c.dir/rosidl_typesupport_fastrtps_c/robot_localization/srv/detail/toggle_filter_processing__type_support_c.cpp.o[0m
[17.389s] [ 51%] [32mBuilding CXX object CMakeFiles/robot_localization__rosidl_typesupport_fastrtps_c.dir/rosidl_typesupport_fastrtps_c/robot_localization/srv/detail/to_ll__type_support_c.cpp.o[0m
[19.290s] [ 52%] [32m[1mLinking CXX shared library librobot_localization__rosidl_typesupport_fastrtps_c.so[0m
[19.681s] [ 52%] Built target robot_localization__rosidl_typesupport_fastrtps_c
[19.722s] [35m[1mScanning dependencies of target robot_localization[0m
[19.780s] [ 52%] Built target robot_localization
[19.828s] [35m[1mScanning dependencies of target rl_lib[0m
[19.830s] [35m[1mScanning dependencies of target robot_localization__py[0m
[19.873s] [ 53%] [34m[1mGenerating Python code for ROS interfaces[0m
[20.322s] [ 54%] [32mBuilding CXX object CMakeFiles/rl_lib.dir/src/filter_base.cpp.o[0m
[20.324s] [ 54%] [32mBuilding CXX object CMakeFiles/rl_lib.dir/src/ekf.cpp.o[0m
[20.329s] [ 55%] [32mBuilding CXX object CMakeFiles/rl_lib.dir/src/ukf.cpp.o[0m
[20.351s] [ 56%] [32mBuilding CXX object CMakeFiles/rl_lib.dir/src/filter_utilities.cpp.o[0m
[25.779s] [ 56%] Built target robot_localization__py
[25.827s] [ 57%] [32mBuilding CXX object CMakeFiles/rl_lib.dir/src/navsat_transform.cpp.o[0m
[27.721s] [35m[1mScanning dependencies of target robot_localization__python[0m
[27.858s] [ 58%] [32mBuilding C object CMakeFiles/robot_localization__python.dir/rosidl_generator_py/robot_localization/srv/_from_ll_s.c.o[0m
[28.538s] [ 59%] [32mBuilding C object CMakeFiles/robot_localization__python.dir/rosidl_generator_py/robot_localization/srv/_get_state_s.c.o[0m
[29.213s] [ 60%] [32mBuilding C object CMakeFiles/robot_localization__python.dir/rosidl_generator_py/robot_localization/srv/_set_datum_s.c.o[0m
[29.797s] [ 61%] [32mBuilding C object CMakeFiles/robot_localization__python.dir/rosidl_generator_py/robot_localization/srv/_set_pose_s.c.o[0m
[30.355s] [ 62%] [32mBuilding C object CMakeFiles/robot_localization__python.dir/rosidl_generator_py/robot_localization/srv/_toggle_filter_processing_s.c.o[0m
[30.900s] [ 63%] [32mBuilding C object CMakeFiles/robot_localization__python.dir/rosidl_generator_py/robot_localization/srv/_to_ll_s.c.o[0m
[31.439s] [ 64%] [32m[1mLinking C shared library rosidl_generator_py/robot_localization/librobot_localization__python.so[0m
[31.660s] [ 64%] Built target robot_localization__python
[31.692s] [ 65%] [32mBuilding CXX object CMakeFiles/rl_lib.dir/src/robot_localization_estimator.cpp.o[0m
[40.421s] [ 66%] [32mBuilding CXX object CMakeFiles/rl_lib.dir/src/ros_filter.cpp.o[0m
[42.613s] [ 67%] [32mBuilding CXX object CMakeFiles/rl_lib.dir/src/ros_filter_utilities.cpp.o[0m
[49.590s] [ 68%] [32mBuilding CXX object CMakeFiles/rl_lib.dir/src/ros_robot_localization_listener.cpp.o[0m
[61.940s] [ 69%] [32m[1mLinking CXX static library libgtest.a[0m
[61.964s] [35m[1mScanning dependencies of target robot_localization__rosidl_typesupport_fastrtps_c__pyext[0m
[62.047s] [ 70%] [32mBuilding C object CMakeFiles/robot_localization__rosidl_typesupport_fastrtps_c__pyext.dir/rosidl_generator_py/robot_localization/_robot_localization_s.ep.rosidl_typesupport_fastrtps_c.c.o[0m
[62.254s] [ 70%] Built target gtest
[62.286s] [35m[1mScanning dependencies of target robot_localization__rosidl_typesupport_introspection_c__pyext[0m
[62.373s] [ 71%] [32mBuilding C object CMakeFiles/robot_localization__rosidl_typesupport_introspection_c__pyext.dir/rosidl_generator_py/robot_localization/_robot_localization_s.ep.rosidl_typesupport_introspection_c.c.o[0m
[63.200s] [ 72%] [32m[1mLinking CXX shared library rosidl_generator_py/robot_localization/robot_localization_s__rosidl_typesupport_fastrtps_c.cpython-38-x86_64-linux-gnu.so[0m
[63.521s] [ 72%] Built target robot_localization__rosidl_typesupport_fastrtps_c__pyext
[63.553s] [35m[1mScanning dependencies of target robot_localization__rosidl_typesupport_c__pyext[0m
[63.566s] [ 73%] [32m[1mLinking C shared library rosidl_generator_py/robot_localization/robot_localization_s__rosidl_typesupport_introspection_c.cpython-38-x86_64-linux-gnu.so[0m
[63.633s] [ 74%] [32mBuilding C object CMakeFiles/robot_localization__rosidl_typesupport_c__pyext.dir/rosidl_generator_py/robot_localization/_robot_localization_s.ep.rosidl_typesupport_c.c.o[0m
[63.754s] [ 74%] Built target robot_localization__rosidl_typesupport_introspection_c__pyext
[64.970s] [ 75%] [32m[1mLinking C shared library rosidl_generator_py/robot_localization/robot_localization_s__rosidl_typesupport_c.cpython-38-x86_64-linux-gnu.so[0m
[65.145s] [ 75%] Built target robot_localization__rosidl_typesupport_c__pyext
[351.485s] [ 76%] [32m[1mLinking CXX shared library librl_lib.so[0m
[359.529s] [ 76%] Built target rl_lib
[359.576s] [35m[1mScanning dependencies of target test_ros_robot_localization_listener[0m
[359.576s] [35m[1mScanning dependencies of target test_ekf[0m
[359.577s] [35m[1mScanning dependencies of target ekf_node[0m
[359.579s] [35m[1mScanning dependencies of target test_robot_localization_estimator[0m
[359.580s] [35m[1mScanning dependencies of target ukf_node[0m
[359.589s] [35m[1mScanning dependencies of target test_ros_robot_localization_listener_publisher[0m
[359.960s] [ 77%] [32mBuilding CXX object CMakeFiles/test_ros_robot_localization_listener_publisher.dir/test/test_ros_robot_localization_listener_publisher.cpp.o[0m
[359.984s] [ 78%] [32mBuilding CXX object CMakeFiles/ekf_node.dir/src/ekf_node.cpp.o[0m
[359.985s] [ 78%] [32mBuilding CXX object CMakeFiles/test_robot_localization_estimator.dir/test/test_robot_localization_estimator.cpp.o[0m
[360.027s] [ 79%] [32mBuilding CXX object CMakeFiles/test_ros_robot_localization_listener.dir/test/test_ros_robot_localization_listener.cpp.o[0m
[360.069s] [ 80%] [32mBuilding CXX object CMakeFiles/test_ekf.dir/test/test_ekf.cpp.o[0m
[360.197s] [ 81%] [32mBuilding CXX object CMakeFiles/ukf_node.dir/src/ukf_node.cpp.o[0m
[390.668s] [ 81%] [32m[1mLinking CXX executable test_robot_localization_estimator[0m
[392.824s] [ 81%] Built target test_robot_localization_estimator
[392.877s] [35m[1mScanning dependencies of target test_ukf[0m
[393.262s] [ 82%] [32mBuilding CXX object CMakeFiles/test_ukf.dir/test/test_ukf.cpp.o[0m
[393.289s] [ 83%] [32m[1mLinking CXX executable ukf_node[0m
[394.455s] [ 83%] Built target ukf_node
[394.520s] [35m[1mScanning dependencies of target filter_base-test[0m
[394.741s] [ 84%] [32mBuilding CXX object CMakeFiles/filter_base-test.dir/test/test_filter_base.cpp.o[0m
[394.914s] [ 85%] [32m[1mLinking CXX executable ekf_node[0m
[395.908s] [ 85%] Built target ekf_node
[395.952s] [35m[1mScanning dependencies of target navsat_transform_node[0m
[396.246s] [ 86%] [32mBuilding CXX object CMakeFiles/navsat_transform_node.dir/src/navsat_transform_node.cpp.o[0m
[399.505s] [ 87%] [32m[1mLinking CXX executable test_ros_robot_localization_listener[0m
[401.086s] [ 88%] [32m[1mLinking CXX executable test_ekf[0m
[401.849s] [ 88%] Built target test_ros_robot_localization_listener
[401.924s] [35m[1mScanning dependencies of target robot_localization_listener_node[0m
[402.452s] [ 89%] [32mBuilding CXX object CMakeFiles/robot_localization_listener_node.dir/src/robot_localization_listener_node.cpp.o[0m
[403.040s] [ 89%] Built target test_ekf
[403.125s] [35m[1mScanning dependencies of target test_ukf_localization_node_interfaces[0m
[403.439s] [ 90%] [32mBuilding CXX object CMakeFiles/test_ukf_localization_node_interfaces.dir/test/test_ukf_localization_node_interfaces.cpp.o[0m
[408.328s] [ 91%] [32m[1mLinking CXX executable test_ros_robot_localization_listener_publisher[0m
[409.425s] [ 91%] Built target test_ros_robot_localization_listener_publisher
[409.484s] [35m[1mScanning dependencies of target test_ekf_localization_node_interfaces[0m
[409.799s] [ 92%] [32mBuilding CXX object CMakeFiles/test_ekf_localization_node_interfaces.dir/test/test_ekf_localization_node_interfaces.cpp.o[0m
[415.382s] [ 93%] [32m[1mLinking CXX executable filter_base-test[0m
[416.957s] [ 93%] Built target filter_base-test
[417.002s] [35m[1mScanning dependencies of target test_filter_base_diagnostics_timestamps[0m
[417.296s] [ 94%] [32mBuilding CXX object CMakeFiles/test_filter_base_diagnostics_timestamps.dir/test/test_filter_base_diagnostics_timestamps.cpp.o[0m
[418.264s] [ 95%] [32m[1mLinking CXX executable navsat_transform_node[0m
[419.317s] [ 95%] Built target navsat_transform_node
[435.111s] [ 96%] [32m[1mLinking CXX executable robot_localization_listener_node[0m
[436.507s] [ 96%] Built target robot_localization_listener_node
[440.733s] [ 97%] [32m[1mLinking CXX executable test_ukf[0m
[442.591s] [ 97%] Built target test_ukf
[523.871s] [ 98%] [32m[1mLinking CXX executable test_ukf_localization_node_interfaces[0m
[524.566s] [ 99%] [32m[1mLinking CXX executable test_filter_base_diagnostics_timestamps[0m
[524.987s] [ 99%] Built target test_ukf_localization_node_interfaces
[525.626s] [ 99%] Built target test_filter_base_diagnostics_timestamps
[528.215s] [100%] [32m[1mLinking CXX executable test_ekf_localization_node_interfaces[0m
[529.351s] [100%] Built target test_ekf_localization_node_interfaces
[529.408s] Invoked command in '/home/aldayk/redback_ws/build/robot_localization' returned '0': CMAKE_PREFIX_PATH=/opt/ros/galactic /usr/bin/cmake --build /home/aldayk/redback_ws/build/robot_localization -- -j6 -l6
[530.102s] Invoking command in '/home/aldayk/redback_ws/build/robot_localization': CMAKE_PREFIX_PATH=/opt/ros/galactic /usr/bin/cmake --install /home/aldayk/redback_ws/build/robot_localization
[530.136s] -- Install configuration: "RelWithDebInfo"
[530.138s] -- Installing: /home/aldayk/redback_ws/install/robot_localization/share/ament_index/resource_index/rosidl_interfaces/robot_localization
[530.138s] -- Installing: /home/aldayk/redback_ws/install/robot_localization/include/robot_localization
[530.139s] -- Installing: /home/aldayk/redback_ws/install/robot_localization/include/robot_localization/msg
[530.139s] -- Installing: /home/aldayk/redback_ws/install/robot_localization/include/robot_localization/msg/rosidl_generator_c__visibility_control.h
[530.140s] -- Installing: /home/aldayk/redback_ws/install/robot_localization/include/robot_localization/srv
[530.140s] -- Installing: /home/aldayk/redback_ws/install/robot_localization/include/robot_localization/srv/from_ll.h
[530.143s] -- Installing: /home/aldayk/redback_ws/install/robot_localization/include/robot_localization/srv/set_datum.h
[530.146s] -- Installing: /home/aldayk/redback_ws/install/robot_localization/include/robot_localization/srv/toggle_filter_processing.h
[530.147s] -- Installing: /home/aldayk/redback_ws/install/robot_localization/include/robot_localization/srv/detail
[530.148s] -- Installing: /home/aldayk/redback_ws/install/robot_localization/include/robot_localization/srv/detail/to_ll__struct.h
[530.149s] -- Installing: /home/aldayk/redback_ws/install/robot_localization/include/robot_localization/srv/detail/get_state__functions.h
[530.150s] -- Installing: /home/aldayk/redback_ws/install/robot_localization/include/robot_localization/srv/detail/from_ll__struct.h
[530.151s] -- Installing: /home/aldayk/redback_ws/install/robot_localization/include/robot_localization/srv/detail/from_ll__type_support.h
[530.151s] -- Installing: /home/aldayk/redback_ws/install/robot_localization/include/robot_localization/srv/detail/to_ll__functions.c
[530.153s] -- Installing: /home/aldayk/redback_ws/install/robot_localization/include/robot_localization/srv/detail/set_datum__struct.h
[530.154s] -- Installing: /home/aldayk/redback_ws/install/robot_localization/include/robot_localization/srv/detail/toggle_filter_processing__struct.h
[530.155s] -- Installing: /home/aldayk/redback_ws/install/robot_localization/include/robot_localization/srv/detail/set_datum__type_support.h
[530.156s] -- Installing: /home/aldayk/redback_ws/install/robot_localization/include/robot_localization/srv/detail/toggle_filter_processing__functions.c
[530.157s] -- Installing: /home/aldayk/redback_ws/install/robot_localization/include/robot_localization/srv/detail/set_pose__type_support.h
[530.162s] -- Installing: /home/aldayk/redback_ws/install/robot_localization/include/robot_localization/srv/detail/toggle_filter_processing__functions.h
[530.165s] -- Installing: /home/aldayk/redback_ws/install/robot_localization/include/robot_localization/srv/detail/from_ll__functions.c
[530.166s] -- Installing: /home/aldayk/redback_ws/install/robot_localization/include/robot_localization/srv/detail/set_datum__functions.h
[530.168s] -- Installing: /home/aldayk/redback_ws/install/robot_localization/include/robot_localization/srv/detail/to_ll__type_support.h
[530.169s] -- Installing: /home/aldayk/redback_ws/install/robot_localization/include/robot_localization/srv/detail/set_pose__functions.h
[530.170s] -- Installing: /home/aldayk/redback_ws/install/robot_localization/include/robot_localization/srv/detail/get_state__type_support.h
[530.170s] -- Installing: /home/aldayk/redback_ws/install/robot_localization/include/robot_localization/srv/detail/set_datum__functions.c
[530.171s] -- Installing: /home/aldayk/redback_ws/install/robot_localization/include/robot_localization/srv/detail/get_state__struct.h
[530.172s] -- Installing: /home/aldayk/redback_ws/install/robot_localization/include/robot_localization/srv/detail/set_pose__functions.c
[530.173s] -- Installing: /home/aldayk/redback_ws/install/robot_localization/include/robot_localization/srv/detail/toggle_filter_processing__type_support.h
[530.173s] -- Installing: /home/aldayk/redback_ws/install/robot_localization/include/robot_localization/srv/detail/to_ll__functions.h
[530.174s] -- Installing: /home/aldayk/redback_ws/install/robot_localization/include/robot_localization/srv/detail/get_state__functions.c
[530.174s] -- Installing: /home/aldayk/redback_ws/install/robot_localization/include/robot_localization/srv/detail/from_ll__functions.h
[530.175s] -- Installing: /home/aldayk/redback_ws/install/robot_localization/include/robot_localization/srv/detail/set_pose__struct.h
[530.175s] -- Installing: /home/aldayk/redback_ws/install/robot_localization/include/robot_localization/srv/to_ll.h
[530.176s] -- Installing: /home/aldayk/redback_ws/install/robot_localization/include/robot_localization/srv/set_pose.h
[530.176s] -- Installing: /home/aldayk/redback_ws/install/robot_localization/include/robot_localization/srv/get_state.h
[530.176s] -- Installing: /home/aldayk/redback_ws/install/robot_localization/share/robot_localization/environment/library_path.sh
[530.176s] -- Installing: /home/aldayk/redback_ws/install/robot_localization/share/robot_localization/environment/library_path.dsv
[530.176s] -- Installing: /home/aldayk/redback_ws/install/robot_localization/lib/librobot_localization__rosidl_generator_c.so
[530.176s] -- Set runtime path of "/home/aldayk/redback_ws/install/robot_localization/lib/librobot_localization__rosidl_generator_c.so" to ""
[530.177s] -- Up-to-date: /home/aldayk/redback_ws/install/robot_localization/include/robot_localization
[530.177s] -- Up-to-date: /home/aldayk/redback_ws/install/robot_localization/include/robot_localization/msg
[530.177s] -- Installing: /home/aldayk/redback_ws/install/robot_localization/include/robot_localization/msg/rosidl_typesupport_fastrtps_c__visibility_control.h
[530.177s] -- Up-to-date: /home/aldayk/redback_ws/install/robot_localization/include/robot_localization/srv
[530.177s] -- Up-to-date: /home/aldayk/redback_ws/install/robot_localization/include/robot_localization/srv/detail
[530.177s] -- Installing: /home/aldayk/redback_ws/install/robot_localization/include/robot_localization/srv/detail/to_ll__rosidl_typesupport_fastrtps_c.h
[530.177s] -- Installing: /home/aldayk/redback_ws/install/robot_localization/include/robot_localization/srv/detail/toggle_filter_processing__rosidl_typesupport_fastrtps_c.h
[530.178s] -- Installing: /home/aldayk/redback_ws/install/robot_localization/include/robot_localization/srv/detail/from_ll__rosidl_typesupport_fastrtps_c.h
[530.179s] -- Installing: /home/aldayk/redback_ws/install/robot_localization/include/robot_localization/srv/detail/set_datum__rosidl_typesupport_fastrtps_c.h
[530.179s] -- Installing: /home/aldayk/redback_ws/install/robot_localization/include/robot_localization/srv/detail/get_state__rosidl_typesupport_fastrtps_c.h
[530.180s] -- Installing: /home/aldayk/redback_ws/install/robot_localization/include/robot_localization/srv/detail/set_pose__rosidl_typesupport_fastrtps_c.h
[530.180s] -- Installing: /home/aldayk/redback_ws/install/robot_localization/lib/librobot_localization__rosidl_typesupport_fastrtps_c.so
[530.181s] -- Set runtime path of "/home/aldayk/redback_ws/install/robot_localization/lib/librobot_localization__rosidl_typesupport_fastrtps_c.so" to ""
[530.181s] -- Up-to-date: /home/aldayk/redback_ws/install/robot_localization/include/robot_localization
[530.181s] -- Up-to-date: /home/aldayk/redback_ws/install/robot_localization/include/robot_localization/msg
[530.181s] -- Installing: /home/aldayk/redback_ws/install/robot_localization/include/robot_localization/msg/rosidl_typesupport_fastrtps_cpp__visibility_control.h
[530.182s] -- Up-to-date: /home/aldayk/redback_ws/install/robot_localization/include/robot_localization/srv
[530.182s] -- Up-to-date: /home/aldayk/redback_ws/install/robot_localization/include/robot_localization/srv/detail
[530.183s] -- Installing: /home/aldayk/redback_ws/install/robot_localization/include/robot_localization/srv/detail/get_state__rosidl_typesupport_fastrtps_cpp.hpp
[530.183s] -- Installing: /home/aldayk/redback_ws/install/robot_localization/include/robot_localization/srv/detail/to_ll__rosidl_typesupport_fastrtps_cpp.hpp
[530.184s] -- Installing: /home/aldayk/redback_ws/install/robot_localization/include/robot_localization/srv/detail/toggle_filter_processing__rosidl_typesupport_fastrtps_cpp.hpp
[530.184s] -- Installing: /home/aldayk/redback_ws/install/robot_localization/include/robot_localization/srv/detail/set_datum__rosidl_typesupport_fastrtps_cpp.hpp
[530.185s] -- Installing: /home/aldayk/redback_ws/install/robot_localization/include/robot_localization/srv/detail/dds_fastrtps
[530.186s] -- Installing: /home/aldayk/redback_ws/install/robot_localization/include/robot_localization/srv/detail/from_ll__rosidl_typesupport_fastrtps_cpp.hpp
[530.187s] -- Installing: /home/aldayk/redback_ws/install/robot_localization/include/robot_localization/srv/detail/set_pose__rosidl_typesupport_fastrtps_cpp.hpp
[530.191s] -- Installing: /home/aldayk/redback_ws/install/robot_localization/lib/librobot_localization__rosidl_typesupport_fastrtps_cpp.so
[530.192s] -- Set runtime path of "/home/aldayk/redback_ws/install/robot_localization/lib/librobot_localization__rosidl_typesupport_fastrtps_cpp.so" to ""
[530.193s] -- Up-to-date: /home/aldayk/redback_ws/install/robot_localization/include/robot_localization
[530.193s] -- Up-to-date: /home/aldayk/redback_ws/install/robot_localization/include/robot_localization/msg
[530.194s] -- Installing: /home/aldayk/redback_ws/install/robot_localization/include/robot_localization/msg/rosidl_typesupport_introspection_c__visibility_control.h
[530.194s] -- Up-to-date: /home/aldayk/redback_ws/install/robot_localization/include/robot_localization/srv
[530.194s] -- Up-to-date: /home/aldayk/redback_ws/install/robot_localization/include/robot_localization/srv/detail
[530.196s] -- Installing: /home/aldayk/redback_ws/install/robot_localization/include/robot_localization/srv/detail/from_ll__type_support.c
[530.197s] -- Installing: /home/aldayk/redback_ws/install/robot_localization/include/robot_localization/srv/detail/set_pose__rosidl_typesupport_introspection_c.h
[530.197s] -- Installing: /home/aldayk/redback_ws/install/robot_localization/include/robot_localization/srv/detail/get_state__rosidl_typesupport_introspection_c.h
[530.197s] -- Installing: /home/aldayk/redback_ws/install/robot_localization/include/robot_localization/srv/detail/toggle_filter_processing__rosidl_typesupport_introspection_c.h
[530.198s] -- Installing: /home/aldayk/redback_ws/install/robot_localization/include/robot_localization/srv/detail/set_datum__type_support.c
[530.199s] -- Installing: /home/aldayk/redback_ws/install/robot_localization/include/robot_localization/srv/detail/to_ll__type_support.c
[530.199s] -- Installing: /home/aldayk/redback_ws/install/robot_localization/include/robot_localization/srv/detail/from_ll__rosidl_typesupport_introspection_c.h
[530.199s] -- Installing: /home/aldayk/redback_ws/install/robot_localization/include/robot_localization/srv/detail/set_datum__rosidl_typesupport_introspection_c.h
[530.200s] -- Installing: /home/aldayk/redback_ws/install/robot_localization/include/robot_localization/srv/detail/to_ll__rosidl_typesupport_introspection_c.h
[530.200s] -- Installing: /home/aldayk/redback_ws/install/robot_localization/include/robot_localization/srv/detail/toggle_filter_processing__type_support.c
[530.200s] -- Installing: /home/aldayk/redback_ws/install/robot_localization/include/robot_localization/srv/detail/get_state__type_support.c
[530.200s] -- Installing: /home/aldayk/redback_ws/install/robot_localization/include/robot_localization/srv/detail/set_pose__type_support.c
[530.201s] -- Installing: /home/aldayk/redback_ws/install/robot_localization/lib/librobot_localization__rosidl_typesupport_introspection_c.so
[530.201s] -- Set runtime path of "/home/aldayk/redback_ws/install/robot_localization/lib/librobot_localization__rosidl_typesupport_introspection_c.so" to ""
[530.202s] -- Installing: /home/aldayk/redback_ws/install/robot_localization/lib/librobot_localization__rosidl_typesupport_c.so
[530.203s] -- Set runtime path of "/home/aldayk/redback_ws/install/robot_localization/lib/librobot_localization__rosidl_typesupport_c.so" to ""
[530.205s] -- Up-to-date: /home/aldayk/redback_ws/install/robot_localization/include/robot_localization
[530.207s] -- Up-to-date: /home/aldayk/redback_ws/install/robot_localization/include/robot_localization/srv
[530.209s] -- Installing: /home/aldayk/redback_ws/install/robot_localization/include/robot_localization/srv/to_ll.hpp
[530.209s] -- Installing: /home/aldayk/redback_ws/install/robot_localization/include/robot_localization/srv/get_state.hpp
[530.209s] -- Installing: /home/aldayk/redback_ws/install/robot_localization/include/robot_localization/srv/toggle_filter_processing.hpp
[530.210s] -- Installing: /home/aldayk/redback_ws/install/robot_localization/include/robot_localization/srv/set_datum.hpp
[530.210s] -- Up-to-date: /home/aldayk/redback_ws/install/robot_localization/include/robot_localization/srv/detail
[530.210s] -- Installing: /home/aldayk/redback_ws/install/robot_localization/include/robot_localization/srv/detail/to_ll__struct.hpp
[530.210s] -- Installing: /home/aldayk/redback_ws/install/robot_localization/include/robot_localization/srv/detail/from_ll__struct.hpp
[530.211s] -- Installing: /home/aldayk/redback_ws/install/robot_localization/include/robot_localization/srv/detail/toggle_filter_processing__traits.hpp
[530.211s] -- Installing: /home/aldayk/redback_ws/install/robot_localization/include/robot_localization/srv/detail/from_ll__traits.hpp
[530.211s] -- Installing: /home/aldayk/redback_ws/install/robot_localization/include/robot_localization/srv/detail/set_pose__builder.hpp
[530.212s] -- Installing: /home/aldayk/redback_ws/install/robot_localization/include/robot_localization/srv/detail/set_datum__struct.hpp
[530.212s] -- Installing: /home/aldayk/redback_ws/install/robot_localization/include/robot_localization/srv/detail/set_datum__builder.hpp
[530.212s] -- Installing: /home/aldayk/redback_ws/install/robot_localization/include/robot_localization/srv/detail/set_pose__struct.hpp
[530.212s] -- Installing: /home/aldayk/redback_ws/install/robot_localization/include/robot_localization/srv/detail/toggle_filter_processing__struct.hpp
[530.213s] -- Installing: /home/aldayk/redback_ws/install/robot_localization/include/robot_localization/srv/detail/to_ll__builder.hpp
[530.213s] -- Installing: /home/aldayk/redback_ws/install/robot_localization/include/robot_localization/srv/detail/get_state__builder.hpp
[530.213s] -- Installing: /home/aldayk/redback_ws/install/robot_localization/include/robot_localization/srv/detail/set_datum__traits.hpp
[530.213s] -- Installing: /home/aldayk/redback_ws/install/robot_localization/include/robot_localization/srv/detail/set_pose__traits.hpp
[530.213s] -- Installing: /home/aldayk/redback_ws/install/robot_localization/include/robot_localization/srv/detail/toggle_filter_processing__builder.hpp
[530.213s] -- Installing: /home/aldayk/redback_ws/install/robot_localization/include/robot_localization/srv/detail/to_ll__traits.hpp
[530.214s] -- Installing: /home/aldayk/redback_ws/install/robot_localization/include/robot_localization/srv/detail/get_state__struct.hpp
[530.214s] -- Installing: /home/aldayk/redback_ws/install/robot_localization/include/robot_localization/srv/detail/from_ll__builder.hpp
[530.214s] -- Installing: /home/aldayk/redback_ws/install/robot_localization/include/robot_localization/srv/detail/get_state__traits.hpp
[530.214s] -- Installing: /home/aldayk/redback_ws/install/robot_localization/include/robot_localization/srv/from_ll.hpp
[530.214s] -- Installing: /home/aldayk/redback_ws/install/robot_localization/include/robot_localization/srv/set_pose.hpp
[530.214s] -- Up-to-date: /home/aldayk/redback_ws/install/robot_localization/include/robot_localization
[530.214s] -- Up-to-date: /home/aldayk/redback_ws/install/robot_localization/include/robot_localization/srv
[530.215s] -- Up-to-date: /home/aldayk/redback_ws/install/robot_localization/include/robot_localization/srv/detail
[530.215s] -- Installing: /home/aldayk/redback_ws/install/robot_localization/include/robot_localization/srv/detail/set_pose__rosidl_typesupport_introspection_cpp.hpp
[530.215s] -- Installing: /home/aldayk/redback_ws/install/robot_localization/include/robot_localization/srv/detail/set_datum__rosidl_typesupport_introspection_cpp.hpp
[530.215s] -- Installing: /home/aldayk/redback_ws/install/robot_localization/include/robot_localization/srv/detail/from_ll__rosidl_typesupport_introspection_cpp.hpp
[530.215s] -- Installing: /home/aldayk/redback_ws/install/robot_localization/include/robot_localization/srv/detail/set_pose__type_support.cpp
[530.215s] -- Installing: /home/aldayk/redback_ws/install/robot_localization/include/robot_localization/srv/detail/get_state__rosidl_typesupport_introspection_cpp.hpp
[530.216s] -- Installing: /home/aldayk/redback_ws/install/robot_localization/include/robot_localization/srv/detail/set_datum__type_support.cpp
[530.216s] -- Installing: /home/aldayk/redback_ws/install/robot_localization/include/robot_localization/srv/detail/to_ll__rosidl_typesupport_introspection_cpp.hpp
[530.216s] -- Installing: /home/aldayk/redback_ws/install/robot_localization/include/robot_localization/srv/detail/toggle_filter_processing__rosidl_typesupport_introspection_cpp.hpp
[530.216s] -- Installing: /home/aldayk/redback_ws/install/robot_localization/include/robot_localization/srv/detail/to_ll__type_support.cpp
[530.216s] -- Installing: /home/aldayk/redback_ws/install/robot_localization/include/robot_localization/srv/detail/toggle_filter_processing__type_support.cpp
[530.216s] -- Installing: /home/aldayk/redback_ws/install/robot_localization/include/robot_localization/srv/detail/get_state__type_support.cpp
[530.217s] -- Installing: /home/aldayk/redback_ws/install/robot_localization/include/robot_localization/srv/detail/from_ll__type_support.cpp
[530.217s] -- Installing: /home/aldayk/redback_ws/install/robot_localization/lib/librobot_localization__rosidl_typesupport_introspection_cpp.so
[530.217s] -- Set runtime path of "/home/aldayk/redback_ws/install/robot_localization/lib/librobot_localization__rosidl_typesupport_introspection_cpp.so" to ""
[530.217s] -- Installing: /home/aldayk/redback_ws/install/robot_localization/lib/librobot_localization__rosidl_typesupport_cpp.so
[530.217s] -- Set runtime path of "/home/aldayk/redback_ws/install/robot_localization/lib/librobot_localization__rosidl_typesupport_cpp.so" to ""
[530.217s] -- Installing: /home/aldayk/redback_ws/install/robot_localization/share/robot_localization/environment/pythonpath.sh
[530.217s] -- Installing: /home/aldayk/redback_ws/install/robot_localization/share/robot_localization/environment/pythonpath.dsv
[530.218s] -- Installing: /home/aldayk/redback_ws/install/robot_localization/lib/python3.8/site-packages/robot_localization/__init__.py
[530.313s] Compiling '/home/aldayk/redback_ws/install/robot_localization/lib/python3.8/site-packages/robot_localization/__init__.py'...
[530.332s] -- Installing: /home/aldayk/redback_ws/install/robot_localization/lib/python3.8/site-packages/robot_localization/srv
[530.333s] -- Installing: /home/aldayk/redback_ws/install/robot_localization/lib/python3.8/site-packages/robot_localization/srv/_toggle_filter_processing.py
[530.334s] -- Installing: /home/aldayk/redback_ws/install/robot_localization/lib/python3.8/site-packages/robot_localization/srv/_to_ll.py
[530.334s] -- Installing: /home/aldayk/redback_ws/install/robot_localization/lib/python3.8/site-packages/robot_localization/srv/_set_pose.py
[530.335s] -- Installing: /home/aldayk/redback_ws/install/robot_localization/lib/python3.8/site-packages/robot_localization/srv/_to_ll_s.c
[530.336s] -- Installing: /home/aldayk/redback_ws/install/robot_localization/lib/python3.8/site-packages/robot_localization/srv/_from_ll_s.c
[530.336s] -- Installing: /home/aldayk/redback_ws/install/robot_localization/lib/python3.8/site-packages/robot_localization/srv/_toggle_filter_processing_s.c
[530.337s] -- Installing: /home/aldayk/redback_ws/install/robot_localization/lib/python3.8/site-packages/robot_localization/srv/_set_pose_s.c
[530.337s] -- Installing: /home/aldayk/redback_ws/install/robot_localization/lib/python3.8/site-packages/robot_localization/srv/_get_state.py
[530.337s] -- Installing: /home/aldayk/redback_ws/install/robot_localization/lib/python3.8/site-packages/robot_localization/srv/_set_datum.py
[530.338s] -- Installing: /home/aldayk/redback_ws/install/robot_localization/lib/python3.8/site-packages/robot_localization/srv/_set_datum_s.c
[530.338s] -- Installing: /home/aldayk/redback_ws/install/robot_localization/lib/python3.8/site-packages/robot_localization/srv/_from_ll.py
[530.339s] -- Installing: /home/aldayk/redback_ws/install/robot_localization/lib/python3.8/site-packages/robot_localization/srv/__init__.py
[530.339s] -- Installing: /home/aldayk/redback_ws/install/robot_localization/lib/python3.8/site-packages/robot_localization/srv/_get_state_s.c
[530.339s] -- Installing: /home/aldayk/redback_ws/install/robot_localization/lib/python3.8/site-packages/robot_localization/robot_localization_s__rosidl_typesupport_fastrtps_c.cpython-38-x86_64-linux-gnu.so
[530.340s] -- Set runtime path of "/home/aldayk/redback_ws/install/robot_localization/lib/python3.8/site-packages/robot_localization/robot_localization_s__rosidl_typesupport_fastrtps_c.cpython-38-x86_64-linux-gnu.so" to ""
[530.340s] -- Installing: /home/aldayk/redback_ws/install/robot_localization/lib/python3.8/site-packages/robot_localization/robot_localization_s__rosidl_typesupport_introspection_c.cpython-38-x86_64-linux-gnu.so
[530.342s] -- Set runtime path of "/home/aldayk/redback_ws/install/robot_localization/lib/python3.8/site-packages/robot_localization/robot_localization_s__rosidl_typesupport_introspection_c.cpython-38-x86_64-linux-gnu.so" to ""
[530.345s] -- Installing: /home/aldayk/redback_ws/install/robot_localization/lib/python3.8/site-packages/robot_localization/robot_localization_s__rosidl_typesupport_c.cpython-38-x86_64-linux-gnu.so
[530.347s] -- Set runtime path of "/home/aldayk/redback_ws/install/robot_localization/lib/python3.8/site-packages/robot_localization/robot_localization_s__rosidl_typesupport_c.cpython-38-x86_64-linux-gnu.so" to ""
[530.348s] -- Installing: /home/aldayk/redback_ws/install/robot_localization/lib/librobot_localization__python.so
[530.349s] -- Set runtime path of "/home/aldayk/redback_ws/install/robot_localization/lib/librobot_localization__python.so" to ""
[530.350s] -- Installing: /home/aldayk/redback_ws/install/robot_localization/share/robot_localization/srv/FromLL.idl
[530.350s] -- Installing: /home/aldayk/redback_ws/install/robot_localization/share/robot_localization/srv/GetState.idl
[530.351s] -- Installing: /home/aldayk/redback_ws/install/robot_localization/share/robot_localization/srv/SetDatum.idl
[530.351s] -- Installing: /home/aldayk/redback_ws/install/robot_localization/share/robot_localization/srv/SetPose.idl
[530.352s] -- Installing: /home/aldayk/redback_ws/install/robot_localization/share/robot_localization/srv/ToggleFilterProcessing.idl
[530.353s] -- Installing: /home/aldayk/redback_ws/install/robot_localization/share/robot_localization/srv/ToLL.idl
[530.354s] -- Installing: /home/aldayk/redback_ws/install/robot_localization/share/robot_localization/srv/FromLL.srv
[530.355s] -- Installing: /home/aldayk/redback_ws/install/robot_localization/share/robot_localization/srv/FromLL_Request.msg
[530.355s] -- Installing: /home/aldayk/redback_ws/install/robot_localization/share/robot_localization/srv/FromLL_Response.msg
[530.355s] -- Installing: /home/aldayk/redback_ws/install/robot_localization/share/robot_localization/srv/GetState.srv
[530.355s] -- Installing: /home/aldayk/redback_ws/install/robot_localization/share/robot_localization/srv/GetState_Request.msg
[530.356s] -- Installing: /home/aldayk/redback_ws/install/robot_localization/share/robot_localization/srv/GetState_Response.msg
[530.356s] -- Installing: /home/aldayk/redback_ws/install/robot_localization/share/robot_localization/srv/SetDatum.srv
[530.356s] -- Installing: /home/aldayk/redback_ws/install/robot_localization/share/robot_localization/srv/SetDatum_Request.msg
[530.357s] -- Installing: /home/aldayk/redback_ws/install/robot_localization/share/robot_localization/srv/SetDatum_Response.msg
[530.357s] -- Installing: /home/aldayk/redback_ws/install/robot_localization/share/robot_localization/srv/SetPose.srv
[530.357s] -- Installing: /home/aldayk/redback_ws/install/robot_localization/share/robot_localization/srv/SetPose_Request.msg
[530.358s] -- Installing: /home/aldayk/redback_ws/install/robot_localization/share/robot_localization/srv/SetPose_Response.msg
[530.358s] -- Installing: /home/aldayk/redback_ws/install/robot_localization/share/robot_localization/srv/ToggleFilterProcessing.srv
[530.358s] -- Installing: /home/aldayk/redback_ws/install/robot_localization/share/robot_localization/srv/ToggleFilterProcessing_Request.msg
[530.358s] -- Installing: /home/aldayk/redback_ws/install/robot_localization/share/robot_localization/srv/ToggleFilterProcessing_Response.msg
[530.359s] -- Installing: /home/aldayk/redback_ws/install/robot_localization/share/robot_localization/srv/ToLL.srv
[530.359s] -- Installing: /home/aldayk/redback_ws/install/robot_localization/share/robot_localization/srv/ToLL_Request.msg
[530.359s] -- Installing: /home/aldayk/redback_ws/install/robot_localization/share/robot_localization/srv/ToLL_Response.msg
[530.360s] -- Installing: /home/aldayk/redback_ws/install/robot_localization/lib/robot_localization/filter_base-test
[530.391s] -- Set runtime path of "/home/aldayk/redback_ws/install/robot_localization/lib/robot_localization/filter_base-test" to ""
[530.392s] -- Installing: /home/aldayk/redback_ws/install/robot_localization/lib/robot_localization/test_filter_base_diagnostics_timestamps
[530.469s] -- Set runtime path of "/home/aldayk/redback_ws/install/robot_localization/lib/robot_localization/test_filter_base_diagnostics_timestamps" to ""
[530.470s] -- Installing: /home/aldayk/redback_ws/install/robot_localization/lib/robot_localization/test_ekf
[530.506s] -- Set runtime path of "/home/aldayk/redback_ws/install/robot_localization/lib/robot_localization/test_ekf" to ""
[530.506s] -- Installing: /home/aldayk/redback_ws/install/robot_localization/lib/robot_localization/test_ekf_localization_node_interfaces
[530.572s] -- Set runtime path of "/home/aldayk/redback_ws/install/robot_localization/lib/robot_localization/test_ekf_localization_node_interfaces" to ""
[530.573s] -- Installing: /home/aldayk/redback_ws/install/robot_localization/lib/robot_localization/test_ukf
[530.616s] -- Set runtime path of "/home/aldayk/redback_ws/install/robot_localization/lib/robot_localization/test_ukf" to ""
[530.616s] -- Installing: /home/aldayk/redback_ws/install/robot_localization/lib/robot_localization/test_ukf_localization_node_interfaces
[530.692s] -- Set runtime path of "/home/aldayk/redback_ws/install/robot_localization/lib/robot_localization/test_ukf_localization_node_interfaces" to ""
[530.693s] -- Installing: /home/aldayk/redback_ws/install/robot_localization/lib/robot_localization/test_robot_localization_estimator
[530.726s] -- Set runtime path of "/home/aldayk/redback_ws/install/robot_localization/lib/robot_localization/test_robot_localization_estimator" to ""
[530.727s] -- Installing: /home/aldayk/redback_ws/install/robot_localization/lib/robot_localization/test_ros_robot_localization_listener
[530.760s] -- Set runtime path of "/home/aldayk/redback_ws/install/robot_localization/lib/robot_localization/test_ros_robot_localization_listener" to ""
[530.761s] -- Installing: /home/aldayk/redback_ws/install/robot_localization/lib/robot_localization/test_ros_robot_localization_listener_publisher
[530.780s] -- Set runtime path of "/home/aldayk/redback_ws/install/robot_localization/lib/robot_localization/test_ros_robot_localization_listener_publisher" to ""
[530.781s] -- Installing: /home/aldayk/redback_ws/install/robot_localization/share/robot_localization/test
[530.781s] -- Installing: /home/aldayk/redback_ws/install/robot_localization/share/robot_localization/test/test_robot_localization_estimator.launch.py
[530.782s] -- Installing: /home/aldayk/redback_ws/install/robot_localization/share/robot_localization/test/test1.bag
[530.789s] -- Installing: /home/aldayk/redback_ws/install/robot_localization/share/robot_localization/test/test_ukf_localization_node_bag1.sh
[530.792s] -- Installing: /home/aldayk/redback_ws/install/robot_localization/share/robot_localization/test/test_ekf_localization_node_bag3.sh
[530.792s] -- Installing: /home/aldayk/redback_ws/install/robot_localization/share/robot_localization/test/test_ekf_localization_node_bag3.yaml
[530.793s] -- Installing: /home/aldayk/redback_ws/install/robot_localization/share/robot_localization/test/test_filter_base_diagnostics_timestamps.launch.py
[530.794s] -- Installing: /home/aldayk/redback_ws/install/robot_localization/share/robot_localization/test/test_ekf_localization_node_interfaces.cpp
[530.794s] -- Installing: /home/aldayk/redback_ws/install/robot_localization/share/robot_localization/test/test_ukf_localization_node_bag3.yaml
[530.795s] -- Installing: /home/aldayk/redback_ws/install/robot_localization/share/robot_localization/test/test3.bag
[530.894s] -- Installing: /home/aldayk/redback_ws/install/robot_localization/share/robot_localization/test/test_ukf_localization_node_interfaces.launch.py
[530.895s] -- Installing: /home/aldayk/redback_ws/install/robot_localization/share/robot_localization/test/test_ekf_localization_node_bag1.sh
[530.895s] -- Installing: /home/aldayk/redback_ws/install/robot_localization/share/robot_localization/test/test_ekf.cpp
[530.897s] -- Installing: /home/aldayk/redback_ws/install/robot_localization/share/robot_localization/test/test_filter_base.cpp
[530.898s] -- Installing: /home/aldayk/redback_ws/install/robot_localization/share/robot_localization/test/test_robot_localization_estimator.cpp
[530.899s] -- Installing: /home/aldayk/redback_ws/install/robot_localization/share/robot_localization/test/test_ekf_localization_node_bag2.launch.py
[530.900s] -- Installing: /home/aldayk/redback_ws/install/robot_localization/share/robot_localization/test/test_ekf_localization_node_bag2.sh
[530.901s] -- Installing: /home/aldayk/redback_ws/install/robot_localization/share/robot_localization/test/test_ukf_localization_node_bag3.sh
[530.901s] -- Installing: /home/aldayk/redback_ws/install/robot_localization/share/robot_localization/test/test_filter_base_diagnostics_timestamps.cpp
[530.902s] -- Installing: /home/aldayk/redback_ws/install/robot_localization/share/robot_localization/test/test_ekf_localization_node_bag1.yaml
[530.903s] -- Installing: /home/aldayk/redback_ws/install/robot_localization/share/robot_localization/test/test_ekf_localization_node_bag3.launch.py
[530.904s] -- Installing: /home/aldayk/redback_ws/install/robot_localization/share/robot_localization/test/test_ekf_localization_node_bag1.launch.py
[530.905s] -- Installing: /home/aldayk/redback_ws/install/robot_localization/share/robot_localization/test/test_ekf_localization_node_bag2.yaml
[530.906s] -- Installing: /home/aldayk/redback_ws/install/robot_localization/share/robot_localization/test/test_ros_robot_localization_listener_publisher.cpp
[530.907s] -- Installing: /home/aldayk/redback_ws/install/robot_localization/share/robot_localization/test/test_localization_node_bag_pose_tester.cpp
[530.908s] -- Installing: /home/aldayk/redback_ws/install/robot_localization/share/robot_localization/test/test_filter_base_diagnostics_timestamps.yaml
[530.910s] -- Installing: /home/aldayk/redback_ws/install/robot_localization/share/robot_localization/test/test2.bag
[530.911s] -- Installing: /home/aldayk/redback_ws/install/robot_localization/share/robot_localization/test/test_ros_robot_localization_listener.yaml
[530.916s] -- Installing: /home/aldayk/redback_ws/install/robot_localization/share/robot_localization/test/test_ukf_localization_node_interfaces.cpp
[530.916s] -- Installing: /home/aldayk/redback_ws/install/robot_localization/share/robot_localization/test/test_ros_robot_localization_listener.launch.py
[530.917s] -- Installing: /home/aldayk/redback_ws/install/robot_localization/share/robot_localization/test/test_ukf_localization_node_bag2.sh
[530.918s] -- Installing: /home/aldayk/redback_ws/install/robot_localization/share/robot_localization/test/test_ukf_localization_node_bag2.yaml
[530.918s] -- Installing: /home/aldayk/redback_ws/install/robot_localization/share/robot_localization/test/test_ukf_localization_node_bag3.launch.py
[530.918s] -- Installing: /home/aldayk/redback_ws/install/robot_localization/share/robot_localization/test/test_ekf_localization_node_interfaces.yaml
[530.919s] -- Installing: /home/aldayk/redback_ws/install/robot_localization/share/robot_localization/test/test_ros_robot_localization_listener.cpp
[530.919s] -- Installing: /home/aldayk/redback_ws/install/robot_localization/share/robot_localization/test/test_ekf_localization_node_interfaces.launch.py
[530.919s] -- Installing: /home/aldayk/redback_ws/install/robot_localization/share/robot_localization/test/test_ukf_localization_node_bag1.launch.py
[530.920s] -- Installing: /home/aldayk/redback_ws/install/robot_localization/share/robot_localization/test/test_ukf_localization_node_bag2.launch.py
[530.920s] -- Installing: /home/aldayk/redback_ws/install/robot_localization/share/robot_localization/test/test_ukf_localization_node_interfaces.yaml
[530.921s] -- Installing: /home/aldayk/redback_ws/install/robot_localization/share/robot_localization/test/test_ukf.cpp
[530.922s] -- Installing: /home/aldayk/redback_ws/install/robot_localization/share/robot_localization/test/test_ukf_localization_node_bag1.yaml
[530.922s] -- Installing: /home/aldayk/redback_ws/install/robot_localization/lib/robot_localization/navsat_transform_node
[530.922s] -- Set runtime path of "/home/aldayk/redback_ws/install/robot_localization/lib/robot_localization/navsat_transform_node" to ""
[530.923s] -- Installing: /home/aldayk/redback_ws/install/robot_localization/lib/robot_localization/ekf_node
[530.926s] -- Set runtime path of "/home/aldayk/redback_ws/install/robot_localization/lib/robot_localization/ekf_node" to ""
[530.927s] -- Installing: /home/aldayk/redback_ws/install/robot_localization/lib/robot_localization/ukf_node
[530.936s] -- Set runtime path of "/home/aldayk/redback_ws/install/robot_localization/lib/robot_localization/ukf_node" to ""
[530.937s] -- Installing: /home/aldayk/redback_ws/install/robot_localization/lib/robot_localization/robot_localization_listener_node
[530.947s] -- Set runtime path of "/home/aldayk/redback_ws/install/robot_localization/lib/robot_localization/robot_localization_listener_node" to ""
[530.948s] -- Installing: /home/aldayk/redback_ws/install/robot_localization/lib/librl_lib.so
[531.264s] -- Set runtime path of "/home/aldayk/redback_ws/install/robot_localization/lib/librl_lib.so" to ""
[531.266s] -- Installing: /home/aldayk/redback_ws/install/robot_localization/share/robot_localization/params
[531.268s] -- Installing: /home/aldayk/redback_ws/install/robot_localization/share/robot_localization/params/ekf.yaml
[531.268s] -- Installing: /home/aldayk/redback_ws/install/robot_localization/share/robot_localization/params/ukf.yaml
[531.269s] -- Installing: /home/aldayk/redback_ws/install/robot_localization/share/robot_localization/params/navsat_transform.yaml
[531.269s] -- Installing: /home/aldayk/redback_ws/install/robot_localization/share/robot_localization/params/dual_ekf_navsat_example.yaml
[531.270s] -- Installing: /home/aldayk/redback_ws/install/robot_localization/share/robot_localization/launch
[531.271s] -- Installing: /home/aldayk/redback_ws/install/robot_localization/share/robot_localization/launch/ekf.launch.py
[531.271s] -- Installing: /home/aldayk/redback_ws/install/robot_localization/share/robot_localization/launch/navsat_transform.launch.py
[531.271s] -- Installing: /home/aldayk/redback_ws/install/robot_localization/share/robot_localization/launch/ukf.launch.py
[531.272s] -- Installing: /home/aldayk/redback_ws/install/robot_localization/share/robot_localization/launch/dual_ekf_navsat_example.launch.py
[531.274s] -- Installing: /home/aldayk/redback_ws/install/robot_localization/share/ament_index/resource_index/package_run_dependencies/robot_localization
[531.275s] -- Installing: /home/aldayk/redback_ws/install/robot_localization/share/ament_index/resource_index/parent_prefix_path/robot_localization
[531.275s] -- Installing: /home/aldayk/redback_ws/install/robot_localization/share/robot_localization/environment/ament_prefix_path.sh
[531.276s] -- Installing: /home/aldayk/redback_ws/install/robot_localization/share/robot_localization/environment/ament_prefix_path.dsv
[531.276s] -- Installing: /home/aldayk/redback_ws/install/robot_localization/share/robot_localization/environment/path.sh
[531.277s] -- Installing: /home/aldayk/redback_ws/install/robot_localization/share/robot_localization/environment/path.dsv
[531.277s] -- Installing: /home/aldayk/redback_ws/install/robot_localization/share/robot_localization/local_setup.bash
[531.278s] -- Installing: /home/aldayk/redback_ws/install/robot_localization/share/robot_localization/local_setup.sh
[531.278s] -- Installing: /home/aldayk/redback_ws/install/robot_localization/share/robot_localization/local_setup.zsh
[531.278s] -- Installing: /home/aldayk/redback_ws/install/robot_localization/share/robot_localization/local_setup.dsv
[531.279s] -- Installing: /home/aldayk/redback_ws/install/robot_localization/share/robot_localization/package.dsv
[531.279s] -- Installing: /home/aldayk/redback_ws/install/robot_localization/share/ament_index/resource_index/packages/robot_localization
[531.280s] -- Installing: /home/aldayk/redback_ws/install/robot_localization/share/robot_localization/cmake/robot_localization__rosidl_generator_cExport.cmake
[531.281s] -- Installing: /home/aldayk/redback_ws/install/robot_localization/share/robot_localization/cmake/robot_localization__rosidl_generator_cExport-relwithdebinfo.cmake
[531.281s] -- Installing: /home/aldayk/redback_ws/install/robot_localization/share/robot_localization/cmake/robot_localization__rosidl_typesupport_introspection_cExport.cmake
[531.282s] -- Installing: /home/aldayk/redback_ws/install/robot_localization/share/robot_localization/cmake/robot_localization__rosidl_typesupport_introspection_cExport-relwithdebinfo.cmake
[531.283s] -- Installing: /home/aldayk/redback_ws/install/robot_localization/share/robot_localization/cmake/robot_localization__rosidl_typesupport_cExport.cmake
[531.284s] -- Installing: /home/aldayk/redback_ws/install/robot_localization/share/robot_localization/cmake/robot_localization__rosidl_typesupport_cExport-relwithdebinfo.cmake
[531.286s] -- Installing: /home/aldayk/redback_ws/install/robot_localization/share/robot_localization/cmake/robot_localization__rosidl_generator_cppExport.cmake
[531.286s] -- Installing: /home/aldayk/redback_ws/install/robot_localization/share/robot_localization/cmake/robot_localization__rosidl_typesupport_introspection_cppExport.cmake
[531.287s] -- Installing: /home/aldayk/redback_ws/install/robot_localization/share/robot_localization/cmake/robot_localization__rosidl_typesupport_introspection_cppExport-relwithdebinfo.cmake
[531.287s] -- Installing: /home/aldayk/redback_ws/install/robot_localization/share/robot_localization/cmake/robot_localization__rosidl_typesupport_cppExport.cmake
[531.287s] -- Installing: /home/aldayk/redback_ws/install/robot_localization/share/robot_localization/cmake/robot_localization__rosidl_typesupport_cppExport-relwithdebinfo.cmake
[531.288s] -- Installing: /home/aldayk/redback_ws/install/robot_localization/share/robot_localization/cmake/rosidl_cmake-extras.cmake
[531.288s] -- Installing: /home/aldayk/redback_ws/install/robot_localization/share/robot_localization/cmake/ament_cmake_export_dependencies-extras.cmake
[531.288s] -- Installing: /home/aldayk/redback_ws/install/robot_localization/share/robot_localization/cmake/ament_cmake_export_libraries-extras.cmake
[531.288s] -- Installing: /home/aldayk/redback_ws/install/robot_localization/share/robot_localization/cmake/ament_cmake_export_targets-extras.cmake
[531.289s] -- Installing: /home/aldayk/redback_ws/install/robot_localization/share/robot_localization/cmake/ament_cmake_export_include_directories-extras.cmake
[531.289s] -- Installing: /home/aldayk/redback_ws/install/robot_localization/share/robot_localization/cmake/rosidl_cmake_export_typesupport_libraries-extras.cmake
[531.289s] -- Installing: /home/aldayk/redback_ws/install/robot_localization/share/robot_localization/cmake/rosidl_cmake_export_typesupport_targets-extras.cmake
[531.289s] -- Installing: /home/aldayk/redback_ws/install/robot_localization/share/robot_localization/cmake/robot_localizationConfig.cmake
[531.289s] -- Installing: /home/aldayk/redback_ws/install/robot_localization/share/robot_localization/cmake/robot_localizationConfig-version.cmake
[531.289s] -- Installing: /home/aldayk/redback_ws/install/robot_localization/share/robot_localization/package.xml
[531.299s] Invoked command in '/home/aldayk/redback_ws/build/robot_localization' returned '0': CMAKE_PREFIX_PATH=/opt/ros/galactic /usr/bin/cmake --install /home/aldayk/redback_ws/build/robot_localization
