[0.906s] DEBUG:colcon:Command line arguments: ['/usr/bin/colcon', 'build']
[0.906s] DEBUG:colcon:Parsed command line arguments: Namespace(ament_cmake_args=None, base_paths=['.'], build_base='build', catkin_cmake_args=None, catkin_skip_building_tests=False, cmake_args=None, cmake_clean_cache=False, cmake_clean_first=False, cmake_force_configure=False, cmake_target=None, cmake_target_skip_unavailable=False, continue_on_error=False, event_handlers=None, executor='parallel', ignore_user_meta=False, install_base='install', log_base=None, log_level=None, main=<bound method BuildVerb.main of <colcon_core.verb.build.BuildVerb object at 0x7f8513ed0970>>, merge_install=False, metas=['./colcon.meta'], packages_above=None, packages_above_and_dependencies=None, packages_above_depth=None, packages_end=None, packages_ignore=None, packages_ignore_regex=None, packages_select=None, packages_select_build_failed=False, packages_select_by_dep=None, packages_select_regex=None, packages_select_test_failures=False, packages_skip=None, packages_skip_build_finished=False, packages_skip_by_dep=None, packages_skip_regex=None, packages_skip_test_passed=False, packages_skip_up_to=None, packages_start=None, packages_up_to=None, packages_up_to_regex=None, parallel_workers=6, paths=None, symlink_install=False, test_result_base=None, verb_extension=<colcon_core.verb.build.BuildVerb object at 0x7f8513ed0970>, verb_name='build', verb_parser=<colcon_defaults.argument_parser.defaults.DefaultArgumentsDecorator object at 0x7f8513ed0ee0>)
[0.921s] Level 1:colcon.colcon_core.package_discovery:discover_packages(colcon_meta) check parameters
[0.921s] Level 1:colcon.colcon_core.package_discovery:discover_packages(recursive) check parameters
[0.921s] Level 1:colcon.colcon_core.package_discovery:discover_packages(ignore) check parameters
[0.921s] Level 1:colcon.colcon_core.package_discovery:discover_packages(path) check parameters
[0.921s] Level 1:colcon.colcon_core.package_discovery:discover_packages(colcon_meta) discover
[0.921s] Level 1:colcon.colcon_core.package_discovery:discover_packages(recursive) discover
[0.921s] INFO:colcon.colcon_core.package_discovery:Crawling recursively for packages in '/home/aldayk/redback_ws'
[0.921s] Level 1:colcon.colcon_core.package_identification:_identify(.) by extensions ['ignore', 'ignore_ament_install']
[0.922s] Level 1:colcon.colcon_core.package_identification:_identify(.) by extension 'ignore'
[0.922s] Level 1:colcon.colcon_core.package_identification:_identify(.) by extension 'ignore_ament_install'
[0.922s] Level 1:colcon.colcon_core.package_identification:_identify(.) by extensions ['colcon_pkg']
[0.922s] Level 1:colcon.colcon_core.package_identification:_identify(.) by extension 'colcon_pkg'
[0.922s] Level 1:colcon.colcon_core.package_identification:_identify(.) by extensions ['colcon_meta']
[0.922s] Level 1:colcon.colcon_core.package_identification:_identify(.) by extension 'colcon_meta'
[0.922s] Level 1:colcon.colcon_core.package_identification:_identify(.) by extensions ['ros']
[0.922s] Level 1:colcon.colcon_core.package_identification:_identify(.) by extension 'ros'
[0.969s] Level 1:colcon.colcon_core.package_identification:_identify(.) by extensions ['cmake', 'python']
[0.969s] Level 1:colcon.colcon_core.package_identification:_identify(.) by extension 'cmake'
[0.969s] Level 1:colcon.colcon_core.package_identification:_identify(.) by extension 'python'
[0.969s] Level 1:colcon.colcon_core.package_identification:_identify(.) by extensions ['python_setup_py']
[0.969s] Level 1:colcon.colcon_core.package_identification:_identify(.) by extension 'python_setup_py'
[0.969s] Level 1:colcon.colcon_core.package_identification:_identify(build) by extensions ['ignore', 'ignore_ament_install']
[0.970s] Level 1:colcon.colcon_core.package_identification:_identify(build) by extension 'ignore'
[0.970s] Level 1:colcon.colcon_core.package_identification:_identify(build) ignored
[0.970s] Level 1:colcon.colcon_core.package_identification:_identify(install) by extensions ['ignore', 'ignore_ament_install']
[0.970s] Level 1:colcon.colcon_core.package_identification:_identify(install) by extension 'ignore'
[0.970s] Level 1:colcon.colcon_core.package_identification:_identify(install) ignored
[0.971s] Level 1:colcon.colcon_core.package_identification:_identify(log) by extensions ['ignore', 'ignore_ament_install']
[0.971s] Level 1:colcon.colcon_core.package_identification:_identify(log) by extension 'ignore'
[0.971s] Level 1:colcon.colcon_core.package_identification:_identify(log) ignored
[0.971s] Level 1:colcon.colcon_core.package_identification:_identify(src) by extensions ['ignore', 'ignore_ament_install']
[0.972s] Level 1:colcon.colcon_core.package_identification:_identify(src) by extension 'ignore'
[0.972s] Level 1:colcon.colcon_core.package_identification:_identify(src) by extension 'ignore_ament_install'
[0.972s] Level 1:colcon.colcon_core.package_identification:_identify(src) by extensions ['colcon_pkg']
[0.972s] Level 1:colcon.colcon_core.package_identification:_identify(src) by extension 'colcon_pkg'
[0.972s] Level 1:colcon.colcon_core.package_identification:_identify(src) by extensions ['colcon_meta']
[0.973s] Level 1:colcon.colcon_core.package_identification:_identify(src) by extension 'colcon_meta'
[0.973s] Level 1:colcon.colcon_core.package_identification:_identify(src) by extensions ['ros']
[0.973s] Level 1:colcon.colcon_core.package_identification:_identify(src) by extension 'ros'
[0.973s] Level 1:colcon.colcon_core.package_identification:_identify(src) by extensions ['cmake', 'python']
[0.973s] Level 1:colcon.colcon_core.package_identification:_identify(src) by extension 'cmake'
[0.974s] Level 1:colcon.colcon_core.package_identification:_identify(src) by extension 'python'
[0.974s] Level 1:colcon.colcon_core.package_identification:_identify(src) by extensions ['python_setup_py']
[0.974s] Level 1:colcon.colcon_core.package_identification:_identify(src) by extension 'python_setup_py'
[0.974s] Level 1:colcon.colcon_core.package_identification:_identify(src/build) by extensions ['ignore', 'ignore_ament_install']
[0.975s] Level 1:colcon.colcon_core.package_identification:_identify(src/build) by extension 'ignore'
[0.975s] Level 1:colcon.colcon_core.package_identification:_identify(src/build) ignored
[0.975s] Level 1:colcon.colcon_core.package_identification:_identify(src/ekf_filter) by extensions ['ignore', 'ignore_ament_install']
[0.976s] Level 1:colcon.colcon_core.package_identification:_identify(src/ekf_filter) by extension 'ignore'
[0.976s] Level 1:colcon.colcon_core.package_identification:_identify(src/ekf_filter) by extension 'ignore_ament_install'
[0.976s] Level 1:colcon.colcon_core.package_identification:_identify(src/ekf_filter) by extensions ['colcon_pkg']
[0.976s] Level 1:colcon.colcon_core.package_identification:_identify(src/ekf_filter) by extension 'colcon_pkg'
[0.976s] Level 1:colcon.colcon_core.package_identification:_identify(src/ekf_filter) by extensions ['colcon_meta']
[0.976s] Level 1:colcon.colcon_core.package_identification:_identify(src/ekf_filter) by extension 'colcon_meta'
[0.976s] Level 1:colcon.colcon_core.package_identification:_identify(src/ekf_filter) by extensions ['ros']
[0.977s] Level 1:colcon.colcon_core.package_identification:_identify(src/ekf_filter) by extension 'ros'
[0.982s] DEBUG:colcon.colcon_core.package_identification:Package 'src/ekf_filter' with type 'ros.ament_cmake' and name 'ekf_filter'
[0.982s] Level 1:colcon.colcon_core.package_identification:_identify(src/install) by extensions ['ignore', 'ignore_ament_install']
[0.982s] Level 1:colcon.colcon_core.package_identification:_identify(src/install) by extension 'ignore'
[0.983s] Level 1:colcon.colcon_core.package_identification:_identify(src/install) ignored
[0.983s] Level 1:colcon.colcon_core.package_identification:_identify(src/log) by extensions ['ignore', 'ignore_ament_install']
[0.983s] Level 1:colcon.colcon_core.package_identification:_identify(src/log) by extension 'ignore'
[0.983s] Level 1:colcon.colcon_core.package_identification:_identify(src/log) ignored
[0.984s] Level 1:colcon.colcon_core.package_identification:_identify(src/robot_localization) by extensions ['ignore', 'ignore_ament_install']
[0.984s] Level 1:colcon.colcon_core.package_identification:_identify(src/robot_localization) by extension 'ignore'
[0.984s] Level 1:colcon.colcon_core.package_identification:_identify(src/robot_localization) by extension 'ignore_ament_install'
[0.984s] Level 1:colcon.colcon_core.package_identification:_identify(src/robot_localization) by extensions ['colcon_pkg']
[0.984s] Level 1:colcon.colcon_core.package_identification:_identify(src/robot_localization) by extension 'colcon_pkg'
[0.984s] Level 1:colcon.colcon_core.package_identification:_identify(src/robot_localization) by extensions ['colcon_meta']
[0.984s] Level 1:colcon.colcon_core.package_identification:_identify(src/robot_localization) by extension 'colcon_meta'
[0.985s] Level 1:colcon.colcon_core.package_identification:_identify(src/robot_localization) by extensions ['ros']
[0.985s] Level 1:colcon.colcon_core.package_identification:_identify(src/robot_localization) by extension 'ros'
[0.994s] DEBUG:colcon.colcon_core.package_identification:Package 'src/robot_localization' with type 'ros.catkin' and name 'robot_localization'
[0.995s] Level 1:colcon.colcon_core.package_discovery:discover_packages(recursive) using defaults
[0.996s] Level 1:colcon.colcon_core.package_discovery:discover_packages(ignore) discover
[0.996s] Level 1:colcon.colcon_core.package_discovery:discover_packages(ignore) using defaults
[0.996s] Level 1:colcon.colcon_core.package_discovery:discover_packages(path) discover
[0.996s] Level 1:colcon.colcon_core.package_discovery:discover_packages(path) using defaults
[1.066s] Level 5:colcon.colcon_core.verb:set package 'ekf_filter' build argument 'cmake_args' from command line to 'None'
[1.067s] Level 5:colcon.colcon_core.verb:set package 'ekf_filter' build argument 'cmake_target' from command line to 'None'
[1.067s] Level 5:colcon.colcon_core.verb:set package 'ekf_filter' build argument 'cmake_target_skip_unavailable' from command line to 'False'
[1.067s] Level 5:colcon.colcon_core.verb:set package 'ekf_filter' build argument 'cmake_clean_cache' from command line to 'False'
[1.067s] Level 5:colcon.colcon_core.verb:set package 'ekf_filter' build argument 'cmake_clean_first' from command line to 'False'
[1.067s] Level 5:colcon.colcon_core.verb:set package 'ekf_filter' build argument 'cmake_force_configure' from command line to 'False'
[1.067s] Level 5:colcon.colcon_core.verb:set package 'ekf_filter' build argument 'ament_cmake_args' from command line to 'None'
[1.067s] Level 5:colcon.colcon_core.verb:set package 'ekf_filter' build argument 'catkin_cmake_args' from command line to 'None'
[1.067s] Level 5:colcon.colcon_core.verb:set package 'ekf_filter' build argument 'catkin_skip_building_tests' from command line to 'False'
[1.067s] DEBUG:colcon.colcon_core.verb:Building package 'ekf_filter' with the following arguments: {'ament_cmake_args': None, 'build_base': '/home/aldayk/redback_ws/build/ekf_filter', 'catkin_cmake_args': None, 'catkin_skip_building_tests': False, 'cmake_args': None, 'cmake_clean_cache': False, 'cmake_clean_first': False, 'cmake_force_configure': False, 'cmake_target': None, 'cmake_target_skip_unavailable': False, 'install_base': '/home/aldayk/redback_ws/install/ekf_filter', 'merge_install': False, 'path': '/home/aldayk/redback_ws/src/ekf_filter', 'symlink_install': False, 'test_result_base': None}
[1.074s] Level 5:colcon.colcon_core.verb:set package 'robot_localization' build argument 'cmake_args' from command line to 'None'
[1.075s] Level 5:colcon.colcon_core.verb:set package 'robot_localization' build argument 'cmake_target' from command line to 'None'
[1.075s] Level 5:colcon.colcon_core.verb:set package 'robot_localization' build argument 'cmake_target_skip_unavailable' from command line to 'False'
[1.075s] Level 5:colcon.colcon_core.verb:set package 'robot_localization' build argument 'cmake_clean_cache' from command line to 'False'
[1.075s] Level 5:colcon.colcon_core.verb:set package 'robot_localization' build argument 'cmake_clean_first' from command line to 'False'
[1.075s] Level 5:colcon.colcon_core.verb:set package 'robot_localization' build argument 'cmake_force_configure' from command line to 'False'
[1.075s] Level 5:colcon.colcon_core.verb:set package 'robot_localization' build argument 'ament_cmake_args' from command line to 'None'
[1.075s] Level 5:colcon.colcon_core.verb:set package 'robot_localization' build argument 'catkin_cmake_args' from command line to 'None'
[1.075s] Level 5:colcon.colcon_core.verb:set package 'robot_localization' build argument 'catkin_skip_building_tests' from command line to 'False'
[1.075s] DEBUG:colcon.colcon_core.verb:Building package 'robot_localization' with the following arguments: {'ament_cmake_args': None, 'build_base': '/home/aldayk/redback_ws/build/robot_localization', 'catkin_cmake_args': None, 'catkin_skip_building_tests': False, 'cmake_args': None, 'cmake_clean_cache': False, 'cmake_clean_first': False, 'cmake_force_configure': False, 'cmake_target': None, 'cmake_target_skip_unavailable': False, 'install_base': '/home/aldayk/redback_ws/install/robot_localization', 'merge_install': False, 'path': '/home/aldayk/redback_ws/src/robot_localization', 'symlink_install': False, 'test_result_base': None}
[1.076s] INFO:colcon.colcon_core.executor:Executing jobs using 'parallel' executor
[1.084s] DEBUG:colcon.colcon_parallel_executor.executor.parallel:run_until_complete
[1.085s] INFO:colcon.colcon_ros.task.ament_cmake.build:Building ROS package in '/home/aldayk/redback_ws/src/ekf_filter' with build type 'ament_cmake'
[1.085s] INFO:colcon.colcon_cmake.task.cmake.build:Building CMake package in '/home/aldayk/redback_ws/src/ekf_filter'
[1.096s] INFO:colcon.colcon_core.plugin_system:Skipping extension 'colcon_core.shell.bat': Not used on non-Windows systems
[1.097s] INFO:colcon.colcon_core.shell:Skip shell extension 'powershell' for command environment: Not usable outside of PowerShell
[1.097s] DEBUG:colcon.colcon_core.shell:Skip shell extension 'dsv' for command environment
[1.102s] DEBUG:colcon.colcon_core.shell:Ignoring prefix path '/opt/ros/galactic'
[1.113s] INFO:colcon.colcon_ros.task.catkin.build:Building ROS package in '/home/aldayk/redback_ws/src/robot_localization' with build type 'catkin'
[1.114s] INFO:colcon.colcon_cmake.task.cmake.build:Building CMake package in '/home/aldayk/redback_ws/src/robot_localization'
[1.122s] INFO:colcon.colcon_core.shell:Skip shell extension 'powershell' for command environment: Not usable outside of PowerShell
[1.122s] DEBUG:colcon.colcon_core.shell:Skip shell extension 'dsv' for command environment
[1.130s] DEBUG:colcon.colcon_core.shell:Ignoring prefix path '/opt/ros/galactic'
[1.177s] DEBUG:colcon.colcon_core.event_handler.log_command:Invoking command in '/home/aldayk/redback_ws/build/ekf_filter': CMAKE_PREFIX_PATH=/opt/ros/galactic /usr/bin/cmake /home/aldayk/redback_ws/src/ekf_filter -DCMAKE_INSTALL_PREFIX=/home/aldayk/redback_ws/install/ekf_filter
[1.210s] DEBUG:colcon.colcon_core.event_handler.log_command:Invoking command in '/home/aldayk/redback_ws/build/robot_localization': /usr/bin/cmake /home/aldayk/redback_ws/src/robot_localization -DCATKIN_INSTALL_INTO_PREFIX_ROOT=0 -DCMAKE_INSTALL_PREFIX=/home/aldayk/redback_ws/install/robot_localization
[1.314s] DEBUG:colcon.colcon_core.event_handler.log_command:Invoked command in '/home/aldayk/redback_ws/build/robot_localization' returned '1': /usr/bin/cmake /home/aldayk/redback_ws/src/robot_localization -DCATKIN_INSTALL_INTO_PREFIX_ROOT=0 -DCMAKE_INSTALL_PREFIX=/home/aldayk/redback_ws/install/robot_localization
[1.387s] Level 1:colcon.colcon_core.environment:create_environment_scripts_only(robot_localization)
[1.406s] Level 1:colcon.colcon_core.environment:checking '/home/aldayk/redback_ws/install/robot_localization' for CMake module files
[1.408s] Level 1:colcon.colcon_core.environment:checking '/home/aldayk/redback_ws/install/robot_localization' for CMake config files
[1.410s] Level 1:colcon.colcon_core.environment:checking '/home/aldayk/redback_ws/install/robot_localization/bin'
[1.410s] Level 1:colcon.colcon_core.environment:checking '/home/aldayk/redback_ws/install/robot_localization/lib/pkgconfig/robot_localization.pc'
[1.410s] Level 1:colcon.colcon_core.environment:checking '/home/aldayk/redback_ws/install/robot_localization/lib/python3.8/site-packages'
[1.414s] INFO:colcon.colcon_core.shell:Creating package script '/home/aldayk/redback_ws/install/robot_localization/share/robot_localization/package.ps1'
[1.418s] INFO:colcon.colcon_core.shell:Creating package descriptor '/home/aldayk/redback_ws/install/robot_localization/share/robot_localization/package.dsv'
[1.420s] INFO:colcon.colcon_core.shell:Creating package script '/home/aldayk/redback_ws/install/robot_localization/share/robot_localization/package.sh'
[1.422s] INFO:colcon.colcon_core.shell:Creating package script '/home/aldayk/redback_ws/install/robot_localization/share/robot_localization/package.bash'
[1.426s] INFO:colcon.colcon_core.shell:Creating package script '/home/aldayk/redback_ws/install/robot_localization/share/robot_localization/package.zsh'
[1.429s] Level 1:colcon.colcon_core.environment:create_file_with_runtime_dependencies(/home/aldayk/redback_ws/install/robot_localization/share/colcon-core/packages/robot_localization)
[1.926s] DEBUG:colcon.colcon_parallel_executor.executor.parallel:closing loop
[1.926s] DEBUG:colcon.colcon_parallel_executor.executor.parallel:loop closed
[1.927s] DEBUG:colcon.colcon_parallel_executor.executor.parallel:run_until_complete finished with '1'
[1.927s] DEBUG:colcon.colcon_core.event_reactor:joining thread
[1.946s] INFO:colcon.colcon_core.plugin_system:Skipping extension 'colcon_notification.desktop_notification.terminal_notifier': Not used on non-Darwin systems
[1.946s] INFO:colcon.colcon_core.plugin_system:Skipping extension 'colcon_notification.desktop_notification.win32': Not used on non-Windows systems
[1.946s] INFO:colcon.colcon_notification.desktop_notification:Sending desktop notification using 'notify2'
[2.025s] DEBUG:colcon.colcon_core.event_reactor:joined thread
[2.029s] INFO:colcon.colcon_core.shell:Creating prefix script '/home/aldayk/redback_ws/install/local_setup.ps1'
[2.032s] INFO:colcon.colcon_core.shell:Creating prefix util module '/home/aldayk/redback_ws/install/_local_setup_util_ps1.py'
[2.035s] INFO:colcon.colcon_core.shell:Creating prefix chain script '/home/aldayk/redback_ws/install/setup.ps1'
[2.045s] INFO:colcon.colcon_core.shell:Creating prefix script '/home/aldayk/redback_ws/install/local_setup.sh'
[2.048s] INFO:colcon.colcon_core.shell:Creating prefix util module '/home/aldayk/redback_ws/install/_local_setup_util_sh.py'
[2.051s] INFO:colcon.colcon_core.shell:Creating prefix chain script '/home/aldayk/redback_ws/install/setup.sh'
[2.061s] INFO:colcon.colcon_core.shell:Creating prefix script '/home/aldayk/redback_ws/install/local_setup.bash'
[2.069s] INFO:colcon.colcon_core.shell:Creating prefix chain script '/home/aldayk/redback_ws/install/setup.bash'
[2.081s] INFO:colcon.colcon_core.shell:Creating prefix script '/home/aldayk/redback_ws/install/local_setup.zsh'
[2.085s] INFO:colcon.colcon_core.shell:Creating prefix chain script '/home/aldayk/redback_ws/install/setup.zsh'
