[0.072s] Invoking command in '/home/aldayk/redback_ws/build/robot_localization': CMAKE_PREFIX_PATH=/opt/ros/galactic /usr/bin/cmake /home/aldayk/redback_ws/src/robot_localization -DCMAKE_INSTALL_PREFIX=/home/aldayk/redback_ws/install/robot_localization
[0.104s] -- robot_localization: You did not request a specific build type: selecting 'RelWithDebInfo'.
[0.106s] -- Found ament_cmake: 1.1.4 (/opt/ros/galactic/share/ament_cmake/cmake)
[0.195s] -- Found PythonInterp: /usr/bin/python3 (found suitable version "3.8.10", minimum required is "3") 
[0.195s] -- Using PYTHON_EXECUTABLE: /usr/bin/python3
[0.378s] -- Found rclcpp: 9.1.0 (/opt/ros/galactic/share/rclcpp/cmake)
[0.491s] -- Using all available rosidl_typesupport_c: rosidl_typesupport_fastrtps_c;rosidl_typesupport_introspection_c
[0.504s] -- Found rosidl_adapter: 2.2.1 (/opt/ros/galactic/share/rosidl_adapter/cmake)
[0.688s] -- Found OpenSSL: /usr/lib/x86_64-linux-gnu/libcrypto.so (found version "1.1.1f")  
[0.765s] -- Found FastRTPS: /opt/ros/galactic/include  
[0.951s] -- Using all available rosidl_typesupport_cpp: rosidl_typesupport_fastrtps_cpp;rosidl_typesupport_introspection_cpp
[1.105s] -- Found rmw_implementation_cmake: 3.3.1 (/opt/ros/galactic/share/rmw_implementation_cmake/cmake)
[1.111s] -- Found rmw_cyclonedds_cpp: 0.22.3 (/opt/ros/galactic/share/rmw_cyclonedds_cpp/cmake)
[1.154s] -- Using RMW implementation 'rmw_cyclonedds_cpp' as default
[1.155s] -- Looking for pthread.h
[1.315s] -- Looking for pthread.h - found
[1.317s] -- Performing Test CMAKE_HAVE_LIBC_PTHREAD
[1.486s] -- Performing Test CMAKE_HAVE_LIBC_PTHREAD - Failed
[1.487s] -- Looking for pthread_create in pthreads
[1.618s] -- Looking for pthread_create in pthreads - not found
[1.619s] -- Looking for pthread_create in pthread
[1.776s] -- Looking for pthread_create in pthread - found
[1.779s] -- Found Threads: TRUE  
[2.097s] -- Found diagnostic_msgs: 2.2.3 (/opt/ros/galactic/share/diagnostic_msgs/cmake)
[2.178s] -- Found diagnostic_updater: 2.1.3 (/opt/ros/galactic/share/diagnostic_updater/cmake)
[2.216s] -- Found geographic_msgs: 1.0.4 (/opt/ros/galactic/share/geographic_msgs/cmake)
[2.539s] -- Found message_filters: 3.2.6 (/opt/ros/galactic/share/message_filters/cmake)
[2.565s] -- Found nav_msgs: 2.2.3 (/opt/ros/galactic/share/nav_msgs/cmake)
[2.779s] -- Found rosidl_default_generators: 1.1.1 (/opt/ros/galactic/share/rosidl_default_generators/cmake)
[2.799s] -- Found sensor_msgs: 2.2.3 (/opt/ros/galactic/share/sensor_msgs/cmake)
[2.941s] -- Found std_srvs: 2.2.3 (/opt/ros/galactic/share/std_srvs/cmake)
[2.960s] -- Found tf2: 0.17.2 (/opt/ros/galactic/share/tf2/cmake)
[2.993s] -- Found tf2_eigen: 0.17.2 (/opt/ros/galactic/share/tf2_eigen/cmake)
[3.695s] -- Found tf2_geometry_msgs: 0.17.2 (/opt/ros/galactic/share/tf2_geometry_msgs/cmake)
[3.718s] -- Found Eigen3: TRUE (found version "3.3.7") 
[3.781s] -- Found Boost: /usr/lib/x86_64-linux-gnu/cmake/Boost-1.71.0/BoostConfig.cmake (found version "1.71.0")  
[3.785s] -- Found yaml_cpp_vendor: 7.1.0 (/opt/ros/galactic/share/yaml_cpp_vendor/cmake)
[3.801s] -- Setting yaml-cpp_DIR to: '/opt/ros/galactic/share/yaml_cpp_vendor/cmake/../../../opt/yaml_cpp_vendor/lib/cmake/yaml-cpp'
[3.804s] -- Found GeographicLib: /usr/lib/x86_64-linux-gnu  
[3.852s] -- Found PythonInterp: /usr/bin/python3 (found version "3.8.10") 
[4.344s] -- Found ament_cmake_cppcheck: 0.10.6 (/opt/ros/galactic/share/ament_cmake_cppcheck/cmake)
[4.346s] -- Found ament_cmake_cpplint: 0.10.6 (/opt/ros/galactic/share/ament_cmake_cpplint/cmake)
[4.349s] -- Found ament_cmake_uncrustify: 0.10.6 (/opt/ros/galactic/share/ament_cmake_uncrustify/cmake)
[4.352s] -- Found ament_cmake_ros: 0.9.2 (/opt/ros/galactic/share/ament_cmake_ros/cmake)
[4.944s] -- Using all available rosidl_typesupport_c: rosidl_typesupport_fastrtps_c;rosidl_typesupport_introspection_c
[5.251s] -- Using all available rosidl_typesupport_cpp: rosidl_typesupport_fastrtps_cpp;rosidl_typesupport_introspection_cpp
[5.297s] -- Found PythonInterp: /usr/bin/python3 (found suitable version "3.8.10", minimum required is "3.5") 
[5.299s] -- Found python_cmake_module: 0.8.1 (/opt/ros/galactic/share/python_cmake_module/cmake)
[5.354s] -- Found PythonLibs: /usr/lib/x86_64-linux-gnu/libpython3.8.so (found suitable version "3.8.10", minimum required is "3.5") 
[5.354s] -- Using PYTHON_EXECUTABLE: /usr/bin/python3
[5.354s] -- Using PYTHON_INCLUDE_DIRS: /usr/include/python3.8
[5.355s] -- Using PYTHON_LIBRARIES: /usr/lib/x86_64-linux-gnu/libpython3.8.so
[5.399s] -- Found PythonExtra: .so  
[5.593s] -- Found ament_cmake_flake8: 0.10.6 (/opt/ros/galactic/share/ament_cmake_flake8/cmake)
[5.596s] -- Found ament_cmake_pep257: 0.10.6 (/opt/ros/galactic/share/ament_cmake_pep257/cmake)
[5.669s] -- Found ament_cmake_lint_cmake: 0.10.6 (/opt/ros/galactic/share/ament_cmake_lint_cmake/cmake)
[5.677s] -- Found launch_testing_ament_cmake: 0.17.0 (/opt/ros/galactic/share/launch_testing_ament_cmake/cmake)
[5.737s] -- Using PYTHON_EXECUTABLE: /usr/bin/python3
[5.739s] -- Using PYTHON_INCLUDE_DIRS: /usr/include/python3.8
[5.743s] -- Using PYTHON_LIBRARIES: /usr/lib/x86_64-linux-gnu/libpython3.8.so
[5.749s] -- Found gtest sources under '/opt/ros/galactic/src/gtest_vendor': C++ tests using 'Google Test' will be built
[5.760s] -- Check if compiler accepts -pthread
[5.917s] -- Check if compiler accepts -pthread - yes
[5.976s] -- Configuring done
[6.508s] -- Generating done
[6.518s] -- Build files have been written to: /home/aldayk/redback_ws/build/robot_localization
