[0.089s] Invoking command in '/home/aldayk/redback_ws/build/robot_localization': /usr/bin/cmake /home/aldayk/redback_ws/src/robot_localization -DCATKIN_INSTALL_INTO_PREFIX_ROOT=0 -DCMAKE_INSTALL_PREFIX=/home/aldayk/redback_ws/install/robot_localization
[0.144s] robot_localization: You did not request a specific build type: selecting 'RelWithDebInfo'.
[0.180s] CMake Error at CMakeLists.txt:9 (find_package):
[0.180s]   By not providing "Findcatkin.cmake" in CMAKE_MODULE_PATH this project has
[0.181s]   asked CMake to find a package configuration file provided by "catkin", but
[0.181s]   CMake did not find one.
[0.182s] 
[0.182s] -- Configuring incomplete, errors occurred!
[0.183s] See also "/home/aldayk/redback_ws/build/robot_localization/CMakeFiles/CMakeOutput.log".
[0.183s]   Could not find a package configuration file provided by "catkin" with any
[0.184s]   of the following names:
[0.184s] 
[0.184s]     catkinConfig.cmake
[0.184s]     catkin-config.cmake
[0.185s] 
[0.185s]   Add the installation prefix of "catkin" to CMAKE_PREFIX_PATH or set
[0.185s]   "catkin_DIR" to a directory containing one of the above files.  If "catkin"
[0.186s]   provides a separate development package or SDK, be sure it has been
[0.187s]   installed.
[0.187s] 
[0.189s] 
[0.193s] Invoked command in '/home/aldayk/redback_ws/build/robot_localization' returned '1': /usr/bin/cmake /home/aldayk/redback_ws/src/robot_localization -DCATKIN_INSTALL_INTO_PREFIX_ROOT=0 -DCMAKE_INSTALL_PREFIX=/home/aldayk/redback_ws/install/robot_localization
