[0.710s] DEBUG:colcon:Command line arguments: ['/usr/bin/colcon', 'build']
[0.710s] DEBUG:colcon:Parsed command line arguments: Namespace(ament_cmake_args=None, base_paths=['.'], build_base='build', catkin_cmake_args=None, catkin_skip_building_tests=False, cmake_args=None, cmake_clean_cache=False, cmake_clean_first=False, cmake_force_configure=False, cmake_target=None, cmake_target_skip_unavailable=False, continue_on_error=False, event_handlers=None, executor='parallel', ignore_user_meta=False, install_base='install', log_base=None, log_level=None, main=<bound method BuildVerb.main of <colcon_core.verb.build.BuildVerb object at 0x7f4f59332970>>, merge_install=False, metas=['./colcon.meta'], packages_above=None, packages_above_and_dependencies=None, packages_above_depth=None, packages_end=None, packages_ignore=None, packages_ignore_regex=None, packages_select=None, packages_select_build_failed=False, packages_select_by_dep=None, packages_select_regex=None, packages_select_test_failures=False, packages_skip=None, packages_skip_build_finished=False, packages_skip_by_dep=None, packages_skip_regex=None, packages_skip_test_passed=False, packages_skip_up_to=None, packages_start=None, packages_up_to=None, packages_up_to_regex=None, parallel_workers=6, paths=None, symlink_install=False, test_result_base=None, verb_extension=<colcon_core.verb.build.BuildVerb object at 0x7f4f59332970>, verb_name='build', verb_parser=<colcon_defaults.argument_parser.defaults.DefaultArgumentsDecorator object at 0x7f4f59332ee0>)
[0.722s] Level 1:colcon.colcon_core.package_discovery:discover_packages(colcon_meta) check parameters
[0.723s] Level 1:colcon.colcon_core.package_discovery:discover_packages(recursive) check parameters
[0.723s] Level 1:colcon.colcon_core.package_discovery:discover_packages(ignore) check parameters
[0.723s] Level 1:colcon.colcon_core.package_discovery:discover_packages(path) check parameters
[0.723s] Level 1:colcon.colcon_core.package_discovery:discover_packages(colcon_meta) discover
[0.724s] Level 1:colcon.colcon_core.package_discovery:discover_packages(recursive) discover
[0.724s] INFO:colcon.colcon_core.package_discovery:Crawling recursively for packages in '/home/aldayk/redback_ws'
[0.724s] Level 1:colcon.colcon_core.package_identification:_identify(.) by extensions ['ignore', 'ignore_ament_install']
[0.724s] Level 1:colcon.colcon_core.package_identification:_identify(.) by extension 'ignore'
[0.724s] Level 1:colcon.colcon_core.package_identification:_identify(.) by extension 'ignore_ament_install'
[0.724s] Level 1:colcon.colcon_core.package_identification:_identify(.) by extensions ['colcon_pkg']
[0.724s] Level 1:colcon.colcon_core.package_identification:_identify(.) by extension 'colcon_pkg'
[0.725s] Level 1:colcon.colcon_core.package_identification:_identify(.) by extensions ['colcon_meta']
[0.725s] Level 1:colcon.colcon_core.package_identification:_identify(.) by extension 'colcon_meta'
[0.725s] Level 1:colcon.colcon_core.package_identification:_identify(.) by extensions ['ros']
[0.725s] Level 1:colcon.colcon_core.package_identification:_identify(.) by extension 'ros'
[0.749s] Level 1:colcon.colcon_core.package_identification:_identify(.) by extensions ['cmake', 'python']
[0.749s] Level 1:colcon.colcon_core.package_identification:_identify(.) by extension 'cmake'
[0.749s] Level 1:colcon.colcon_core.package_identification:_identify(.) by extension 'python'
[0.749s] Level 1:colcon.colcon_core.package_identification:_identify(.) by extensions ['python_setup_py']
[0.749s] Level 1:colcon.colcon_core.package_identification:_identify(.) by extension 'python_setup_py'
[0.750s] Level 1:colcon.colcon_core.package_identification:_identify(build) by extensions ['ignore', 'ignore_ament_install']
[0.750s] Level 1:colcon.colcon_core.package_identification:_identify(build) by extension 'ignore'
[0.750s] Level 1:colcon.colcon_core.package_identification:_identify(build) ignored
[0.750s] Level 1:colcon.colcon_core.package_identification:_identify(install) by extensions ['ignore', 'ignore_ament_install']
[0.750s] Level 1:colcon.colcon_core.package_identification:_identify(install) by extension 'ignore'
[0.751s] Level 1:colcon.colcon_core.package_identification:_identify(install) ignored
[0.751s] Level 1:colcon.colcon_core.package_identification:_identify(log) by extensions ['ignore', 'ignore_ament_install']
[0.751s] Level 1:colcon.colcon_core.package_identification:_identify(log) by extension 'ignore'
[0.751s] Level 1:colcon.colcon_core.package_identification:_identify(log) ignored
[0.751s] Level 1:colcon.colcon_core.package_identification:_identify(src) by extensions ['ignore', 'ignore_ament_install']
[0.752s] Level 1:colcon.colcon_core.package_identification:_identify(src) by extension 'ignore'
[0.752s] Level 1:colcon.colcon_core.package_identification:_identify(src) by extension 'ignore_ament_install'
[0.752s] Level 1:colcon.colcon_core.package_identification:_identify(src) by extensions ['colcon_pkg']
[0.752s] Level 1:colcon.colcon_core.package_identification:_identify(src) by extension 'colcon_pkg'
[0.752s] Level 1:colcon.colcon_core.package_identification:_identify(src) by extensions ['colcon_meta']
[0.752s] Level 1:colcon.colcon_core.package_identification:_identify(src) by extension 'colcon_meta'
[0.752s] Level 1:colcon.colcon_core.package_identification:_identify(src) by extensions ['ros']
[0.752s] Level 1:colcon.colcon_core.package_identification:_identify(src) by extension 'ros'
[0.752s] Level 1:colcon.colcon_core.package_identification:_identify(src) by extensions ['cmake', 'python']
[0.752s] Level 1:colcon.colcon_core.package_identification:_identify(src) by extension 'cmake'
[0.752s] Level 1:colcon.colcon_core.package_identification:_identify(src) by extension 'python'
[0.752s] Level 1:colcon.colcon_core.package_identification:_identify(src) by extensions ['python_setup_py']
[0.752s] Level 1:colcon.colcon_core.package_identification:_identify(src) by extension 'python_setup_py'
[0.753s] Level 1:colcon.colcon_core.package_identification:_identify(src/ekf_filter) by extensions ['ignore', 'ignore_ament_install']
[0.753s] Level 1:colcon.colcon_core.package_identification:_identify(src/ekf_filter) by extension 'ignore'
[0.753s] Level 1:colcon.colcon_core.package_identification:_identify(src/ekf_filter) by extension 'ignore_ament_install'
[0.753s] Level 1:colcon.colcon_core.package_identification:_identify(src/ekf_filter) by extensions ['colcon_pkg']
[0.753s] Level 1:colcon.colcon_core.package_identification:_identify(src/ekf_filter) by extension 'colcon_pkg'
[0.753s] Level 1:colcon.colcon_core.package_identification:_identify(src/ekf_filter) by extensions ['colcon_meta']
[0.753s] Level 1:colcon.colcon_core.package_identification:_identify(src/ekf_filter) by extension 'colcon_meta'
[0.753s] Level 1:colcon.colcon_core.package_identification:_identify(src/ekf_filter) by extensions ['ros']
[0.754s] Level 1:colcon.colcon_core.package_identification:_identify(src/ekf_filter) by extension 'ros'
[0.754s] Level 1:colcon.colcon_core.package_identification:_identify(src/ekf_filter) by extensions ['cmake', 'python']
[0.754s] Level 1:colcon.colcon_core.package_identification:_identify(src/ekf_filter) by extension 'cmake'
[0.754s] Level 1:colcon.colcon_core.package_identification:_identify(src/ekf_filter) by extension 'python'
[0.754s] Level 1:colcon.colcon_core.package_identification:_identify(src/ekf_filter) by extensions ['python_setup_py']
[0.754s] Level 1:colcon.colcon_core.package_identification:_identify(src/ekf_filter) by extension 'python_setup_py'
[0.754s] Level 1:colcon.colcon_core.package_identification:_identify(src/ekf_filter/include) by extensions ['ignore', 'ignore_ament_install']
[0.754s] Level 1:colcon.colcon_core.package_identification:_identify(src/ekf_filter/include) by extension 'ignore'
[0.755s] Level 1:colcon.colcon_core.package_identification:_identify(src/ekf_filter/include) by extension 'ignore_ament_install'
[0.755s] Level 1:colcon.colcon_core.package_identification:_identify(src/ekf_filter/include) by extensions ['colcon_pkg']
[0.755s] Level 1:colcon.colcon_core.package_identification:_identify(src/ekf_filter/include) by extension 'colcon_pkg'
[0.755s] Level 1:colcon.colcon_core.package_identification:_identify(src/ekf_filter/include) by extensions ['colcon_meta']
[0.755s] Level 1:colcon.colcon_core.package_identification:_identify(src/ekf_filter/include) by extension 'colcon_meta'
[0.755s] Level 1:colcon.colcon_core.package_identification:_identify(src/ekf_filter/include) by extensions ['ros']
[0.755s] Level 1:colcon.colcon_core.package_identification:_identify(src/ekf_filter/include) by extension 'ros'
[0.755s] Level 1:colcon.colcon_core.package_identification:_identify(src/ekf_filter/include) by extensions ['cmake', 'python']
[0.755s] Level 1:colcon.colcon_core.package_identification:_identify(src/ekf_filter/include) by extension 'cmake'
[0.755s] Level 1:colcon.colcon_core.package_identification:_identify(src/ekf_filter/include) by extension 'python'
[0.755s] Level 1:colcon.colcon_core.package_identification:_identify(src/ekf_filter/include) by extensions ['python_setup_py']
[0.756s] Level 1:colcon.colcon_core.package_identification:_identify(src/ekf_filter/include) by extension 'python_setup_py'
[0.756s] Level 1:colcon.colcon_core.package_identification:_identify(src/ekf_filter/include/ekf_filter) by extensions ['ignore', 'ignore_ament_install']
[0.756s] Level 1:colcon.colcon_core.package_identification:_identify(src/ekf_filter/include/ekf_filter) by extension 'ignore'
[0.756s] Level 1:colcon.colcon_core.package_identification:_identify(src/ekf_filter/include/ekf_filter) by extension 'ignore_ament_install'
[0.756s] Level 1:colcon.colcon_core.package_identification:_identify(src/ekf_filter/include/ekf_filter) by extensions ['colcon_pkg']
[0.756s] Level 1:colcon.colcon_core.package_identification:_identify(src/ekf_filter/include/ekf_filter) by extension 'colcon_pkg'
[0.756s] Level 1:colcon.colcon_core.package_identification:_identify(src/ekf_filter/include/ekf_filter) by extensions ['colcon_meta']
[0.756s] Level 1:colcon.colcon_core.package_identification:_identify(src/ekf_filter/include/ekf_filter) by extension 'colcon_meta'
[0.757s] Level 1:colcon.colcon_core.package_identification:_identify(src/ekf_filter/include/ekf_filter) by extensions ['ros']
[0.757s] Level 1:colcon.colcon_core.package_identification:_identify(src/ekf_filter/include/ekf_filter) by extension 'ros'
[0.757s] Level 1:colcon.colcon_core.package_identification:_identify(src/ekf_filter/include/ekf_filter) by extensions ['cmake', 'python']
[0.757s] Level 1:colcon.colcon_core.package_identification:_identify(src/ekf_filter/include/ekf_filter) by extension 'cmake'
[0.757s] Level 1:colcon.colcon_core.package_identification:_identify(src/ekf_filter/include/ekf_filter) by extension 'python'
[0.757s] Level 1:colcon.colcon_core.package_identification:_identify(src/ekf_filter/include/ekf_filter) by extensions ['python_setup_py']
[0.757s] Level 1:colcon.colcon_core.package_identification:_identify(src/ekf_filter/include/ekf_filter) by extension 'python_setup_py'
[0.757s] Level 1:colcon.colcon_core.package_identification:_identify(src/ekf_filter/launch) by extensions ['ignore', 'ignore_ament_install']
[0.757s] Level 1:colcon.colcon_core.package_identification:_identify(src/ekf_filter/launch) by extension 'ignore'
[0.758s] Level 1:colcon.colcon_core.package_identification:_identify(src/ekf_filter/launch) by extension 'ignore_ament_install'
[0.758s] Level 1:colcon.colcon_core.package_identification:_identify(src/ekf_filter/launch) by extensions ['colcon_pkg']
[0.758s] Level 1:colcon.colcon_core.package_identification:_identify(src/ekf_filter/launch) by extension 'colcon_pkg'
[0.758s] Level 1:colcon.colcon_core.package_identification:_identify(src/ekf_filter/launch) by extensions ['colcon_meta']
[0.758s] Level 1:colcon.colcon_core.package_identification:_identify(src/ekf_filter/launch) by extension 'colcon_meta'
[0.758s] Level 1:colcon.colcon_core.package_identification:_identify(src/ekf_filter/launch) by extensions ['ros']
[0.758s] Level 1:colcon.colcon_core.package_identification:_identify(src/ekf_filter/launch) by extension 'ros'
[0.758s] Level 1:colcon.colcon_core.package_identification:_identify(src/ekf_filter/launch) by extensions ['cmake', 'python']
[0.758s] Level 1:colcon.colcon_core.package_identification:_identify(src/ekf_filter/launch) by extension 'cmake'
[0.759s] Level 1:colcon.colcon_core.package_identification:_identify(src/ekf_filter/launch) by extension 'python'
[0.759s] Level 1:colcon.colcon_core.package_identification:_identify(src/ekf_filter/launch) by extensions ['python_setup_py']
[0.759s] Level 1:colcon.colcon_core.package_identification:_identify(src/ekf_filter/launch) by extension 'python_setup_py'
[0.759s] Level 1:colcon.colcon_core.package_identification:_identify(src/ekf_filter/src) by extensions ['ignore', 'ignore_ament_install']
[0.759s] Level 1:colcon.colcon_core.package_identification:_identify(src/ekf_filter/src) by extension 'ignore'
[0.759s] Level 1:colcon.colcon_core.package_identification:_identify(src/ekf_filter/src) by extension 'ignore_ament_install'
[0.759s] Level 1:colcon.colcon_core.package_identification:_identify(src/ekf_filter/src) by extensions ['colcon_pkg']
[0.759s] Level 1:colcon.colcon_core.package_identification:_identify(src/ekf_filter/src) by extension 'colcon_pkg'
[0.759s] Level 1:colcon.colcon_core.package_identification:_identify(src/ekf_filter/src) by extensions ['colcon_meta']
[0.759s] Level 1:colcon.colcon_core.package_identification:_identify(src/ekf_filter/src) by extension 'colcon_meta'
[0.760s] Level 1:colcon.colcon_core.package_identification:_identify(src/ekf_filter/src) by extensions ['ros']
[0.760s] Level 1:colcon.colcon_core.package_identification:_identify(src/ekf_filter/src) by extension 'ros'
[0.760s] Level 1:colcon.colcon_core.package_identification:_identify(src/ekf_filter/src) by extensions ['cmake', 'python']
[0.760s] Level 1:colcon.colcon_core.package_identification:_identify(src/ekf_filter/src) by extension 'cmake'
[0.760s] Level 1:colcon.colcon_core.package_identification:_identify(src/ekf_filter/src) by extension 'python'
[0.760s] Level 1:colcon.colcon_core.package_identification:_identify(src/ekf_filter/src) by extensions ['python_setup_py']
[0.760s] Level 1:colcon.colcon_core.package_identification:_identify(src/ekf_filter/src) by extension 'python_setup_py'
[0.760s] Level 1:colcon.colcon_core.package_identification:_identify(src/robot_localization) by extensions ['ignore', 'ignore_ament_install']
[0.761s] Level 1:colcon.colcon_core.package_identification:_identify(src/robot_localization) by extension 'ignore'
[0.761s] Level 1:colcon.colcon_core.package_identification:_identify(src/robot_localization) by extension 'ignore_ament_install'
[0.761s] Level 1:colcon.colcon_core.package_identification:_identify(src/robot_localization) by extensions ['colcon_pkg']
[0.761s] Level 1:colcon.colcon_core.package_identification:_identify(src/robot_localization) by extension 'colcon_pkg'
[0.761s] Level 1:colcon.colcon_core.package_identification:_identify(src/robot_localization) by extensions ['colcon_meta']
[0.761s] Level 1:colcon.colcon_core.package_identification:_identify(src/robot_localization) by extension 'colcon_meta'
[0.761s] Level 1:colcon.colcon_core.package_identification:_identify(src/robot_localization) by extensions ['ros']
[0.761s] Level 1:colcon.colcon_core.package_identification:_identify(src/robot_localization) by extension 'ros'
[0.768s] DEBUG:colcon.colcon_core.package_identification:Package 'src/robot_localization' with type 'ros.ament_cmake' and name 'robot_localization'
[0.768s] Level 1:colcon.colcon_core.package_discovery:discover_packages(recursive) using defaults
[0.769s] Level 1:colcon.colcon_core.package_discovery:discover_packages(ignore) discover
[0.769s] Level 1:colcon.colcon_core.package_discovery:discover_packages(ignore) using defaults
[0.769s] Level 1:colcon.colcon_core.package_discovery:discover_packages(path) discover
[0.769s] Level 1:colcon.colcon_core.package_discovery:discover_packages(path) using defaults
[0.808s] Level 5:colcon.colcon_core.verb:set package 'robot_localization' build argument 'cmake_args' from command line to 'None'
[0.808s] Level 5:colcon.colcon_core.verb:set package 'robot_localization' build argument 'cmake_target' from command line to 'None'
[0.809s] Level 5:colcon.colcon_core.verb:set package 'robot_localization' build argument 'cmake_target_skip_unavailable' from command line to 'False'
[0.809s] Level 5:colcon.colcon_core.verb:set package 'robot_localization' build argument 'cmake_clean_cache' from command line to 'False'
[0.809s] Level 5:colcon.colcon_core.verb:set package 'robot_localization' build argument 'cmake_clean_first' from command line to 'False'
[0.809s] Level 5:colcon.colcon_core.verb:set package 'robot_localization' build argument 'cmake_force_configure' from command line to 'False'
[0.809s] Level 5:colcon.colcon_core.verb:set package 'robot_localization' build argument 'ament_cmake_args' from command line to 'None'
[0.809s] Level 5:colcon.colcon_core.verb:set package 'robot_localization' build argument 'catkin_cmake_args' from command line to 'None'
[0.809s] Level 5:colcon.colcon_core.verb:set package 'robot_localization' build argument 'catkin_skip_building_tests' from command line to 'False'
[0.809s] DEBUG:colcon.colcon_core.verb:Building package 'robot_localization' with the following arguments: {'ament_cmake_args': None, 'build_base': '/home/aldayk/redback_ws/build/robot_localization', 'catkin_cmake_args': None, 'catkin_skip_building_tests': False, 'cmake_args': None, 'cmake_clean_cache': False, 'cmake_clean_first': False, 'cmake_force_configure': False, 'cmake_target': None, 'cmake_target_skip_unavailable': False, 'install_base': '/home/aldayk/redback_ws/install/robot_localization', 'merge_install': False, 'path': '/home/aldayk/redback_ws/src/robot_localization', 'symlink_install': False, 'test_result_base': None}
[0.811s] INFO:colcon.colcon_core.executor:Executing jobs using 'parallel' executor
[0.816s] DEBUG:colcon.colcon_parallel_executor.executor.parallel:run_until_complete
[0.817s] INFO:colcon.colcon_ros.task.ament_cmake.build:Building ROS package in '/home/aldayk/redback_ws/src/robot_localization' with build type 'ament_cmake'
[0.817s] INFO:colcon.colcon_cmake.task.cmake.build:Building CMake package in '/home/aldayk/redback_ws/src/robot_localization'
[0.828s] INFO:colcon.colcon_core.plugin_system:Skipping extension 'colcon_core.shell.bat': Not used on non-Windows systems
[0.829s] INFO:colcon.colcon_core.shell:Skip shell extension 'powershell' for command environment: Not usable outside of PowerShell
[0.829s] DEBUG:colcon.colcon_core.shell:Skip shell extension 'dsv' for command environment
[0.833s] DEBUG:colcon.colcon_core.shell:Ignoring prefix path '/opt/ros/galactic'
[0.872s] DEBUG:colcon.colcon_core.event_handler.log_command:Invoking command in '/home/aldayk/redback_ws/build/robot_localization': CMAKE_PREFIX_PATH=/opt/ros/galactic /usr/bin/cmake --build /home/aldayk/redback_ws/build/robot_localization -- -j6 -l6
[530.227s] DEBUG:colcon.colcon_core.event_handler.log_command:Invoked command in '/home/aldayk/redback_ws/build/robot_localization' returned '0': CMAKE_PREFIX_PATH=/opt/ros/galactic /usr/bin/cmake --build /home/aldayk/redback_ws/build/robot_localization -- -j6 -l6
[530.921s] DEBUG:colcon.colcon_core.event_handler.log_command:Invoking command in '/home/aldayk/redback_ws/build/robot_localization': CMAKE_PREFIX_PATH=/opt/ros/galactic /usr/bin/cmake --install /home/aldayk/redback_ws/build/robot_localization
[532.113s] Level 1:colcon.colcon_core.environment:create_environment_scripts_only(robot_localization)
[532.118s] DEBUG:colcon.colcon_core.event_handler.log_command:Invoked command in '/home/aldayk/redback_ws/build/robot_localization' returned '0': CMAKE_PREFIX_PATH=/opt/ros/galactic /usr/bin/cmake --install /home/aldayk/redback_ws/build/robot_localization
[532.127s] Level 1:colcon.colcon_core.environment:checking '/home/aldayk/redback_ws/install/robot_localization' for CMake module files
[532.129s] Level 1:colcon.colcon_core.environment:checking '/home/aldayk/redback_ws/install/robot_localization' for CMake config files
[532.131s] Level 1:colcon.colcon_core.shell:create_environment_hook('robot_localization', 'cmake_prefix_path')
[532.132s] INFO:colcon.colcon_core.shell:Creating environment hook '/home/aldayk/redback_ws/install/robot_localization/share/robot_localization/hook/cmake_prefix_path.ps1'
[532.136s] INFO:colcon.colcon_core.shell:Creating environment descriptor '/home/aldayk/redback_ws/install/robot_localization/share/robot_localization/hook/cmake_prefix_path.dsv'
[532.137s] INFO:colcon.colcon_core.shell:Creating environment hook '/home/aldayk/redback_ws/install/robot_localization/share/robot_localization/hook/cmake_prefix_path.sh'
[532.140s] Level 1:colcon.colcon_core.environment:checking '/home/aldayk/redback_ws/install/robot_localization/lib'
[532.141s] Level 1:colcon.colcon_core.shell:create_environment_hook('robot_localization', 'ld_library_path_lib')
[532.143s] INFO:colcon.colcon_core.shell:Creating environment hook '/home/aldayk/redback_ws/install/robot_localization/share/robot_localization/hook/ld_library_path_lib.ps1'
[532.144s] INFO:colcon.colcon_core.shell:Creating environment descriptor '/home/aldayk/redback_ws/install/robot_localization/share/robot_localization/hook/ld_library_path_lib.dsv'
[532.144s] INFO:colcon.colcon_core.shell:Creating environment hook '/home/aldayk/redback_ws/install/robot_localization/share/robot_localization/hook/ld_library_path_lib.sh'
[532.145s] Level 1:colcon.colcon_core.environment:checking '/home/aldayk/redback_ws/install/robot_localization/bin'
[532.145s] Level 1:colcon.colcon_core.environment:checking '/home/aldayk/redback_ws/install/robot_localization/lib/pkgconfig/robot_localization.pc'
[532.145s] Level 1:colcon.colcon_core.environment:checking '/home/aldayk/redback_ws/install/robot_localization/lib/python3.8/site-packages'
[532.145s] Level 1:colcon.colcon_core.shell:create_environment_hook('robot_localization', 'pythonpath')
[532.147s] INFO:colcon.colcon_core.shell:Creating environment hook '/home/aldayk/redback_ws/install/robot_localization/share/robot_localization/hook/pythonpath.ps1'
[532.148s] INFO:colcon.colcon_core.shell:Creating environment descriptor '/home/aldayk/redback_ws/install/robot_localization/share/robot_localization/hook/pythonpath.dsv'
[532.149s] INFO:colcon.colcon_core.shell:Creating environment hook '/home/aldayk/redback_ws/install/robot_localization/share/robot_localization/hook/pythonpath.sh'
[532.151s] INFO:colcon.colcon_core.shell:Creating package script '/home/aldayk/redback_ws/install/robot_localization/share/robot_localization/package.ps1'
[532.155s] INFO:colcon.colcon_core.shell:Creating package descriptor '/home/aldayk/redback_ws/install/robot_localization/share/robot_localization/package.dsv'
[532.157s] INFO:colcon.colcon_core.shell:Creating package script '/home/aldayk/redback_ws/install/robot_localization/share/robot_localization/package.sh'
[532.164s] INFO:colcon.colcon_core.shell:Creating package script '/home/aldayk/redback_ws/install/robot_localization/share/robot_localization/package.bash'
[532.168s] INFO:colcon.colcon_core.shell:Creating package script '/home/aldayk/redback_ws/install/robot_localization/share/robot_localization/package.zsh'
[532.174s] Level 1:colcon.colcon_core.environment:create_file_with_runtime_dependencies(/home/aldayk/redback_ws/install/robot_localization/share/colcon-core/packages/robot_localization)
[532.630s] Level 1:colcon.colcon_core.environment:create_environment_scripts_only(robot_localization)
[532.633s] Level 1:colcon.colcon_core.environment:checking '/home/aldayk/redback_ws/install/robot_localization' for CMake module files
[532.636s] Level 1:colcon.colcon_core.environment:checking '/home/aldayk/redback_ws/install/robot_localization' for CMake config files
[532.639s] Level 1:colcon.colcon_core.shell:create_environment_hook('robot_localization', 'cmake_prefix_path')
[532.642s] INFO:colcon.colcon_core.shell:Creating environment hook '/home/aldayk/redback_ws/install/robot_localization/share/robot_localization/hook/cmake_prefix_path.ps1'
[532.644s] INFO:colcon.colcon_core.shell:Creating environment descriptor '/home/aldayk/redback_ws/install/robot_localization/share/robot_localization/hook/cmake_prefix_path.dsv'
[532.645s] INFO:colcon.colcon_core.shell:Creating environment hook '/home/aldayk/redback_ws/install/robot_localization/share/robot_localization/hook/cmake_prefix_path.sh'
[532.649s] Level 1:colcon.colcon_core.environment:checking '/home/aldayk/redback_ws/install/robot_localization/lib'
[532.649s] Level 1:colcon.colcon_core.shell:create_environment_hook('robot_localization', 'ld_library_path_lib')
[532.651s] INFO:colcon.colcon_core.shell:Creating environment hook '/home/aldayk/redback_ws/install/robot_localization/share/robot_localization/hook/ld_library_path_lib.ps1'
[532.654s] INFO:colcon.colcon_core.shell:Creating environment descriptor '/home/aldayk/redback_ws/install/robot_localization/share/robot_localization/hook/ld_library_path_lib.dsv'
[532.656s] INFO:colcon.colcon_core.shell:Creating environment hook '/home/aldayk/redback_ws/install/robot_localization/share/robot_localization/hook/ld_library_path_lib.sh'
[532.657s] Level 1:colcon.colcon_core.environment:checking '/home/aldayk/redback_ws/install/robot_localization/bin'
[532.657s] Level 1:colcon.colcon_core.environment:checking '/home/aldayk/redback_ws/install/robot_localization/lib/pkgconfig/robot_localization.pc'
[532.657s] Level 1:colcon.colcon_core.environment:checking '/home/aldayk/redback_ws/install/robot_localization/lib/python3.8/site-packages'
[532.658s] Level 1:colcon.colcon_core.shell:create_environment_hook('robot_localization', 'pythonpath')
[532.659s] INFO:colcon.colcon_core.shell:Creating environment hook '/home/aldayk/redback_ws/install/robot_localization/share/robot_localization/hook/pythonpath.ps1'
[532.661s] INFO:colcon.colcon_core.shell:Creating environment descriptor '/home/aldayk/redback_ws/install/robot_localization/share/robot_localization/hook/pythonpath.dsv'
[532.662s] INFO:colcon.colcon_core.shell:Creating environment hook '/home/aldayk/redback_ws/install/robot_localization/share/robot_localization/hook/pythonpath.sh'
[532.665s] INFO:colcon.colcon_core.shell:Creating package script '/home/aldayk/redback_ws/install/robot_localization/share/robot_localization/package.ps1'
[532.668s] INFO:colcon.colcon_core.shell:Creating package descriptor '/home/aldayk/redback_ws/install/robot_localization/share/robot_localization/package.dsv'
[532.670s] INFO:colcon.colcon_core.shell:Creating package script '/home/aldayk/redback_ws/install/robot_localization/share/robot_localization/package.sh'
[532.671s] INFO:colcon.colcon_core.shell:Creating package script '/home/aldayk/redback_ws/install/robot_localization/share/robot_localization/package.bash'
[532.673s] INFO:colcon.colcon_core.shell:Creating package script '/home/aldayk/redback_ws/install/robot_localization/share/robot_localization/package.zsh'
[532.674s] Level 1:colcon.colcon_core.environment:create_file_with_runtime_dependencies(/home/aldayk/redback_ws/install/robot_localization/share/colcon-core/packages/robot_localization)
[532.675s] DEBUG:colcon.colcon_parallel_executor.executor.parallel:closing loop
[532.677s] DEBUG:colcon.colcon_parallel_executor.executor.parallel:loop closed
[532.677s] DEBUG:colcon.colcon_parallel_executor.executor.parallel:run_until_complete finished with '0'
[532.677s] DEBUG:colcon.colcon_core.event_reactor:joining thread
[532.724s] INFO:colcon.colcon_core.plugin_system:Skipping extension 'colcon_notification.desktop_notification.terminal_notifier': Not used on non-Darwin systems
[532.726s] INFO:colcon.colcon_core.plugin_system:Skipping extension 'colcon_notification.desktop_notification.win32': Not used on non-Windows systems
[532.726s] INFO:colcon.colcon_notification.desktop_notification:Sending desktop notification using 'notify2'
[532.796s] DEBUG:colcon.colcon_core.event_reactor:joined thread
[532.800s] INFO:colcon.colcon_core.shell:Creating prefix script '/home/aldayk/redback_ws/install/local_setup.ps1'
[532.803s] INFO:colcon.colcon_core.shell:Creating prefix util module '/home/aldayk/redback_ws/install/_local_setup_util_ps1.py'
[532.809s] INFO:colcon.colcon_core.shell:Creating prefix chain script '/home/aldayk/redback_ws/install/setup.ps1'
[532.816s] INFO:colcon.colcon_core.shell:Creating prefix script '/home/aldayk/redback_ws/install/local_setup.sh'
[532.818s] INFO:colcon.colcon_core.shell:Creating prefix util module '/home/aldayk/redback_ws/install/_local_setup_util_sh.py'
[532.820s] INFO:colcon.colcon_core.shell:Creating prefix chain script '/home/aldayk/redback_ws/install/setup.sh'
[532.825s] INFO:colcon.colcon_core.shell:Creating prefix script '/home/aldayk/redback_ws/install/local_setup.bash'
[532.826s] INFO:colcon.colcon_core.shell:Creating prefix chain script '/home/aldayk/redback_ws/install/setup.bash'
[532.831s] INFO:colcon.colcon_core.shell:Creating prefix script '/home/aldayk/redback_ws/install/local_setup.zsh'
[532.833s] INFO:colcon.colcon_core.shell:Creating prefix chain script '/home/aldayk/redback_ws/install/setup.zsh'
