[0.051s] Invoking command in '/home/aldayk/AV-NMP-Motion-Estimation-Mapping/redback_ws/build/robot_localization': CMAKE_PREFIX_PATH=/opt/ros/galactic /usr/bin/cmake /home/aldayk/AV-NMP-Motion-Estimation-Mapping/redback_ws/src/robot_localization -DCMAKE_INSTALL_PREFIX=/home/aldayk/AV-NMP-Motion-Estimation-Mapping/redback_ws/install/robot_localization
[0.341s] -- The C compiler identification is GNU 9.3.0
[0.590s] -- The CXX compiler identification is GNU 9.3.0
[0.607s] -- Check for working C compiler: /usr/bin/cc
[0.748s] -- Check for working C compiler: /usr/bin/cc -- works
[0.752s] -- Detecting C compiler ABI info
[0.891s] -- Detecting C compiler ABI info - done
[0.918s] -- Detecting C compile features
[0.919s] -- Detecting C compile features - done
[0.927s] -- Check for working CXX compiler: /usr/bin/c++
[1.107s] -- Check for working CXX compiler: /usr/bin/c++ -- works
[1.109s] -- Detecting CXX compiler ABI info
[1.261s] -- Detecting CXX compiler ABI info - done
[1.282s] -- Detecting CXX compile features
[1.283s] -- Detecting CXX compile features - done
[1.284s] -- robot_localization: You did not request a specific build type: selecting 'RelWithDebInfo'.
[1.302s] -- Found ament_cmake: 1.1.4 (/opt/ros/galactic/share/ament_cmake/cmake)
[1.377s] -- Found PythonInterp: /usr/bin/python3 (found suitable version "3.8.10", minimum required is "3") 
[1.378s] -- Using PYTHON_EXECUTABLE: /usr/bin/python3
[1.581s] -- Found rclcpp: 9.1.0 (/opt/ros/galactic/share/rclcpp/cmake)
[1.727s] -- Using all available rosidl_typesupport_c: rosidl_typesupport_fastrtps_c;rosidl_typesupport_introspection_c
[1.749s] -- Found rosidl_adapter: 2.2.1 (/opt/ros/galactic/share/rosidl_adapter/cmake)
[1.991s] -- Found OpenSSL: /usr/lib/x86_64-linux-gnu/libcrypto.so (found version "1.1.1f")  
[2.070s] -- Found FastRTPS: /opt/ros/galactic/include  
[2.310s] -- Using all available rosidl_typesupport_cpp: rosidl_typesupport_fastrtps_cpp;rosidl_typesupport_introspection_cpp
[2.517s] -- Found rmw_implementation_cmake: 3.3.1 (/opt/ros/galactic/share/rmw_implementation_cmake/cmake)
[2.531s] -- Found rmw_cyclonedds_cpp: 0.22.3 (/opt/ros/galactic/share/rmw_cyclonedds_cpp/cmake)
[2.637s] -- Using RMW implementation 'rmw_cyclonedds_cpp' as default
[2.646s] -- Looking for pthread.h
[2.998s] -- Looking for pthread.h - found
[2.999s] -- Performing Test CMAKE_HAVE_LIBC_PTHREAD
[3.281s] -- Performing Test CMAKE_HAVE_LIBC_PTHREAD - Failed
[3.281s] -- Looking for pthread_create in pthreads
[3.466s] -- Looking for pthread_create in pthreads - not found
[3.466s] -- Looking for pthread_create in pthread
[3.650s] -- Looking for pthread_create in pthread - found
[3.652s] -- Found Threads: TRUE  
[4.210s] -- Found diagnostic_msgs: 2.2.3 (/opt/ros/galactic/share/diagnostic_msgs/cmake)
[4.353s] -- Found diagnostic_updater: 2.1.3 (/opt/ros/galactic/share/diagnostic_updater/cmake)
[4.417s] -- Found geographic_msgs: 1.0.4 (/opt/ros/galactic/share/geographic_msgs/cmake)
[4.913s] -- Found message_filters: 3.2.6 (/opt/ros/galactic/share/message_filters/cmake)
[4.945s] -- Found nav_msgs: 2.2.3 (/opt/ros/galactic/share/nav_msgs/cmake)
[5.161s] -- Found rosidl_default_generators: 1.1.1 (/opt/ros/galactic/share/rosidl_default_generators/cmake)
[5.201s] -- Found sensor_msgs: 2.2.3 (/opt/ros/galactic/share/sensor_msgs/cmake)
[5.424s] -- Found std_srvs: 2.2.3 (/opt/ros/galactic/share/std_srvs/cmake)
[5.461s] -- Found tf2: 0.17.2 (/opt/ros/galactic/share/tf2/cmake)
[5.514s] -- Found tf2_eigen: 0.17.2 (/opt/ros/galactic/share/tf2_eigen/cmake)
[7.079s] -- Found tf2_geometry_msgs: 0.17.2 (/opt/ros/galactic/share/tf2_geometry_msgs/cmake)
[7.116s] -- Found Eigen3: TRUE (found version "3.3.7") 
[7.246s] -- Found Boost: /usr/lib/x86_64-linux-gnu/cmake/Boost-1.71.0/BoostConfig.cmake (found version "1.71.0")  
[7.254s] -- Found yaml_cpp_vendor: 7.1.0 (/opt/ros/galactic/share/yaml_cpp_vendor/cmake)
[7.284s] -- Setting yaml-cpp_DIR to: '/opt/ros/galactic/share/yaml_cpp_vendor/cmake/../../../opt/yaml_cpp_vendor/lib/cmake/yaml-cpp'
[7.297s] -- Found GeographicLib: /usr/lib/x86_64-linux-gnu  
[7.393s] -- Found PythonInterp: /usr/bin/python3 (found version "3.8.10") 
[8.059s] -- Found ament_cmake_cppcheck: 0.10.6 (/opt/ros/galactic/share/ament_cmake_cppcheck/cmake)
[8.066s] -- Found ament_cmake_cpplint: 0.10.6 (/opt/ros/galactic/share/ament_cmake_cpplint/cmake)
[8.072s] -- Found ament_cmake_uncrustify: 0.10.6 (/opt/ros/galactic/share/ament_cmake_uncrustify/cmake)
[8.082s] -- Found ament_cmake_ros: 0.9.2 (/opt/ros/galactic/share/ament_cmake_ros/cmake)
[8.906s] -- Using all available rosidl_typesupport_c: rosidl_typesupport_fastrtps_c;rosidl_typesupport_introspection_c
[9.283s] -- Using all available rosidl_typesupport_cpp: rosidl_typesupport_fastrtps_cpp;rosidl_typesupport_introspection_cpp
[9.350s] -- Found PythonInterp: /usr/bin/python3 (found suitable version "3.8.10", minimum required is "3.5") 
[9.354s] -- Found python_cmake_module: 0.8.1 (/opt/ros/galactic/share/python_cmake_module/cmake)
[9.450s] -- Found PythonLibs: /usr/lib/x86_64-linux-gnu/libpython3.8.so (found suitable version "3.8.10", minimum required is "3.5") 
[9.450s] -- Using PYTHON_EXECUTABLE: /usr/bin/python3
[9.450s] -- Using PYTHON_INCLUDE_DIRS: /usr/include/python3.8
[9.451s] -- Using PYTHON_LIBRARIES: /usr/lib/x86_64-linux-gnu/libpython3.8.so
[9.493s] -- Found PythonExtra: .so  
[9.728s] -- Found ament_cmake_flake8: 0.10.6 (/opt/ros/galactic/share/ament_cmake_flake8/cmake)
[9.733s] -- Found ament_cmake_pep257: 0.10.6 (/opt/ros/galactic/share/ament_cmake_pep257/cmake)
[9.815s] -- Found ament_cmake_lint_cmake: 0.10.6 (/opt/ros/galactic/share/ament_cmake_lint_cmake/cmake)
[9.821s] -- Found launch_testing_ament_cmake: 0.17.0 (/opt/ros/galactic/share/launch_testing_ament_cmake/cmake)
[9.879s] -- Using PYTHON_EXECUTABLE: /usr/bin/python3
[9.879s] -- Using PYTHON_INCLUDE_DIRS: /usr/include/python3.8
[9.879s] -- Using PYTHON_LIBRARIES: /usr/lib/x86_64-linux-gnu/libpython3.8.so
[9.887s] -- Found gtest sources under '/opt/ros/galactic/src/gtest_vendor': C++ tests using 'Google Test' will be built
[9.910s] -- Check if compiler accepts -pthread
[10.080s] -- Check if compiler accepts -pthread - yes
[10.163s] -- Configuring done
[10.805s] -- Generating done
[10.815s] -- Build files have been written to: /home/aldayk/AV-NMP-Motion-Estimation-Mapping/redback_ws/build/robot_localization
[10.857s] Invoked command in '/home/aldayk/AV-NMP-Motion-Estimation-Mapping/redback_ws/build/robot_localization' returned '0': CMAKE_PREFIX_PATH=/opt/ros/galactic /usr/bin/cmake /home/aldayk/AV-NMP-Motion-Estimation-Mapping/redback_ws/src/robot_localization -DCMAKE_INSTALL_PREFIX=/home/aldayk/AV-NMP-Motion-Estimation-Mapping/redback_ws/install/robot_localization
[10.864s] Invoking command in '/home/aldayk/AV-NMP-Motion-Estimation-Mapping/redback_ws/build/robot_localization': CMAKE_PREFIX_PATH=/opt/ros/galactic /usr/bin/cmake --build /home/aldayk/AV-NMP-Motion-Estimation-Mapping/redback_ws/build/robot_localization -- -j6 -l6
[10.973s] [35m[1mScanning dependencies of target gtest[0m
[10.977s] [35m[1mScanning dependencies of target gtest_main[0m
[10.977s] [35m[1mScanning dependencies of target robot_localization__cpp[0m
[10.979s] [  1%] [34m[1mGenerating C code for ROS interfaces[0m
[11.004s] [  1%] [34m[1mGenerating C++ code for ROS interfaces[0m
[11.023s] [  2%] [32mBuilding CXX object gtest/CMakeFiles/gtest_main.dir/src/gtest_main.cc.o[0m
[11.026s] [  3%] [32mBuilding CXX object gtest/CMakeFiles/gtest.dir/src/gtest-all.cc.o[0m
[12.850s] [35m[1mScanning dependencies of target robot_localization__rosidl_generator_c[0m
[12.951s] [  3%] [32mBuilding C object CMakeFiles/robot_localization__rosidl_generator_c.dir/rosidl_generator_c/robot_localization/srv/detail/from_ll__functions.c.o[0m
[13.127s] [  5%] [32mBuilding C object CMakeFiles/robot_localization__rosidl_generator_c.dir/rosidl_generator_c/robot_localization/srv/detail/set_datum__functions.c.o[0m
[13.127s] [  5%] [32mBuilding C object CMakeFiles/robot_localization__rosidl_generator_c.dir/rosidl_generator_c/robot_localization/srv/detail/get_state__functions.c.o[0m
[13.152s] [  5%] Built target robot_localization__cpp
[13.208s] [  6%] [32mBuilding C object CMakeFiles/robot_localization__rosidl_generator_c.dir/rosidl_generator_c/robot_localization/srv/detail/set_pose__functions.c.o[0m
[13.505s] [  7%] [32mBuilding C object CMakeFiles/robot_localization__rosidl_generator_c.dir/rosidl_generator_c/robot_localization/srv/detail/toggle_filter_processing__functions.c.o[0m
[13.544s] [  8%] [32mBuilding C object CMakeFiles/robot_localization__rosidl_generator_c.dir/rosidl_generator_c/robot_localization/srv/detail/to_ll__functions.c.o[0m
[13.580s] [  9%] [34m[1mGenerating C++ type support dispatch for ROS interfaces[0m
[13.658s] [ 10%] [34m[1mGenerating C++ type support for eProsima Fast-RTPS[0m
[13.899s] [ 11%] [32m[1mLinking CXX static library libgtest_main.a[0m
[13.982s] [ 12%] [34m[1mGenerating C++ introspection for ROS interfaces[0m
[14.117s] [ 12%] Built target gtest_main
[14.136s] [ 13%] [32m[1mLinking C shared library librobot_localization__rosidl_generator_c.so[0m
[14.433s] [ 13%] Built target robot_localization__rosidl_generator_c
[14.540s] [ 14%] [34m[1mGenerating C type support dispatch for ROS interfaces[0m
[14.540s] [ 15%] [34m[1mGenerating C introspection for ROS interfaces[0m
[16.000s] [35m[1mScanning dependencies of target robot_localization__rosidl_typesupport_cpp[0m
[16.086s] [ 16%] [32mBuilding CXX object CMakeFiles/robot_localization__rosidl_typesupport_cpp.dir/rosidl_typesupport_cpp/robot_localization/srv/from_ll__type_support.cpp.o[0m
[17.168s] [35m[1mScanning dependencies of target robot_localization__rosidl_typesupport_introspection_cpp[0m
[17.257s] [35m[1mScanning dependencies of target robot_localization__rosidl_typesupport_c[0m
[17.297s] [ 17%] [32mBuilding CXX object CMakeFiles/robot_localization__rosidl_typesupport_introspection_cpp.dir/rosidl_typesupport_introspection_cpp/robot_localization/srv/detail/from_ll__type_support.cpp.o[0m
[17.327s] [ 18%] [32mBuilding CXX object CMakeFiles/robot_localization__rosidl_typesupport_c.dir/rosidl_typesupport_c/robot_localization/srv/from_ll__type_support.cpp.o[0m
[17.581s] [ 19%] [32mBuilding CXX object CMakeFiles/robot_localization__rosidl_typesupport_c.dir/rosidl_typesupport_c/robot_localization/srv/get_state__type_support.cpp.o[0m
[17.632s] [35m[1mScanning dependencies of target robot_localization__rosidl_typesupport_fastrtps_cpp[0m
[17.749s] [ 20%] [32mBuilding CXX object CMakeFiles/robot_localization__rosidl_typesupport_cpp.dir/rosidl_typesupport_cpp/robot_localization/srv/get_state__type_support.cpp.o[0m
[17.876s] [ 20%] [32mBuilding CXX object CMakeFiles/robot_localization__rosidl_typesupport_c.dir/rosidl_typesupport_c/robot_localization/srv/set_datum__type_support.cpp.o[0m
[17.982s] [ 21%] [32mBuilding CXX object CMakeFiles/robot_localization__rosidl_typesupport_fastrtps_cpp.dir/rosidl_typesupport_fastrtps_cpp/robot_localization/srv/detail/dds_fastrtps/from_ll__type_support.cpp.o[0m
[18.140s] [ 22%] [32mBuilding CXX object CMakeFiles/robot_localization__rosidl_typesupport_c.dir/rosidl_typesupport_c/robot_localization/srv/set_pose__type_support.cpp.o[0m
[18.342s] [ 23%] [32mBuilding CXX object CMakeFiles/robot_localization__rosidl_typesupport_c.dir/rosidl_typesupport_c/robot_localization/srv/toggle_filter_processing__type_support.cpp.o[0m
[18.378s] [35m[1mScanning dependencies of target robot_localization__rosidl_typesupport_introspection_c[0m
[18.495s] [ 24%] [32mBuilding C object CMakeFiles/robot_localization__rosidl_typesupport_introspection_c.dir/rosidl_typesupport_introspection_c/robot_localization/srv/detail/from_ll__type_support.c.o[0m
[18.499s] [ 25%] [32mBuilding CXX object CMakeFiles/robot_localization__rosidl_typesupport_c.dir/rosidl_typesupport_c/robot_localization/srv/to_ll__type_support.cpp.o[0m
[18.639s] [ 26%] [32m[1mLinking CXX shared library librobot_localization__rosidl_typesupport_c.so[0m
[18.689s] [ 27%] [32mBuilding C object CMakeFiles/robot_localization__rosidl_typesupport_introspection_c.dir/rosidl_typesupport_introspection_c/robot_localization/srv/detail/get_state__type_support.c.o[0m
[18.855s] [ 27%] Built target robot_localization__rosidl_typesupport_c
[18.896s] [ 27%] [32mBuilding CXX object CMakeFiles/robot_localization__rosidl_typesupport_cpp.dir/rosidl_typesupport_cpp/robot_localization/srv/set_datum__type_support.cpp.o[0m
[18.945s] [ 28%] [32mBuilding C object CMakeFiles/robot_localization__rosidl_typesupport_introspection_c.dir/rosidl_typesupport_introspection_c/robot_localization/srv/detail/set_datum__type_support.c.o[0m
[19.175s] [ 29%] [32mBuilding CXX object CMakeFiles/robot_localization__rosidl_typesupport_introspection_cpp.dir/rosidl_typesupport_introspection_cpp/robot_localization/srv/detail/get_state__type_support.cpp.o[0m
[19.343s] [ 30%] [32mBuilding C object CMakeFiles/robot_localization__rosidl_typesupport_introspection_c.dir/rosidl_typesupport_introspection_c/robot_localization/srv/detail/set_pose__type_support.c.o[0m
[19.620s] [ 31%] [32mBuilding C object CMakeFiles/robot_localization__rosidl_typesupport_introspection_c.dir/rosidl_typesupport_introspection_c/robot_localization/srv/detail/toggle_filter_processing__type_support.c.o[0m
[19.714s] [ 32%] [32mBuilding CXX object CMakeFiles/robot_localization__rosidl_typesupport_cpp.dir/rosidl_typesupport_cpp/robot_localization/srv/set_pose__type_support.cpp.o[0m
[19.814s] [ 33%] [32mBuilding C object CMakeFiles/robot_localization__rosidl_typesupport_introspection_c.dir/rosidl_typesupport_introspection_c/robot_localization/srv/detail/to_ll__type_support.c.o[0m
[20.017s] [ 33%] [32m[1mLinking C shared library librobot_localization__rosidl_typesupport_introspection_c.so[0m
[20.183s] [ 33%] Built target robot_localization__rosidl_typesupport_introspection_c
[20.216s] [ 34%] [32mBuilding CXX object CMakeFiles/robot_localization__rosidl_typesupport_cpp.dir/rosidl_typesupport_cpp/robot_localization/srv/toggle_filter_processing__type_support.cpp.o[0m
[20.657s] [ 35%] [32mBuilding CXX object CMakeFiles/robot_localization__rosidl_typesupport_fastrtps_cpp.dir/rosidl_typesupport_fastrtps_cpp/robot_localization/srv/detail/dds_fastrtps/get_state__type_support.cpp.o[0m
[20.657s] [ 36%] [32mBuilding CXX object CMakeFiles/robot_localization__rosidl_typesupport_cpp.dir/rosidl_typesupport_cpp/robot_localization/srv/to_ll__type_support.cpp.o[0m
[21.104s] [ 37%] [32mBuilding CXX object CMakeFiles/robot_localization__rosidl_typesupport_introspection_cpp.dir/rosidl_typesupport_introspection_cpp/robot_localization/srv/detail/set_datum__type_support.cpp.o[0m
[21.225s] [ 38%] [32mBuilding CXX object CMakeFiles/robot_localization__rosidl_typesupport_introspection_cpp.dir/rosidl_typesupport_introspection_cpp/robot_localization/srv/detail/set_pose__type_support.cpp.o[0m
[21.702s] [ 39%] [32mBuilding CXX object CMakeFiles/robot_localization__rosidl_typesupport_introspection_cpp.dir/rosidl_typesupport_introspection_cpp/robot_localization/srv/detail/toggle_filter_processing__type_support.cpp.o[0m
[22.272s] [ 40%] [32m[1mLinking CXX shared library librobot_localization__rosidl_typesupport_cpp.so[0m
[22.469s] [ 40%] Built target robot_localization__rosidl_typesupport_cpp
[22.504s] [ 41%] [32mBuilding CXX object CMakeFiles/robot_localization__rosidl_typesupport_introspection_cpp.dir/rosidl_typesupport_introspection_cpp/robot_localization/srv/detail/to_ll__type_support.cpp.o[0m
[22.609s] [ 42%] [32mBuilding CXX object CMakeFiles/robot_localization__rosidl_typesupport_fastrtps_cpp.dir/rosidl_typesupport_fastrtps_cpp/robot_localization/srv/detail/dds_fastrtps/set_datum__type_support.cpp.o[0m
[22.990s] [ 43%] [32mBuilding CXX object CMakeFiles/robot_localization__rosidl_typesupport_fastrtps_cpp.dir/rosidl_typesupport_fastrtps_cpp/robot_localization/srv/detail/dds_fastrtps/set_pose__type_support.cpp.o[0m
[23.162s] [ 43%] [32mBuilding CXX object CMakeFiles/robot_localization__rosidl_typesupport_fastrtps_cpp.dir/rosidl_typesupport_fastrtps_cpp/robot_localization/srv/detail/dds_fastrtps/toggle_filter_processing__type_support.cpp.o[0m
[23.203s] [ 44%] [32mBuilding CXX object CMakeFiles/robot_localization__rosidl_typesupport_fastrtps_cpp.dir/rosidl_typesupport_fastrtps_cpp/robot_localization/srv/detail/dds_fastrtps/to_ll__type_support.cpp.o[0m
[24.029s] [ 44%] [32m[1mLinking CXX shared library librobot_localization__rosidl_typesupport_introspection_cpp.so[0m
[24.353s] [ 44%] Built target robot_localization__rosidl_typesupport_introspection_cpp
[25.649s] [ 45%] [32m[1mLinking CXX shared library librobot_localization__rosidl_typesupport_fastrtps_cpp.so[0m
[26.192s] [ 45%] Built target robot_localization__rosidl_typesupport_fastrtps_cpp
[26.257s] [ 46%] [34m[1mGenerating C type support for eProsima Fast-RTPS[0m
[28.199s] [35m[1mScanning dependencies of target robot_localization__rosidl_typesupport_fastrtps_c[0m
[28.293s] [ 48%] [32mBuilding CXX object CMakeFiles/robot_localization__rosidl_typesupport_fastrtps_c.dir/rosidl_typesupport_fastrtps_c/robot_localization/srv/detail/from_ll__type_support_c.cpp.o[0m
[28.293s] [ 48%] [32mBuilding CXX object CMakeFiles/robot_localization__rosidl_typesupport_fastrtps_c.dir/rosidl_typesupport_fastrtps_c/robot_localization/srv/detail/get_state__type_support_c.cpp.o[0m
[28.294s] [ 48%] [32mBuilding CXX object CMakeFiles/robot_localization__rosidl_typesupport_fastrtps_c.dir/rosidl_typesupport_fastrtps_c/robot_localization/srv/detail/toggle_filter_processing__type_support_c.cpp.o[0m
[28.302s] [ 49%] [32mBuilding CXX object CMakeFiles/robot_localization__rosidl_typesupport_fastrtps_c.dir/rosidl_typesupport_fastrtps_c/robot_localization/srv/detail/set_pose__type_support_c.cpp.o[0m
[28.303s] [ 50%] [32mBuilding CXX object CMakeFiles/robot_localization__rosidl_typesupport_fastrtps_c.dir/rosidl_typesupport_fastrtps_c/robot_localization/srv/detail/set_datum__type_support_c.cpp.o[0m
[29.955s] [ 51%] [32mBuilding CXX object CMakeFiles/robot_localization__rosidl_typesupport_fastrtps_c.dir/rosidl_typesupport_fastrtps_c/robot_localization/srv/detail/to_ll__type_support_c.cpp.o[0m
[31.290s] [ 52%] [32m[1mLinking CXX shared library librobot_localization__rosidl_typesupport_fastrtps_c.so[0m
[31.576s] [ 52%] Built target robot_localization__rosidl_typesupport_fastrtps_c
[31.603s] [35m[1mScanning dependencies of target robot_localization[0m
[31.653s] [ 52%] Built target robot_localization
[31.680s] [35m[1mScanning dependencies of target rl_lib[0m
[31.681s] [35m[1mScanning dependencies of target robot_localization__py[0m
[31.719s] [ 53%] [34m[1mGenerating Python code for ROS interfaces[0m
[32.403s] [ 53%] [32mBuilding CXX object CMakeFiles/rl_lib.dir/src/ekf.cpp.o[0m
[32.405s] [ 54%] [32mBuilding CXX object CMakeFiles/rl_lib.dir/src/ukf.cpp.o[0m
[32.406s] [ 55%] [32mBuilding CXX object CMakeFiles/rl_lib.dir/src/filter_base.cpp.o[0m
[32.424s] [ 56%] [32mBuilding CXX object CMakeFiles/rl_lib.dir/src/filter_utilities.cpp.o[0m
[37.879s] [ 56%] Built target robot_localization__py
[37.928s] [ 57%] [32mBuilding CXX object CMakeFiles/rl_lib.dir/src/navsat_transform.cpp.o[0m
[40.232s] [ 58%] [32mBuilding CXX object CMakeFiles/rl_lib.dir/src/robot_localization_estimator.cpp.o[0m
[54.236s] [ 59%] [32mBuilding CXX object CMakeFiles/rl_lib.dir/src/ros_filter.cpp.o[0m
[56.082s] [ 60%] [32mBuilding CXX object CMakeFiles/rl_lib.dir/src/ros_filter_utilities.cpp.o[0m
[67.870s] [ 61%] [32mBuilding CXX object CMakeFiles/rl_lib.dir/src/ros_robot_localization_listener.cpp.o[0m
[68.952s] [ 62%] [32m[1mLinking CXX static library libgtest.a[0m
[69.263s] [ 62%] Built target gtest
[69.301s] [35m[1mScanning dependencies of target robot_localization__python[0m
[69.501s] [ 63%] [32mBuilding C object CMakeFiles/robot_localization__python.dir/rosidl_generator_py/robot_localization/srv/_from_ll_s.c.o[0m
[70.052s] [ 64%] [32mBuilding C object CMakeFiles/robot_localization__python.dir/rosidl_generator_py/robot_localization/srv/_get_state_s.c.o[0m
[70.792s] [ 65%] [32mBuilding C object CMakeFiles/robot_localization__python.dir/rosidl_generator_py/robot_localization/srv/_set_datum_s.c.o[0m
[71.521s] [ 66%] [32mBuilding C object CMakeFiles/robot_localization__python.dir/rosidl_generator_py/robot_localization/srv/_set_pose_s.c.o[0m
[72.257s] [ 67%] [32mBuilding C object CMakeFiles/robot_localization__python.dir/rosidl_generator_py/robot_localization/srv/_toggle_filter_processing_s.c.o[0m
[72.615s] [ 68%] [32mBuilding C object CMakeFiles/robot_localization__python.dir/rosidl_generator_py/robot_localization/srv/_to_ll_s.c.o[0m
[73.135s] [ 69%] [32m[1mLinking C shared library rosidl_generator_py/robot_localization/librobot_localization__python.so[0m
[73.334s] [ 69%] Built target robot_localization__python
[73.374s] [35m[1mScanning dependencies of target robot_localization__rosidl_typesupport_fastrtps_c__pyext[0m
[73.374s] [35m[1mScanning dependencies of target robot_localization__rosidl_typesupport_introspection_c__pyext[0m
[73.479s] [ 70%] [32mBuilding C object CMakeFiles/robot_localization__rosidl_typesupport_introspection_c__pyext.dir/rosidl_generator_py/robot_localization/_robot_localization_s.ep.rosidl_typesupport_introspection_c.c.o[0m
[73.489s] [ 71%] [32mBuilding C object CMakeFiles/robot_localization__rosidl_typesupport_fastrtps_c__pyext.dir/rosidl_generator_py/robot_localization/_robot_localization_s.ep.rosidl_typesupport_fastrtps_c.c.o[0m
[74.676s] [ 72%] [32m[1mLinking C shared library rosidl_generator_py/robot_localization/robot_localization_s__rosidl_typesupport_introspection_c.cpython-38-x86_64-linux-gnu.so[0m
[74.717s] [ 73%] [32m[1mLinking CXX shared library rosidl_generator_py/robot_localization/robot_localization_s__rosidl_typesupport_fastrtps_c.cpython-38-x86_64-linux-gnu.so[0m
[74.843s] [ 73%] Built target robot_localization__rosidl_typesupport_introspection_c__pyext
[74.881s] [35m[1mScanning dependencies of target robot_localization__rosidl_typesupport_c__pyext[0m
[74.963s] [ 74%] [32mBuilding C object CMakeFiles/robot_localization__rosidl_typesupport_c__pyext.dir/rosidl_generator_py/robot_localization/_robot_localization_s.ep.rosidl_typesupport_c.c.o[0m
[75.054s] [ 74%] Built target robot_localization__rosidl_typesupport_fastrtps_c__pyext
[76.078s] [ 75%] [32m[1mLinking C shared library rosidl_generator_py/robot_localization/robot_localization_s__rosidl_typesupport_c.cpython-38-x86_64-linux-gnu.so[0m
[76.232s] [ 75%] Built target robot_localization__rosidl_typesupport_c__pyext
[264.246s] [ 76%] [32m[1mLinking CXX shared library librl_lib.so[0m
[266.856s] [ 76%] Built target rl_lib
[266.879s] [35m[1mScanning dependencies of target ekf_node[0m
[266.879s] [35m[1mScanning dependencies of target test_robot_localization_estimator[0m
[266.880s] [35m[1mScanning dependencies of target ukf_node[0m
[266.880s] [35m[1mScanning dependencies of target test_ekf[0m
[266.880s] [35m[1mScanning dependencies of target test_ros_robot_localization_listener[0m
[266.885s] [35m[1mScanning dependencies of target test_ros_robot_localization_listener_publisher[0m
[267.009s] [ 77%] [32mBuilding CXX object CMakeFiles/test_ros_robot_localization_listener_publisher.dir/test/test_ros_robot_localization_listener_publisher.cpp.o[0m
[267.025s] [ 78%] [32mBuilding CXX object CMakeFiles/test_robot_localization_estimator.dir/test/test_robot_localization_estimator.cpp.o[0m
[267.044s] [ 79%] [32mBuilding CXX object CMakeFiles/ukf_node.dir/src/ukf_node.cpp.o[0m
[267.044s] [ 79%] [32mBuilding CXX object CMakeFiles/ekf_node.dir/src/ekf_node.cpp.o[0m
[267.055s] [ 80%] [32mBuilding CXX object CMakeFiles/test_ros_robot_localization_listener.dir/test/test_ros_robot_localization_listener.cpp.o[0m
[267.102s] [ 81%] [32mBuilding CXX object CMakeFiles/test_ekf.dir/test/test_ekf.cpp.o[0m
[293.915s] [ 82%] [32m[1mLinking CXX executable ekf_node[0m
[295.190s] [ 82%] Built target ekf_node
[295.234s] [35m[1mScanning dependencies of target test_ukf[0m
[295.641s] [ 83%] [32mBuilding CXX object CMakeFiles/test_ukf.dir/test/test_ukf.cpp.o[0m
[297.999s] [ 84%] [32m[1mLinking CXX executable ukf_node[0m
[298.812s] [ 84%] [32m[1mLinking CXX executable test_robot_localization_estimator[0m
[299.397s] [ 84%] Built target ukf_node
[299.444s] [35m[1mScanning dependencies of target test_filter_base_diagnostics_timestamps[0m
[299.790s] [ 85%] [32mBuilding CXX object CMakeFiles/test_filter_base_diagnostics_timestamps.dir/test/test_filter_base_diagnostics_timestamps.cpp.o[0m
[300.725s] [ 85%] Built target test_robot_localization_estimator
[300.788s] [35m[1mScanning dependencies of target filter_base-test[0m
[301.046s] [ 86%] [32mBuilding CXX object CMakeFiles/filter_base-test.dir/test/test_filter_base.cpp.o[0m
[301.423s] [ 87%] [32m[1mLinking CXX executable test_ros_robot_localization_listener[0m
[303.431s] [ 87%] Built target test_ros_robot_localization_listener
[303.507s] [35m[1mScanning dependencies of target navsat_transform_node[0m
[303.955s] [ 88%] [32mBuilding CXX object CMakeFiles/navsat_transform_node.dir/src/navsat_transform_node.cpp.o[0m
[305.741s] [ 89%] [32m[1mLinking CXX executable test_ekf[0m
[307.704s] [ 89%] Built target test_ekf
[307.763s] [35m[1mScanning dependencies of target robot_localization_listener_node[0m
[308.074s] [ 90%] [32mBuilding CXX object CMakeFiles/robot_localization_listener_node.dir/src/robot_localization_listener_node.cpp.o[0m
[320.865s] [ 91%] [32m[1mLinking CXX executable test_ros_robot_localization_listener_publisher[0m
[321.033s] [ 92%] [32m[1mLinking CXX executable filter_base-test[0m
[321.601s] [ 92%] Built target test_ros_robot_localization_listener_publisher
[321.638s] [35m[1mScanning dependencies of target test_ukf_localization_node_interfaces[0m
[321.806s] [ 93%] [32mBuilding CXX object CMakeFiles/test_ukf_localization_node_interfaces.dir/test/test_ukf_localization_node_interfaces.cpp.o[0m
[322.024s] [ 93%] Built target filter_base-test
[322.054s] [35m[1mScanning dependencies of target test_ekf_localization_node_interfaces[0m
[322.245s] [ 94%] [32mBuilding CXX object CMakeFiles/test_ekf_localization_node_interfaces.dir/test/test_ekf_localization_node_interfaces.cpp.o[0m
[324.363s] [ 95%] [32m[1mLinking CXX executable navsat_transform_node[0m
[325.013s] [ 95%] Built target navsat_transform_node
[329.233s] [ 96%] [32m[1mLinking CXX executable test_ukf[0m
[330.362s] [ 96%] Built target test_ukf
[330.775s] [ 97%] [32m[1mLinking CXX executable robot_localization_listener_node[0m
[331.363s] [ 97%] Built target robot_localization_listener_node
[359.641s] [ 98%] [32m[1mLinking CXX executable test_filter_base_diagnostics_timestamps[0m
[360.445s] [ 98%] Built target test_filter_base_diagnostics_timestamps
[370.949s] [ 99%] [32m[1mLinking CXX executable test_ekf_localization_node_interfaces[0m
[371.463s] [100%] [32m[1mLinking CXX executable test_ukf_localization_node_interfaces[0m
[371.609s] [100%] Built target test_ekf_localization_node_interfaces
[372.086s] [100%] Built target test_ukf_localization_node_interfaces
[372.105s] Invoked command in '/home/aldayk/AV-NMP-Motion-Estimation-Mapping/redback_ws/build/robot_localization' returned '0': CMAKE_PREFIX_PATH=/opt/ros/galactic /usr/bin/cmake --build /home/aldayk/AV-NMP-Motion-Estimation-Mapping/redback_ws/build/robot_localization -- -j6 -l6
[372.342s] Invoking command in '/home/aldayk/AV-NMP-Motion-Estimation-Mapping/redback_ws/build/robot_localization': CMAKE_PREFIX_PATH=/opt/ros/galactic /usr/bin/cmake --install /home/aldayk/AV-NMP-Motion-Estimation-Mapping/redback_ws/build/robot_localization
[372.354s] -- Install configuration: "RelWithDebInfo"
[372.354s] -- Installing: /home/aldayk/AV-NMP-Motion-Estimation-Mapping/redback_ws/install/robot_localization/share/ament_index/resource_index/rosidl_interfaces/robot_localization
[372.354s] -- Installing: /home/aldayk/AV-NMP-Motion-Estimation-Mapping/redback_ws/install/robot_localization/include/robot_localization
[372.355s] -- Installing: /home/aldayk/AV-NMP-Motion-Estimation-Mapping/redback_ws/install/robot_localization/include/robot_localization/msg
[372.355s] -- Installing: /home/aldayk/AV-NMP-Motion-Estimation-Mapping/redback_ws/install/robot_localization/include/robot_localization/msg/rosidl_generator_c__visibility_control.h
[372.355s] -- Installing: /home/aldayk/AV-NMP-Motion-Estimation-Mapping/redback_ws/install/robot_localization/include/robot_localization/srv
[372.355s] -- Installing: /home/aldayk/AV-NMP-Motion-Estimation-Mapping/redback_ws/install/robot_localization/include/robot_localization/srv/from_ll.h
[372.356s] -- Installing: /home/aldayk/AV-NMP-Motion-Estimation-Mapping/redback_ws/install/robot_localization/include/robot_localization/srv/set_datum.h
[372.356s] -- Installing: /home/aldayk/AV-NMP-Motion-Estimation-Mapping/redback_ws/install/robot_localization/include/robot_localization/srv/toggle_filter_processing.h
[372.356s] -- Installing: /home/aldayk/AV-NMP-Motion-Estimation-Mapping/redback_ws/install/robot_localization/include/robot_localization/srv/detail
[372.356s] -- Installing: /home/aldayk/AV-NMP-Motion-Estimation-Mapping/redback_ws/install/robot_localization/include/robot_localization/srv/detail/to_ll__struct.h
[372.357s] -- Installing: /home/aldayk/AV-NMP-Motion-Estimation-Mapping/redback_ws/install/robot_localization/include/robot_localization/srv/detail/get_state__functions.h
[372.357s] -- Installing: /home/aldayk/AV-NMP-Motion-Estimation-Mapping/redback_ws/install/robot_localization/include/robot_localization/srv/detail/from_ll__struct.h
[372.357s] -- Installing: /home/aldayk/AV-NMP-Motion-Estimation-Mapping/redback_ws/install/robot_localization/include/robot_localization/srv/detail/from_ll__type_support.h
[372.357s] -- Installing: /home/aldayk/AV-NMP-Motion-Estimation-Mapping/redback_ws/install/robot_localization/include/robot_localization/srv/detail/to_ll__functions.c
[372.357s] -- Installing: /home/aldayk/AV-NMP-Motion-Estimation-Mapping/redback_ws/install/robot_localization/include/robot_localization/srv/detail/set_datum__struct.h
[372.358s] -- Installing: /home/aldayk/AV-NMP-Motion-Estimation-Mapping/redback_ws/install/robot_localization/include/robot_localization/srv/detail/toggle_filter_processing__struct.h
[372.358s] -- Installing: /home/aldayk/AV-NMP-Motion-Estimation-Mapping/redback_ws/install/robot_localization/include/robot_localization/srv/detail/set_datum__type_support.h
[372.358s] -- Installing: /home/aldayk/AV-NMP-Motion-Estimation-Mapping/redback_ws/install/robot_localization/include/robot_localization/srv/detail/toggle_filter_processing__functions.c
[372.359s] -- Installing: /home/aldayk/AV-NMP-Motion-Estimation-Mapping/redback_ws/install/robot_localization/include/robot_localization/srv/detail/set_pose__type_support.h
[372.359s] -- Installing: /home/aldayk/AV-NMP-Motion-Estimation-Mapping/redback_ws/install/robot_localization/include/robot_localization/srv/detail/toggle_filter_processing__functions.h
[372.359s] -- Installing: /home/aldayk/AV-NMP-Motion-Estimation-Mapping/redback_ws/install/robot_localization/include/robot_localization/srv/detail/from_ll__functions.c
[372.359s] -- Installing: /home/aldayk/AV-NMP-Motion-Estimation-Mapping/redback_ws/install/robot_localization/include/robot_localization/srv/detail/set_datum__functions.h
[372.359s] -- Installing: /home/aldayk/AV-NMP-Motion-Estimation-Mapping/redback_ws/install/robot_localization/include/robot_localization/srv/detail/to_ll__type_support.h
[372.360s] -- Installing: /home/aldayk/AV-NMP-Motion-Estimation-Mapping/redback_ws/install/robot_localization/include/robot_localization/srv/detail/set_pose__functions.h
[372.360s] -- Installing: /home/aldayk/AV-NMP-Motion-Estimation-Mapping/redback_ws/install/robot_localization/include/robot_localization/srv/detail/get_state__type_support.h
[372.360s] -- Installing: /home/aldayk/AV-NMP-Motion-Estimation-Mapping/redback_ws/install/robot_localization/include/robot_localization/srv/detail/set_datum__functions.c
[372.361s] -- Installing: /home/aldayk/AV-NMP-Motion-Estimation-Mapping/redback_ws/install/robot_localization/include/robot_localization/srv/detail/get_state__struct.h
[372.361s] -- Installing: /home/aldayk/AV-NMP-Motion-Estimation-Mapping/redback_ws/install/robot_localization/include/robot_localization/srv/detail/set_pose__functions.c
[372.361s] -- Installing: /home/aldayk/AV-NMP-Motion-Estimation-Mapping/redback_ws/install/robot_localization/include/robot_localization/srv/detail/toggle_filter_processing__type_support.h
[372.362s] -- Installing: /home/aldayk/AV-NMP-Motion-Estimation-Mapping/redback_ws/install/robot_localization/include/robot_localization/srv/detail/to_ll__functions.h
[372.362s] -- Installing: /home/aldayk/AV-NMP-Motion-Estimation-Mapping/redback_ws/install/robot_localization/include/robot_localization/srv/detail/get_state__functions.c
[372.362s] -- Installing: /home/aldayk/AV-NMP-Motion-Estimation-Mapping/redback_ws/install/robot_localization/include/robot_localization/srv/detail/from_ll__functions.h
[372.362s] -- Installing: /home/aldayk/AV-NMP-Motion-Estimation-Mapping/redback_ws/install/robot_localization/include/robot_localization/srv/detail/set_pose__struct.h
[372.362s] -- Installing: /home/aldayk/AV-NMP-Motion-Estimation-Mapping/redback_ws/install/robot_localization/include/robot_localization/srv/to_ll.h
[372.363s] -- Installing: /home/aldayk/AV-NMP-Motion-Estimation-Mapping/redback_ws/install/robot_localization/include/robot_localization/srv/set_pose.h
[372.363s] -- Installing: /home/aldayk/AV-NMP-Motion-Estimation-Mapping/redback_ws/install/robot_localization/include/robot_localization/srv/get_state.h
[372.363s] -- Installing: /home/aldayk/AV-NMP-Motion-Estimation-Mapping/redback_ws/install/robot_localization/share/robot_localization/environment/library_path.sh
[372.364s] -- Installing: /home/aldayk/AV-NMP-Motion-Estimation-Mapping/redback_ws/install/robot_localization/share/robot_localization/environment/library_path.dsv
[372.364s] -- Installing: /home/aldayk/AV-NMP-Motion-Estimation-Mapping/redback_ws/install/robot_localization/lib/librobot_localization__rosidl_generator_c.so
[372.365s] -- Set runtime path of "/home/aldayk/AV-NMP-Motion-Estimation-Mapping/redback_ws/install/robot_localization/lib/librobot_localization__rosidl_generator_c.so" to ""
[372.365s] -- Up-to-date: /home/aldayk/AV-NMP-Motion-Estimation-Mapping/redback_ws/install/robot_localization/include/robot_localization
[372.365s] -- Up-to-date: /home/aldayk/AV-NMP-Motion-Estimation-Mapping/redback_ws/install/robot_localization/include/robot_localization/msg
[372.365s] -- Installing: /home/aldayk/AV-NMP-Motion-Estimation-Mapping/redback_ws/install/robot_localization/include/robot_localization/msg/rosidl_typesupport_fastrtps_c__visibility_control.h
[372.366s] -- Up-to-date: /home/aldayk/AV-NMP-Motion-Estimation-Mapping/redback_ws/install/robot_localization/include/robot_localization/srv
[372.366s] -- Up-to-date: /home/aldayk/AV-NMP-Motion-Estimation-Mapping/redback_ws/install/robot_localization/include/robot_localization/srv/detail
[372.366s] -- Installing: /home/aldayk/AV-NMP-Motion-Estimation-Mapping/redback_ws/install/robot_localization/include/robot_localization/srv/detail/to_ll__rosidl_typesupport_fastrtps_c.h
[372.366s] -- Installing: /home/aldayk/AV-NMP-Motion-Estimation-Mapping/redback_ws/install/robot_localization/include/robot_localization/srv/detail/toggle_filter_processing__rosidl_typesupport_fastrtps_c.h
[372.366s] -- Installing: /home/aldayk/AV-NMP-Motion-Estimation-Mapping/redback_ws/install/robot_localization/include/robot_localization/srv/detail/from_ll__rosidl_typesupport_fastrtps_c.h
[372.367s] -- Installing: /home/aldayk/AV-NMP-Motion-Estimation-Mapping/redback_ws/install/robot_localization/include/robot_localization/srv/detail/set_datum__rosidl_typesupport_fastrtps_c.h
[372.367s] -- Installing: /home/aldayk/AV-NMP-Motion-Estimation-Mapping/redback_ws/install/robot_localization/include/robot_localization/srv/detail/get_state__rosidl_typesupport_fastrtps_c.h
[372.367s] -- Installing: /home/aldayk/AV-NMP-Motion-Estimation-Mapping/redback_ws/install/robot_localization/include/robot_localization/srv/detail/set_pose__rosidl_typesupport_fastrtps_c.h
[372.367s] -- Installing: /home/aldayk/AV-NMP-Motion-Estimation-Mapping/redback_ws/install/robot_localization/lib/librobot_localization__rosidl_typesupport_fastrtps_c.so
[372.369s] -- Set runtime path of "/home/aldayk/AV-NMP-Motion-Estimation-Mapping/redback_ws/install/robot_localization/lib/librobot_localization__rosidl_typesupport_fastrtps_c.so" to ""
[372.369s] -- Up-to-date: /home/aldayk/AV-NMP-Motion-Estimation-Mapping/redback_ws/install/robot_localization/include/robot_localization
[372.369s] -- Up-to-date: /home/aldayk/AV-NMP-Motion-Estimation-Mapping/redback_ws/install/robot_localization/include/robot_localization/msg
[372.369s] -- Installing: /home/aldayk/AV-NMP-Motion-Estimation-Mapping/redback_ws/install/robot_localization/include/robot_localization/msg/rosidl_typesupport_fastrtps_cpp__visibility_control.h
[372.369s] -- Up-to-date: /home/aldayk/AV-NMP-Motion-Estimation-Mapping/redback_ws/install/robot_localization/include/robot_localization/srv
[372.370s] -- Up-to-date: /home/aldayk/AV-NMP-Motion-Estimation-Mapping/redback_ws/install/robot_localization/include/robot_localization/srv/detail
[372.370s] -- Installing: /home/aldayk/AV-NMP-Motion-Estimation-Mapping/redback_ws/install/robot_localization/include/robot_localization/srv/detail/get_state__rosidl_typesupport_fastrtps_cpp.hpp
[372.370s] -- Installing: /home/aldayk/AV-NMP-Motion-Estimation-Mapping/redback_ws/install/robot_localization/include/robot_localization/srv/detail/to_ll__rosidl_typesupport_fastrtps_cpp.hpp
[372.370s] -- Installing: /home/aldayk/AV-NMP-Motion-Estimation-Mapping/redback_ws/install/robot_localization/include/robot_localization/srv/detail/toggle_filter_processing__rosidl_typesupport_fastrtps_cpp.hpp
[372.371s] -- Installing: /home/aldayk/AV-NMP-Motion-Estimation-Mapping/redback_ws/install/robot_localization/include/robot_localization/srv/detail/set_datum__rosidl_typesupport_fastrtps_cpp.hpp
[372.371s] -- Installing: /home/aldayk/AV-NMP-Motion-Estimation-Mapping/redback_ws/install/robot_localization/include/robot_localization/srv/detail/dds_fastrtps
[372.371s] -- Installing: /home/aldayk/AV-NMP-Motion-Estimation-Mapping/redback_ws/install/robot_localization/include/robot_localization/srv/detail/from_ll__rosidl_typesupport_fastrtps_cpp.hpp
[372.371s] -- Installing: /home/aldayk/AV-NMP-Motion-Estimation-Mapping/redback_ws/install/robot_localization/include/robot_localization/srv/detail/set_pose__rosidl_typesupport_fastrtps_cpp.hpp
[372.372s] -- Installing: /home/aldayk/AV-NMP-Motion-Estimation-Mapping/redback_ws/install/robot_localization/lib/librobot_localization__rosidl_typesupport_fastrtps_cpp.so
[372.373s] -- Set runtime path of "/home/aldayk/AV-NMP-Motion-Estimation-Mapping/redback_ws/install/robot_localization/lib/librobot_localization__rosidl_typesupport_fastrtps_cpp.so" to ""
[372.373s] -- Up-to-date: /home/aldayk/AV-NMP-Motion-Estimation-Mapping/redback_ws/install/robot_localization/include/robot_localization
[372.374s] -- Up-to-date: /home/aldayk/AV-NMP-Motion-Estimation-Mapping/redback_ws/install/robot_localization/include/robot_localization/msg
[372.374s] -- Installing: /home/aldayk/AV-NMP-Motion-Estimation-Mapping/redback_ws/install/robot_localization/include/robot_localization/msg/rosidl_typesupport_introspection_c__visibility_control.h
[372.374s] -- Up-to-date: /home/aldayk/AV-NMP-Motion-Estimation-Mapping/redback_ws/install/robot_localization/include/robot_localization/srv
[372.374s] -- Up-to-date: /home/aldayk/AV-NMP-Motion-Estimation-Mapping/redback_ws/install/robot_localization/include/robot_localization/srv/detail
[372.374s] -- Installing: /home/aldayk/AV-NMP-Motion-Estimation-Mapping/redback_ws/install/robot_localization/include/robot_localization/srv/detail/from_ll__type_support.c
[372.375s] -- Installing: /home/aldayk/AV-NMP-Motion-Estimation-Mapping/redback_ws/install/robot_localization/include/robot_localization/srv/detail/set_pose__rosidl_typesupport_introspection_c.h
[372.375s] -- Installing: /home/aldayk/AV-NMP-Motion-Estimation-Mapping/redback_ws/install/robot_localization/include/robot_localization/srv/detail/get_state__rosidl_typesupport_introspection_c.h
[372.375s] -- Installing: /home/aldayk/AV-NMP-Motion-Estimation-Mapping/redback_ws/install/robot_localization/include/robot_localization/srv/detail/toggle_filter_processing__rosidl_typesupport_introspection_c.h
[372.376s] -- Installing: /home/aldayk/AV-NMP-Motion-Estimation-Mapping/redback_ws/install/robot_localization/include/robot_localization/srv/detail/set_datum__type_support.c
[372.377s] -- Installing: /home/aldayk/AV-NMP-Motion-Estimation-Mapping/redback_ws/install/robot_localization/include/robot_localization/srv/detail/to_ll__type_support.c
[372.377s] -- Installing: /home/aldayk/AV-NMP-Motion-Estimation-Mapping/redback_ws/install/robot_localization/include/robot_localization/srv/detail/from_ll__rosidl_typesupport_introspection_c.h
[372.377s] -- Installing: /home/aldayk/AV-NMP-Motion-Estimation-Mapping/redback_ws/install/robot_localization/include/robot_localization/srv/detail/set_datum__rosidl_typesupport_introspection_c.h
[372.377s] -- Installing: /home/aldayk/AV-NMP-Motion-Estimation-Mapping/redback_ws/install/robot_localization/include/robot_localization/srv/detail/to_ll__rosidl_typesupport_introspection_c.h
[372.377s] -- Installing: /home/aldayk/AV-NMP-Motion-Estimation-Mapping/redback_ws/install/robot_localization/include/robot_localization/srv/detail/toggle_filter_processing__type_support.c
[372.377s] -- Installing: /home/aldayk/AV-NMP-Motion-Estimation-Mapping/redback_ws/install/robot_localization/include/robot_localization/srv/detail/get_state__type_support.c
[372.378s] -- Installing: /home/aldayk/AV-NMP-Motion-Estimation-Mapping/redback_ws/install/robot_localization/include/robot_localization/srv/detail/set_pose__type_support.c
[372.378s] -- Installing: /home/aldayk/AV-NMP-Motion-Estimation-Mapping/redback_ws/install/robot_localization/lib/librobot_localization__rosidl_typesupport_introspection_c.so
[372.379s] -- Set runtime path of "/home/aldayk/AV-NMP-Motion-Estimation-Mapping/redback_ws/install/robot_localization/lib/librobot_localization__rosidl_typesupport_introspection_c.so" to ""
[372.379s] -- Installing: /home/aldayk/AV-NMP-Motion-Estimation-Mapping/redback_ws/install/robot_localization/lib/librobot_localization__rosidl_typesupport_c.so
[372.379s] -- Set runtime path of "/home/aldayk/AV-NMP-Motion-Estimation-Mapping/redback_ws/install/robot_localization/lib/librobot_localization__rosidl_typesupport_c.so" to ""
[372.380s] -- Up-to-date: /home/aldayk/AV-NMP-Motion-Estimation-Mapping/redback_ws/install/robot_localization/include/robot_localization
[372.380s] -- Up-to-date: /home/aldayk/AV-NMP-Motion-Estimation-Mapping/redback_ws/install/robot_localization/include/robot_localization/srv
[372.380s] -- Installing: /home/aldayk/AV-NMP-Motion-Estimation-Mapping/redback_ws/install/robot_localization/include/robot_localization/srv/to_ll.hpp
[372.380s] -- Installing: /home/aldayk/AV-NMP-Motion-Estimation-Mapping/redback_ws/install/robot_localization/include/robot_localization/srv/get_state.hpp
[372.381s] -- Installing: /home/aldayk/AV-NMP-Motion-Estimation-Mapping/redback_ws/install/robot_localization/include/robot_localization/srv/toggle_filter_processing.hpp
[372.381s] -- Installing: /home/aldayk/AV-NMP-Motion-Estimation-Mapping/redback_ws/install/robot_localization/include/robot_localization/srv/set_datum.hpp
[372.381s] -- Up-to-date: /home/aldayk/AV-NMP-Motion-Estimation-Mapping/redback_ws/install/robot_localization/include/robot_localization/srv/detail
[372.381s] -- Installing: /home/aldayk/AV-NMP-Motion-Estimation-Mapping/redback_ws/install/robot_localization/include/robot_localization/srv/detail/to_ll__struct.hpp
[372.382s] -- Installing: /home/aldayk/AV-NMP-Motion-Estimation-Mapping/redback_ws/install/robot_localization/include/robot_localization/srv/detail/from_ll__struct.hpp
[372.382s] -- Installing: /home/aldayk/AV-NMP-Motion-Estimation-Mapping/redback_ws/install/robot_localization/include/robot_localization/srv/detail/toggle_filter_processing__traits.hpp
[372.382s] -- Installing: /home/aldayk/AV-NMP-Motion-Estimation-Mapping/redback_ws/install/robot_localization/include/robot_localization/srv/detail/from_ll__traits.hpp
[372.383s] -- Installing: /home/aldayk/AV-NMP-Motion-Estimation-Mapping/redback_ws/install/robot_localization/include/robot_localization/srv/detail/set_pose__builder.hpp
[372.383s] -- Installing: /home/aldayk/AV-NMP-Motion-Estimation-Mapping/redback_ws/install/robot_localization/include/robot_localization/srv/detail/set_datum__struct.hpp
[372.383s] -- Installing: /home/aldayk/AV-NMP-Motion-Estimation-Mapping/redback_ws/install/robot_localization/include/robot_localization/srv/detail/set_datum__builder.hpp
[372.384s] -- Installing: /home/aldayk/AV-NMP-Motion-Estimation-Mapping/redback_ws/install/robot_localization/include/robot_localization/srv/detail/set_pose__struct.hpp
[372.384s] -- Installing: /home/aldayk/AV-NMP-Motion-Estimation-Mapping/redback_ws/install/robot_localization/include/robot_localization/srv/detail/toggle_filter_processing__struct.hpp
[372.384s] -- Installing: /home/aldayk/AV-NMP-Motion-Estimation-Mapping/redback_ws/install/robot_localization/include/robot_localization/srv/detail/to_ll__builder.hpp
[372.384s] -- Installing: /home/aldayk/AV-NMP-Motion-Estimation-Mapping/redback_ws/install/robot_localization/include/robot_localization/srv/detail/get_state__builder.hpp
[372.385s] -- Installing: /home/aldayk/AV-NMP-Motion-Estimation-Mapping/redback_ws/install/robot_localization/include/robot_localization/srv/detail/set_datum__traits.hpp
[372.385s] -- Installing: /home/aldayk/AV-NMP-Motion-Estimation-Mapping/redback_ws/install/robot_localization/include/robot_localization/srv/detail/set_pose__traits.hpp
[372.385s] -- Installing: /home/aldayk/AV-NMP-Motion-Estimation-Mapping/redback_ws/install/robot_localization/include/robot_localization/srv/detail/toggle_filter_processing__builder.hpp
[372.385s] -- Installing: /home/aldayk/AV-NMP-Motion-Estimation-Mapping/redback_ws/install/robot_localization/include/robot_localization/srv/detail/to_ll__traits.hpp
[372.386s] -- Installing: /home/aldayk/AV-NMP-Motion-Estimation-Mapping/redback_ws/install/robot_localization/include/robot_localization/srv/detail/get_state__struct.hpp
[372.386s] -- Installing: /home/aldayk/AV-NMP-Motion-Estimation-Mapping/redback_ws/install/robot_localization/include/robot_localization/srv/detail/from_ll__builder.hpp
[372.386s] -- Installing: /home/aldayk/AV-NMP-Motion-Estimation-Mapping/redback_ws/install/robot_localization/include/robot_localization/srv/detail/get_state__traits.hpp
[372.386s] -- Installing: /home/aldayk/AV-NMP-Motion-Estimation-Mapping/redback_ws/install/robot_localization/include/robot_localization/srv/from_ll.hpp
[372.386s] -- Installing: /home/aldayk/AV-NMP-Motion-Estimation-Mapping/redback_ws/install/robot_localization/include/robot_localization/srv/set_pose.hpp
[372.387s] -- Up-to-date: /home/aldayk/AV-NMP-Motion-Estimation-Mapping/redback_ws/install/robot_localization/include/robot_localization
[372.388s] -- Up-to-date: /home/aldayk/AV-NMP-Motion-Estimation-Mapping/redback_ws/install/robot_localization/include/robot_localization/srv
[372.388s] -- Up-to-date: /home/aldayk/AV-NMP-Motion-Estimation-Mapping/redback_ws/install/robot_localization/include/robot_localization/srv/detail
[372.388s] -- Installing: /home/aldayk/AV-NMP-Motion-Estimation-Mapping/redback_ws/install/robot_localization/include/robot_localization/srv/detail/set_pose__rosidl_typesupport_introspection_cpp.hpp
[372.388s] -- Installing: /home/aldayk/AV-NMP-Motion-Estimation-Mapping/redback_ws/install/robot_localization/include/robot_localization/srv/detail/set_datum__rosidl_typesupport_introspection_cpp.hpp
[372.388s] -- Installing: /home/aldayk/AV-NMP-Motion-Estimation-Mapping/redback_ws/install/robot_localization/include/robot_localization/srv/detail/from_ll__rosidl_typesupport_introspection_cpp.hpp
[372.388s] -- Installing: /home/aldayk/AV-NMP-Motion-Estimation-Mapping/redback_ws/install/robot_localization/include/robot_localization/srv/detail/set_pose__type_support.cpp
[372.388s] -- Installing: /home/aldayk/AV-NMP-Motion-Estimation-Mapping/redback_ws/install/robot_localization/include/robot_localization/srv/detail/get_state__rosidl_typesupport_introspection_cpp.hpp
[372.388s] -- Installing: /home/aldayk/AV-NMP-Motion-Estimation-Mapping/redback_ws/install/robot_localization/include/robot_localization/srv/detail/set_datum__type_support.cpp
[372.389s] -- Installing: /home/aldayk/AV-NMP-Motion-Estimation-Mapping/redback_ws/install/robot_localization/include/robot_localization/srv/detail/to_ll__rosidl_typesupport_introspection_cpp.hpp
[372.389s] -- Installing: /home/aldayk/AV-NMP-Motion-Estimation-Mapping/redback_ws/install/robot_localization/include/robot_localization/srv/detail/toggle_filter_processing__rosidl_typesupport_introspection_cpp.hpp
[372.389s] -- Installing: /home/aldayk/AV-NMP-Motion-Estimation-Mapping/redback_ws/install/robot_localization/include/robot_localization/srv/detail/to_ll__type_support.cpp
[372.390s] -- Installing: /home/aldayk/AV-NMP-Motion-Estimation-Mapping/redback_ws/install/robot_localization/include/robot_localization/srv/detail/toggle_filter_processing__type_support.cpp
[372.390s] -- Installing: /home/aldayk/AV-NMP-Motion-Estimation-Mapping/redback_ws/install/robot_localization/include/robot_localization/srv/detail/get_state__type_support.cpp
[372.390s] -- Installing: /home/aldayk/AV-NMP-Motion-Estimation-Mapping/redback_ws/install/robot_localization/include/robot_localization/srv/detail/from_ll__type_support.cpp
[372.390s] -- Installing: /home/aldayk/AV-NMP-Motion-Estimation-Mapping/redback_ws/install/robot_localization/lib/librobot_localization__rosidl_typesupport_introspection_cpp.so
[372.391s] -- Set runtime path of "/home/aldayk/AV-NMP-Motion-Estimation-Mapping/redback_ws/install/robot_localization/lib/librobot_localization__rosidl_typesupport_introspection_cpp.so" to ""
[372.392s] -- Installing: /home/aldayk/AV-NMP-Motion-Estimation-Mapping/redback_ws/install/robot_localization/lib/librobot_localization__rosidl_typesupport_cpp.so
[372.393s] -- Set runtime path of "/home/aldayk/AV-NMP-Motion-Estimation-Mapping/redback_ws/install/robot_localization/lib/librobot_localization__rosidl_typesupport_cpp.so" to ""
[372.393s] -- Installing: /home/aldayk/AV-NMP-Motion-Estimation-Mapping/redback_ws/install/robot_localization/share/robot_localization/environment/pythonpath.sh
[372.394s] -- Installing: /home/aldayk/AV-NMP-Motion-Estimation-Mapping/redback_ws/install/robot_localization/share/robot_localization/environment/pythonpath.dsv
[372.394s] -- Installing: /home/aldayk/AV-NMP-Motion-Estimation-Mapping/redback_ws/install/robot_localization/lib/python3.8/site-packages/robot_localization/__init__.py
[372.435s] Compiling '/home/aldayk/AV-NMP-Motion-Estimation-Mapping/redback_ws/install/robot_localization/lib/python3.8/site-packages/robot_localization/__init__.py'...
[372.440s] -- Installing: /home/aldayk/AV-NMP-Motion-Estimation-Mapping/redback_ws/install/robot_localization/lib/python3.8/site-packages/robot_localization/srv
[372.440s] -- Installing: /home/aldayk/AV-NMP-Motion-Estimation-Mapping/redback_ws/install/robot_localization/lib/python3.8/site-packages/robot_localization/srv/_toggle_filter_processing.py
[372.440s] -- Installing: /home/aldayk/AV-NMP-Motion-Estimation-Mapping/redback_ws/install/robot_localization/lib/python3.8/site-packages/robot_localization/srv/_to_ll.py
[372.441s] -- Installing: /home/aldayk/AV-NMP-Motion-Estimation-Mapping/redback_ws/install/robot_localization/lib/python3.8/site-packages/robot_localization/srv/_set_pose.py
[372.441s] -- Installing: /home/aldayk/AV-NMP-Motion-Estimation-Mapping/redback_ws/install/robot_localization/lib/python3.8/site-packages/robot_localization/srv/_to_ll_s.c
[372.441s] -- Installing: /home/aldayk/AV-NMP-Motion-Estimation-Mapping/redback_ws/install/robot_localization/lib/python3.8/site-packages/robot_localization/srv/_from_ll_s.c
[372.441s] -- Installing: /home/aldayk/AV-NMP-Motion-Estimation-Mapping/redback_ws/install/robot_localization/lib/python3.8/site-packages/robot_localization/srv/_toggle_filter_processing_s.c
[372.442s] -- Installing: /home/aldayk/AV-NMP-Motion-Estimation-Mapping/redback_ws/install/robot_localization/lib/python3.8/site-packages/robot_localization/srv/_set_pose_s.c
[372.442s] -- Installing: /home/aldayk/AV-NMP-Motion-Estimation-Mapping/redback_ws/install/robot_localization/lib/python3.8/site-packages/robot_localization/srv/_get_state.py
[372.442s] -- Installing: /home/aldayk/AV-NMP-Motion-Estimation-Mapping/redback_ws/install/robot_localization/lib/python3.8/site-packages/robot_localization/srv/_set_datum.py
[372.442s] -- Installing: /home/aldayk/AV-NMP-Motion-Estimation-Mapping/redback_ws/install/robot_localization/lib/python3.8/site-packages/robot_localization/srv/_set_datum_s.c
[372.443s] -- Installing: /home/aldayk/AV-NMP-Motion-Estimation-Mapping/redback_ws/install/robot_localization/lib/python3.8/site-packages/robot_localization/srv/_from_ll.py
[372.443s] -- Installing: /home/aldayk/AV-NMP-Motion-Estimation-Mapping/redback_ws/install/robot_localization/lib/python3.8/site-packages/robot_localization/srv/__init__.py
[372.443s] -- Installing: /home/aldayk/AV-NMP-Motion-Estimation-Mapping/redback_ws/install/robot_localization/lib/python3.8/site-packages/robot_localization/srv/_get_state_s.c
[372.444s] -- Installing: /home/aldayk/AV-NMP-Motion-Estimation-Mapping/redback_ws/install/robot_localization/lib/python3.8/site-packages/robot_localization/robot_localization_s__rosidl_typesupport_fastrtps_c.cpython-38-x86_64-linux-gnu.so
[372.444s] -- Set runtime path of "/home/aldayk/AV-NMP-Motion-Estimation-Mapping/redback_ws/install/robot_localization/lib/python3.8/site-packages/robot_localization/robot_localization_s__rosidl_typesupport_fastrtps_c.cpython-38-x86_64-linux-gnu.so" to ""
[372.445s] -- Installing: /home/aldayk/AV-NMP-Motion-Estimation-Mapping/redback_ws/install/robot_localization/lib/python3.8/site-packages/robot_localization/robot_localization_s__rosidl_typesupport_introspection_c.cpython-38-x86_64-linux-gnu.so
[372.446s] -- Set runtime path of "/home/aldayk/AV-NMP-Motion-Estimation-Mapping/redback_ws/install/robot_localization/lib/python3.8/site-packages/robot_localization/robot_localization_s__rosidl_typesupport_introspection_c.cpython-38-x86_64-linux-gnu.so" to ""
[372.446s] -- Installing: /home/aldayk/AV-NMP-Motion-Estimation-Mapping/redback_ws/install/robot_localization/lib/python3.8/site-packages/robot_localization/robot_localization_s__rosidl_typesupport_c.cpython-38-x86_64-linux-gnu.so
[372.447s] -- Set runtime path of "/home/aldayk/AV-NMP-Motion-Estimation-Mapping/redback_ws/install/robot_localization/lib/python3.8/site-packages/robot_localization/robot_localization_s__rosidl_typesupport_c.cpython-38-x86_64-linux-gnu.so" to ""
[372.447s] -- Installing: /home/aldayk/AV-NMP-Motion-Estimation-Mapping/redback_ws/install/robot_localization/lib/librobot_localization__python.so
[372.448s] -- Set runtime path of "/home/aldayk/AV-NMP-Motion-Estimation-Mapping/redback_ws/install/robot_localization/lib/librobot_localization__python.so" to ""
[372.448s] -- Installing: /home/aldayk/AV-NMP-Motion-Estimation-Mapping/redback_ws/install/robot_localization/share/robot_localization/srv/FromLL.idl
[372.449s] -- Installing: /home/aldayk/AV-NMP-Motion-Estimation-Mapping/redback_ws/install/robot_localization/share/robot_localization/srv/GetState.idl
[372.449s] -- Installing: /home/aldayk/AV-NMP-Motion-Estimation-Mapping/redback_ws/install/robot_localization/share/robot_localization/srv/SetDatum.idl
[372.449s] -- Installing: /home/aldayk/AV-NMP-Motion-Estimation-Mapping/redback_ws/install/robot_localization/share/robot_localization/srv/SetPose.idl
[372.449s] -- Installing: /home/aldayk/AV-NMP-Motion-Estimation-Mapping/redback_ws/install/robot_localization/share/robot_localization/srv/ToggleFilterProcessing.idl
[372.450s] -- Installing: /home/aldayk/AV-NMP-Motion-Estimation-Mapping/redback_ws/install/robot_localization/share/robot_localization/srv/ToLL.idl
[372.450s] -- Installing: /home/aldayk/AV-NMP-Motion-Estimation-Mapping/redback_ws/install/robot_localization/share/robot_localization/srv/FromLL.srv
[372.450s] -- Installing: /home/aldayk/AV-NMP-Motion-Estimation-Mapping/redback_ws/install/robot_localization/share/robot_localization/srv/FromLL_Request.msg
[372.451s] -- Installing: /home/aldayk/AV-NMP-Motion-Estimation-Mapping/redback_ws/install/robot_localization/share/robot_localization/srv/FromLL_Response.msg
[372.451s] -- Installing: /home/aldayk/AV-NMP-Motion-Estimation-Mapping/redback_ws/install/robot_localization/share/robot_localization/srv/GetState.srv
[372.451s] -- Installing: /home/aldayk/AV-NMP-Motion-Estimation-Mapping/redback_ws/install/robot_localization/share/robot_localization/srv/GetState_Request.msg
[372.451s] -- Installing: /home/aldayk/AV-NMP-Motion-Estimation-Mapping/redback_ws/install/robot_localization/share/robot_localization/srv/GetState_Response.msg
[372.452s] -- Installing: /home/aldayk/AV-NMP-Motion-Estimation-Mapping/redback_ws/install/robot_localization/share/robot_localization/srv/SetDatum.srv
[372.452s] -- Installing: /home/aldayk/AV-NMP-Motion-Estimation-Mapping/redback_ws/install/robot_localization/share/robot_localization/srv/SetDatum_Request.msg
[372.452s] -- Installing: /home/aldayk/AV-NMP-Motion-Estimation-Mapping/redback_ws/install/robot_localization/share/robot_localization/srv/SetDatum_Response.msg
[372.452s] -- Installing: /home/aldayk/AV-NMP-Motion-Estimation-Mapping/redback_ws/install/robot_localization/share/robot_localization/srv/SetPose.srv
[372.453s] -- Installing: /home/aldayk/AV-NMP-Motion-Estimation-Mapping/redback_ws/install/robot_localization/share/robot_localization/srv/SetPose_Request.msg
[372.453s] -- Installing: /home/aldayk/AV-NMP-Motion-Estimation-Mapping/redback_ws/install/robot_localization/share/robot_localization/srv/SetPose_Response.msg
[372.453s] -- Installing: /home/aldayk/AV-NMP-Motion-Estimation-Mapping/redback_ws/install/robot_localization/share/robot_localization/srv/ToggleFilterProcessing.srv
[372.453s] -- Installing: /home/aldayk/AV-NMP-Motion-Estimation-Mapping/redback_ws/install/robot_localization/share/robot_localization/srv/ToggleFilterProcessing_Request.msg
[372.454s] -- Installing: /home/aldayk/AV-NMP-Motion-Estimation-Mapping/redback_ws/install/robot_localization/share/robot_localization/srv/ToggleFilterProcessing_Response.msg
[372.454s] -- Installing: /home/aldayk/AV-NMP-Motion-Estimation-Mapping/redback_ws/install/robot_localization/share/robot_localization/srv/ToLL.srv
[372.454s] -- Installing: /home/aldayk/AV-NMP-Motion-Estimation-Mapping/redback_ws/install/robot_localization/share/robot_localization/srv/ToLL_Request.msg
[372.454s] -- Installing: /home/aldayk/AV-NMP-Motion-Estimation-Mapping/redback_ws/install/robot_localization/share/robot_localization/srv/ToLL_Response.msg
[372.455s] -- Installing: /home/aldayk/AV-NMP-Motion-Estimation-Mapping/redback_ws/install/robot_localization/lib/robot_localization/filter_base-test
[372.467s] -- Set runtime path of "/home/aldayk/AV-NMP-Motion-Estimation-Mapping/redback_ws/install/robot_localization/lib/robot_localization/filter_base-test" to ""
[372.467s] -- Installing: /home/aldayk/AV-NMP-Motion-Estimation-Mapping/redback_ws/install/robot_localization/lib/robot_localization/test_filter_base_diagnostics_timestamps
[372.498s] -- Set runtime path of "/home/aldayk/AV-NMP-Motion-Estimation-Mapping/redback_ws/install/robot_localization/lib/robot_localization/test_filter_base_diagnostics_timestamps" to ""
[372.498s] -- Installing: /home/aldayk/AV-NMP-Motion-Estimation-Mapping/redback_ws/install/robot_localization/lib/robot_localization/test_ekf
[372.512s] -- Set runtime path of "/home/aldayk/AV-NMP-Motion-Estimation-Mapping/redback_ws/install/robot_localization/lib/robot_localization/test_ekf" to ""
[372.512s] -- Installing: /home/aldayk/AV-NMP-Motion-Estimation-Mapping/redback_ws/install/robot_localization/lib/robot_localization/test_ekf_localization_node_interfaces
[372.546s] -- Set runtime path of "/home/aldayk/AV-NMP-Motion-Estimation-Mapping/redback_ws/install/robot_localization/lib/robot_localization/test_ekf_localization_node_interfaces" to ""
[372.546s] -- Installing: /home/aldayk/AV-NMP-Motion-Estimation-Mapping/redback_ws/install/robot_localization/lib/robot_localization/test_ukf
[372.560s] -- Set runtime path of "/home/aldayk/AV-NMP-Motion-Estimation-Mapping/redback_ws/install/robot_localization/lib/robot_localization/test_ukf" to ""
[372.561s] -- Installing: /home/aldayk/AV-NMP-Motion-Estimation-Mapping/redback_ws/install/robot_localization/lib/robot_localization/test_ukf_localization_node_interfaces
[372.593s] -- Set runtime path of "/home/aldayk/AV-NMP-Motion-Estimation-Mapping/redback_ws/install/robot_localization/lib/robot_localization/test_ukf_localization_node_interfaces" to ""
[372.593s] -- Installing: /home/aldayk/AV-NMP-Motion-Estimation-Mapping/redback_ws/install/robot_localization/lib/robot_localization/test_robot_localization_estimator
[372.620s] -- Set runtime path of "/home/aldayk/AV-NMP-Motion-Estimation-Mapping/redback_ws/install/robot_localization/lib/robot_localization/test_robot_localization_estimator" to ""
[372.620s] -- Installing: /home/aldayk/AV-NMP-Motion-Estimation-Mapping/redback_ws/install/robot_localization/lib/robot_localization/test_ros_robot_localization_listener
[372.620s] -- Set runtime path of "/home/aldayk/AV-NMP-Motion-Estimation-Mapping/redback_ws/install/robot_localization/lib/robot_localization/test_ros_robot_localization_listener" to ""
[372.620s] -- Installing: /home/aldayk/AV-NMP-Motion-Estimation-Mapping/redback_ws/install/robot_localization/lib/robot_localization/test_ros_robot_localization_listener_publisher
[372.630s] -- Set runtime path of "/home/aldayk/AV-NMP-Motion-Estimation-Mapping/redback_ws/install/robot_localization/lib/robot_localization/test_ros_robot_localization_listener_publisher" to ""
[372.630s] -- Installing: /home/aldayk/AV-NMP-Motion-Estimation-Mapping/redback_ws/install/robot_localization/share/robot_localization/test
[372.630s] -- Installing: /home/aldayk/AV-NMP-Motion-Estimation-Mapping/redback_ws/install/robot_localization/share/robot_localization/test/test_robot_localization_estimator.launch.py
[372.632s] -- Installing: /home/aldayk/AV-NMP-Motion-Estimation-Mapping/redback_ws/install/robot_localization/share/robot_localization/test/test1.bag
[372.639s] -- Installing: /home/aldayk/AV-NMP-Motion-Estimation-Mapping/redback_ws/install/robot_localization/share/robot_localization/test/test_ukf_localization_node_bag1.sh
[372.639s] -- Installing: /home/aldayk/AV-NMP-Motion-Estimation-Mapping/redback_ws/install/robot_localization/share/robot_localization/test/test_ekf_localization_node_bag3.sh
[372.639s] -- Installing: /home/aldayk/AV-NMP-Motion-Estimation-Mapping/redback_ws/install/robot_localization/share/robot_localization/test/test_ekf_localization_node_bag3.yaml
[372.639s] -- Installing: /home/aldayk/AV-NMP-Motion-Estimation-Mapping/redback_ws/install/robot_localization/share/robot_localization/test/test_filter_base_diagnostics_timestamps.launch.py
[372.639s] -- Installing: /home/aldayk/AV-NMP-Motion-Estimation-Mapping/redback_ws/install/robot_localization/share/robot_localization/test/test_ekf_localization_node_interfaces.cpp
[372.640s] -- Installing: /home/aldayk/AV-NMP-Motion-Estimation-Mapping/redback_ws/install/robot_localization/share/robot_localization/test/test_ukf_localization_node_bag3.yaml
[372.640s] -- Installing: /home/aldayk/AV-NMP-Motion-Estimation-Mapping/redback_ws/install/robot_localization/share/robot_localization/test/test3.bag
[372.695s] -- Installing: /home/aldayk/AV-NMP-Motion-Estimation-Mapping/redback_ws/install/robot_localization/share/robot_localization/test/test_ukf_localization_node_interfaces.launch.py
[372.695s] -- Installing: /home/aldayk/AV-NMP-Motion-Estimation-Mapping/redback_ws/install/robot_localization/share/robot_localization/test/test_ekf_localization_node_bag1.sh
[372.695s] -- Installing: /home/aldayk/AV-NMP-Motion-Estimation-Mapping/redback_ws/install/robot_localization/share/robot_localization/test/test_ekf.cpp
[372.696s] -- Installing: /home/aldayk/AV-NMP-Motion-Estimation-Mapping/redback_ws/install/robot_localization/share/robot_localization/test/test_filter_base.cpp
[372.696s] -- Installing: /home/aldayk/AV-NMP-Motion-Estimation-Mapping/redback_ws/install/robot_localization/share/robot_localization/test/test_robot_localization_estimator.cpp
[372.696s] -- Installing: /home/aldayk/AV-NMP-Motion-Estimation-Mapping/redback_ws/install/robot_localization/share/robot_localization/test/test_ekf_localization_node_bag2.launch.py
[372.696s] -- Installing: /home/aldayk/AV-NMP-Motion-Estimation-Mapping/redback_ws/install/robot_localization/share/robot_localization/test/test_ekf_localization_node_bag2.sh
[372.697s] -- Installing: /home/aldayk/AV-NMP-Motion-Estimation-Mapping/redback_ws/install/robot_localization/share/robot_localization/test/test_ukf_localization_node_bag3.sh
[372.697s] -- Installing: /home/aldayk/AV-NMP-Motion-Estimation-Mapping/redback_ws/install/robot_localization/share/robot_localization/test/test_filter_base_diagnostics_timestamps.cpp
[372.697s] -- Installing: /home/aldayk/AV-NMP-Motion-Estimation-Mapping/redback_ws/install/robot_localization/share/robot_localization/test/test_ekf_localization_node_bag1.yaml
[372.697s] -- Installing: /home/aldayk/AV-NMP-Motion-Estimation-Mapping/redback_ws/install/robot_localization/share/robot_localization/test/test_ekf_localization_node_bag3.launch.py
[372.697s] -- Installing: /home/aldayk/AV-NMP-Motion-Estimation-Mapping/redback_ws/install/robot_localization/share/robot_localization/test/test_ekf_localization_node_bag1.launch.py
[372.697s] -- Installing: /home/aldayk/AV-NMP-Motion-Estimation-Mapping/redback_ws/install/robot_localization/share/robot_localization/test/test_ekf_localization_node_bag2.yaml
[372.697s] -- Installing: /home/aldayk/AV-NMP-Motion-Estimation-Mapping/redback_ws/install/robot_localization/share/robot_localization/test/test_ros_robot_localization_listener_publisher.cpp
[372.697s] -- Installing: /home/aldayk/AV-NMP-Motion-Estimation-Mapping/redback_ws/install/robot_localization/share/robot_localization/test/test_localization_node_bag_pose_tester.cpp
[372.697s] -- Installing: /home/aldayk/AV-NMP-Motion-Estimation-Mapping/redback_ws/install/robot_localization/share/robot_localization/test/test_filter_base_diagnostics_timestamps.yaml
[372.697s] -- Installing: /home/aldayk/AV-NMP-Motion-Estimation-Mapping/redback_ws/install/robot_localization/share/robot_localization/test/test2.bag
[372.698s] -- Installing: /home/aldayk/AV-NMP-Motion-Estimation-Mapping/redback_ws/install/robot_localization/share/robot_localization/test/test_ros_robot_localization_listener.yaml
[372.698s] -- Installing: /home/aldayk/AV-NMP-Motion-Estimation-Mapping/redback_ws/install/robot_localization/share/robot_localization/test/test_ukf_localization_node_interfaces.cpp
[372.698s] -- Installing: /home/aldayk/AV-NMP-Motion-Estimation-Mapping/redback_ws/install/robot_localization/share/robot_localization/test/test_ros_robot_localization_listener.launch.py
[372.698s] -- Installing: /home/aldayk/AV-NMP-Motion-Estimation-Mapping/redback_ws/install/robot_localization/share/robot_localization/test/test_ukf_localization_node_bag2.sh
[372.698s] -- Installing: /home/aldayk/AV-NMP-Motion-Estimation-Mapping/redback_ws/install/robot_localization/share/robot_localization/test/test_ukf_localization_node_bag2.yaml
[372.699s] -- Installing: /home/aldayk/AV-NMP-Motion-Estimation-Mapping/redback_ws/install/robot_localization/share/robot_localization/test/test_ukf_localization_node_bag3.launch.py
[372.699s] -- Installing: /home/aldayk/AV-NMP-Motion-Estimation-Mapping/redback_ws/install/robot_localization/share/robot_localization/test/test_ekf_localization_node_interfaces.yaml
[372.699s] -- Installing: /home/aldayk/AV-NMP-Motion-Estimation-Mapping/redback_ws/install/robot_localization/share/robot_localization/test/test_ros_robot_localization_listener.cpp
[372.699s] -- Installing: /home/aldayk/AV-NMP-Motion-Estimation-Mapping/redback_ws/install/robot_localization/share/robot_localization/test/test_ekf_localization_node_interfaces.launch.py
[372.699s] -- Installing: /home/aldayk/AV-NMP-Motion-Estimation-Mapping/redback_ws/install/robot_localization/share/robot_localization/test/test_ukf_localization_node_bag1.launch.py
[372.699s] -- Installing: /home/aldayk/AV-NMP-Motion-Estimation-Mapping/redback_ws/install/robot_localization/share/robot_localization/test/test_ukf_localization_node_bag2.launch.py
[372.699s] -- Installing: /home/aldayk/AV-NMP-Motion-Estimation-Mapping/redback_ws/install/robot_localization/share/robot_localization/test/test_ukf_localization_node_interfaces.yaml
[372.699s] -- Installing: /home/aldayk/AV-NMP-Motion-Estimation-Mapping/redback_ws/install/robot_localization/share/robot_localization/test/test_ukf.cpp
[372.700s] -- Installing: /home/aldayk/AV-NMP-Motion-Estimation-Mapping/redback_ws/install/robot_localization/share/robot_localization/test/test_ukf_localization_node_bag1.yaml
[372.700s] -- Installing: /home/aldayk/AV-NMP-Motion-Estimation-Mapping/redback_ws/install/robot_localization/lib/robot_localization/navsat_transform_node
[372.702s] -- Set runtime path of "/home/aldayk/AV-NMP-Motion-Estimation-Mapping/redback_ws/install/robot_localization/lib/robot_localization/navsat_transform_node" to ""
[372.702s] -- Installing: /home/aldayk/AV-NMP-Motion-Estimation-Mapping/redback_ws/install/robot_localization/lib/robot_localization/ekf_node
[372.706s] -- Set runtime path of "/home/aldayk/AV-NMP-Motion-Estimation-Mapping/redback_ws/install/robot_localization/lib/robot_localization/ekf_node" to ""
[372.706s] -- Installing: /home/aldayk/AV-NMP-Motion-Estimation-Mapping/redback_ws/install/robot_localization/lib/robot_localization/ukf_node
[372.711s] -- Set runtime path of "/home/aldayk/AV-NMP-Motion-Estimation-Mapping/redback_ws/install/robot_localization/lib/robot_localization/ukf_node" to ""
[372.711s] -- Installing: /home/aldayk/AV-NMP-Motion-Estimation-Mapping/redback_ws/install/robot_localization/lib/robot_localization/robot_localization_listener_node
[372.715s] -- Set runtime path of "/home/aldayk/AV-NMP-Motion-Estimation-Mapping/redback_ws/install/robot_localization/lib/robot_localization/robot_localization_listener_node" to ""
[372.715s] -- Installing: /home/aldayk/AV-NMP-Motion-Estimation-Mapping/redback_ws/install/robot_localization/lib/librl_lib.so
[372.860s] -- Set runtime path of "/home/aldayk/AV-NMP-Motion-Estimation-Mapping/redback_ws/install/robot_localization/lib/librl_lib.so" to ""
[372.860s] -- Installing: /home/aldayk/AV-NMP-Motion-Estimation-Mapping/redback_ws/install/robot_localization/share/robot_localization/params
[372.861s] -- Installing: /home/aldayk/AV-NMP-Motion-Estimation-Mapping/redback_ws/install/robot_localization/share/robot_localization/params/ekf.yaml
[372.861s] -- Installing: /home/aldayk/AV-NMP-Motion-Estimation-Mapping/redback_ws/install/robot_localization/share/robot_localization/params/z5208628_ekf.yaml
[372.861s] -- Installing: /home/aldayk/AV-NMP-Motion-Estimation-Mapping/redback_ws/install/robot_localization/share/robot_localization/params/ukf.yaml
[372.861s] -- Installing: /home/aldayk/AV-NMP-Motion-Estimation-Mapping/redback_ws/install/robot_localization/share/robot_localization/params/navsat_transform.yaml
[372.861s] -- Installing: /home/aldayk/AV-NMP-Motion-Estimation-Mapping/redback_ws/install/robot_localization/share/robot_localization/params/dual_ekf_navsat_example.yaml
[372.862s] -- Installing: /home/aldayk/AV-NMP-Motion-Estimation-Mapping/redback_ws/install/robot_localization/share/robot_localization/launch
[372.862s] -- Installing: /home/aldayk/AV-NMP-Motion-Estimation-Mapping/redback_ws/install/robot_localization/share/robot_localization/launch/__pycache__
[372.862s] -- Installing: /home/aldayk/AV-NMP-Motion-Estimation-Mapping/redback_ws/install/robot_localization/share/robot_localization/launch/__pycache__/dual_ekf_navsat_example.launch.cpython-38.pyc
[372.862s] -- Installing: /home/aldayk/AV-NMP-Motion-Estimation-Mapping/redback_ws/install/robot_localization/share/robot_localization/launch/__pycache__/ekf.launch.cpython-38.pyc
[372.862s] -- Installing: /home/aldayk/AV-NMP-Motion-Estimation-Mapping/redback_ws/install/robot_localization/share/robot_localization/launch/ekf.launch.py
[372.862s] -- Installing: /home/aldayk/AV-NMP-Motion-Estimation-Mapping/redback_ws/install/robot_localization/share/robot_localization/launch/navsat_transform.launch.py
[372.863s] -- Installing: /home/aldayk/AV-NMP-Motion-Estimation-Mapping/redback_ws/install/robot_localization/share/robot_localization/launch/ukf.launch.py
[372.863s] -- Installing: /home/aldayk/AV-NMP-Motion-Estimation-Mapping/redback_ws/install/robot_localization/share/robot_localization/launch/dual_ekf_navsat_example.launch.py
[372.863s] -- Installing: /home/aldayk/AV-NMP-Motion-Estimation-Mapping/redback_ws/install/robot_localization/share/ament_index/resource_index/package_run_dependencies/robot_localization
[372.863s] -- Installing: /home/aldayk/AV-NMP-Motion-Estimation-Mapping/redback_ws/install/robot_localization/share/ament_index/resource_index/parent_prefix_path/robot_localization
[372.863s] -- Installing: /home/aldayk/AV-NMP-Motion-Estimation-Mapping/redback_ws/install/robot_localization/share/robot_localization/environment/ament_prefix_path.sh
[372.863s] -- Installing: /home/aldayk/AV-NMP-Motion-Estimation-Mapping/redback_ws/install/robot_localization/share/robot_localization/environment/ament_prefix_path.dsv
[372.863s] -- Installing: /home/aldayk/AV-NMP-Motion-Estimation-Mapping/redback_ws/install/robot_localization/share/robot_localization/environment/path.sh
[372.864s] -- Installing: /home/aldayk/AV-NMP-Motion-Estimation-Mapping/redback_ws/install/robot_localization/share/robot_localization/environment/path.dsv
[372.864s] -- Installing: /home/aldayk/AV-NMP-Motion-Estimation-Mapping/redback_ws/install/robot_localization/share/robot_localization/local_setup.bash
[372.864s] -- Installing: /home/aldayk/AV-NMP-Motion-Estimation-Mapping/redback_ws/install/robot_localization/share/robot_localization/local_setup.sh
[372.864s] -- Installing: /home/aldayk/AV-NMP-Motion-Estimation-Mapping/redback_ws/install/robot_localization/share/robot_localization/local_setup.zsh
[372.864s] -- Installing: /home/aldayk/AV-NMP-Motion-Estimation-Mapping/redback_ws/install/robot_localization/share/robot_localization/local_setup.dsv
[372.864s] -- Installing: /home/aldayk/AV-NMP-Motion-Estimation-Mapping/redback_ws/install/robot_localization/share/robot_localization/package.dsv
[372.864s] -- Installing: /home/aldayk/AV-NMP-Motion-Estimation-Mapping/redback_ws/install/robot_localization/share/ament_index/resource_index/packages/robot_localization
[372.865s] -- Installing: /home/aldayk/AV-NMP-Motion-Estimation-Mapping/redback_ws/install/robot_localization/share/robot_localization/cmake/robot_localization__rosidl_generator_cExport.cmake
[372.865s] -- Installing: /home/aldayk/AV-NMP-Motion-Estimation-Mapping/redback_ws/install/robot_localization/share/robot_localization/cmake/robot_localization__rosidl_generator_cExport-relwithdebinfo.cmake
[372.865s] -- Installing: /home/aldayk/AV-NMP-Motion-Estimation-Mapping/redback_ws/install/robot_localization/share/robot_localization/cmake/robot_localization__rosidl_typesupport_introspection_cExport.cmake
[372.865s] -- Installing: /home/aldayk/AV-NMP-Motion-Estimation-Mapping/redback_ws/install/robot_localization/share/robot_localization/cmake/robot_localization__rosidl_typesupport_introspection_cExport-relwithdebinfo.cmake
[372.866s] -- Installing: /home/aldayk/AV-NMP-Motion-Estimation-Mapping/redback_ws/install/robot_localization/share/robot_localization/cmake/robot_localization__rosidl_typesupport_cExport.cmake
[372.866s] -- Installing: /home/aldayk/AV-NMP-Motion-Estimation-Mapping/redback_ws/install/robot_localization/share/robot_localization/cmake/robot_localization__rosidl_typesupport_cExport-relwithdebinfo.cmake
[372.866s] -- Installing: /home/aldayk/AV-NMP-Motion-Estimation-Mapping/redback_ws/install/robot_localization/share/robot_localization/cmake/robot_localization__rosidl_generator_cppExport.cmake
[372.866s] -- Installing: /home/aldayk/AV-NMP-Motion-Estimation-Mapping/redback_ws/install/robot_localization/share/robot_localization/cmake/robot_localization__rosidl_typesupport_introspection_cppExport.cmake
[372.866s] -- Installing: /home/aldayk/AV-NMP-Motion-Estimation-Mapping/redback_ws/install/robot_localization/share/robot_localization/cmake/robot_localization__rosidl_typesupport_introspection_cppExport-relwithdebinfo.cmake
[372.867s] -- Installing: /home/aldayk/AV-NMP-Motion-Estimation-Mapping/redback_ws/install/robot_localization/share/robot_localization/cmake/robot_localization__rosidl_typesupport_cppExport.cmake
[372.867s] -- Installing: /home/aldayk/AV-NMP-Motion-Estimation-Mapping/redback_ws/install/robot_localization/share/robot_localization/cmake/robot_localization__rosidl_typesupport_cppExport-relwithdebinfo.cmake
[372.867s] -- Installing: /home/aldayk/AV-NMP-Motion-Estimation-Mapping/redback_ws/install/robot_localization/share/robot_localization/cmake/rosidl_cmake-extras.cmake
[372.867s] -- Installing: /home/aldayk/AV-NMP-Motion-Estimation-Mapping/redback_ws/install/robot_localization/share/robot_localization/cmake/ament_cmake_export_dependencies-extras.cmake
[372.868s] -- Installing: /home/aldayk/AV-NMP-Motion-Estimation-Mapping/redback_ws/install/robot_localization/share/robot_localization/cmake/ament_cmake_export_libraries-extras.cmake
[372.868s] -- Installing: /home/aldayk/AV-NMP-Motion-Estimation-Mapping/redback_ws/install/robot_localization/share/robot_localization/cmake/ament_cmake_export_targets-extras.cmake
[372.868s] -- Installing: /home/aldayk/AV-NMP-Motion-Estimation-Mapping/redback_ws/install/robot_localization/share/robot_localization/cmake/ament_cmake_export_include_directories-extras.cmake
[372.868s] -- Installing: /home/aldayk/AV-NMP-Motion-Estimation-Mapping/redback_ws/install/robot_localization/share/robot_localization/cmake/rosidl_cmake_export_typesupport_libraries-extras.cmake
[372.868s] -- Installing: /home/aldayk/AV-NMP-Motion-Estimation-Mapping/redback_ws/install/robot_localization/share/robot_localization/cmake/rosidl_cmake_export_typesupport_targets-extras.cmake
[372.869s] -- Installing: /home/aldayk/AV-NMP-Motion-Estimation-Mapping/redback_ws/install/robot_localization/share/robot_localization/cmake/robot_localizationConfig.cmake
[372.869s] -- Installing: /home/aldayk/AV-NMP-Motion-Estimation-Mapping/redback_ws/install/robot_localization/share/robot_localization/cmake/robot_localizationConfig-version.cmake
[372.869s] -- Installing: /home/aldayk/AV-NMP-Motion-Estimation-Mapping/redback_ws/install/robot_localization/share/robot_localization/package.xml
[372.872s] Invoked command in '/home/aldayk/AV-NMP-Motion-Estimation-Mapping/redback_ws/build/robot_localization' returned '0': CMAKE_PREFIX_PATH=/opt/ros/galactic /usr/bin/cmake --install /home/aldayk/AV-NMP-Motion-Estimation-Mapping/redback_ws/build/robot_localization
